[1.047s] Invoking command in '/home/duy/Experiment/hrc_ws/src/experiment_logger': CMAKE_PREFIX_PATH=/home/duy/Experiment/hrc_ws/install/human_hand_msgs:/home/duy/Experiment/hrc_ws/install/hrc_bringup:/home/duy/kinectv2/install/libfreenect2:/home/duy/kinectv2/install/kinect2_bridge:/home/duy/kinectv2/install/kinect2_registration PYTHONPATH=/home/duy/Experiment/hrc_ws/build/experiment_logger/prefix_override:/usr/lib/python3/dist-packages/colcon_core/task/python/colcon_distutils_commands:/home/duy/Experiment/hrc_ws/install/experiment_logger/lib/python3.10/site-packages:/home/duy/Experiment/hrc_ws/install/human_hand_msgs/local/lib/python3.10/dist-packages:/home/duy/Experiment/hrc_ws/install/trajectory_predictor/lib/python3.10/site-packages:/home/duy/Experiment/hrc_ws/install/predictor_ui/lib/python3.10/site-packages:/home/duy/Experiment/hrc_ws/install/kinect_bridge/lib/python3.10/site-packages:/home/duy/Experiment/hrc_ws/install/experiment_logger/lib/python3.10/site-packages:/opt/ros/humble/lib/python3.10/site-packages:/opt/ros/humble/local/lib/python3.10/dist-packages /usr/bin/python3 -W ignore:setup.py install is deprecated -W ignore:easy_install command is deprecated setup.py egg_info --egg-base ../../build/experiment_logger build --build-base /home/duy/Experiment/hrc_ws/build/experiment_logger/build install --record /home/duy/Experiment/hrc_ws/build/experiment_logger/install.log --single-version-externally-managed install_data
[1.248s] running egg_info
[1.249s] writing ../../build/experiment_logger/experiment_logger.egg-info/PKG-INFO
[1.249s] writing dependency_links to ../../build/experiment_logger/experiment_logger.egg-info/dependency_links.txt
[1.250s] writing entry points to ../../build/experiment_logger/experiment_logger.egg-info/entry_points.txt
[1.250s] writing requirements to ../../build/experiment_logger/experiment_logger.egg-info/requires.txt
[1.250s] writing top-level names to ../../build/experiment_logger/experiment_logger.egg-info/top_level.txt
[1.251s] reading manifest file '../../build/experiment_logger/experiment_logger.egg-info/SOURCES.txt'
[1.251s] writing manifest file '../../build/experiment_logger/experiment_logger.egg-info/SOURCES.txt'
[1.251s] running build
[1.252s] running build_py
[1.252s] copying experiment_logger/logger_node.py -> /home/duy/Experiment/hrc_ws/build/experiment_logger/build/lib/experiment_logger
[1.252s] running install
[1.252s] running install_lib
[1.253s] copying /home/duy/Experiment/hrc_ws/build/experiment_logger/build/lib/experiment_logger/logger_node.py -> /home/duy/Experiment/hrc_ws/install/experiment_logger/lib/python3.10/site-packages/experiment_logger
[1.253s] byte-compiling /home/duy/Experiment/hrc_ws/install/experiment_logger/lib/python3.10/site-packages/experiment_logger/logger_node.py to logger_node.cpython-310.pyc
[1.255s] running install_data
[1.255s] running install_egg_info
[1.257s] removing '/home/duy/Experiment/hrc_ws/install/experiment_logger/lib/python3.10/site-packages/experiment_logger-0.1.0-py3.10.egg-info' (and everything under it)
[1.257s] Copying ../../build/experiment_logger/experiment_logger.egg-info to /home/duy/Experiment/hrc_ws/install/experiment_logger/lib/python3.10/site-packages/experiment_logger-0.1.0-py3.10.egg-info
[1.257s] running install_scripts
[1.276s] Installing logger_node script to /home/duy/Experiment/hrc_ws/install/experiment_logger/lib/experiment_logger
[1.277s] writing list of installed files to '/home/duy/Experiment/hrc_ws/build/experiment_logger/install.log'
[1.308s] Invoked command in '/home/duy/Experiment/hrc_ws/src/experiment_logger' returned '0': CMAKE_PREFIX_PATH=/home/duy/Experiment/hrc_ws/install/human_hand_msgs:/home/duy/Experiment/hrc_ws/install/hrc_bringup:/home/duy/kinectv2/install/libfreenect2:/home/duy/kinectv2/install/kinect2_bridge:/home/duy/kinectv2/install/kinect2_registration PYTHONPATH=/home/duy/Experiment/hrc_ws/build/experiment_logger/prefix_override:/usr/lib/python3/dist-packages/colcon_core/task/python/colcon_distutils_commands:/home/duy/Experiment/hrc_ws/install/experiment_logger/lib/python3.10/site-packages:/home/duy/Experiment/hrc_ws/install/human_hand_msgs/local/lib/python3.10/dist-packages:/home/duy/Experiment/hrc_ws/install/trajectory_predictor/lib/python3.10/site-packages:/home/duy/Experiment/hrc_ws/install/predictor_ui/lib/python3.10/site-packages:/home/duy/Experiment/hrc_ws/install/kinect_bridge/lib/python3.10/site-packages:/home/duy/Experiment/hrc_ws/install/experiment_logger/lib/python3.10/site-packages:/opt/ros/humble/lib/python3.10/site-packages:/opt/ros/humble/local/lib/python3.10/dist-packages /usr/bin/python3 -W ignore:setup.py install is deprecated -W ignore:easy_install command is deprecated setup.py egg_info --egg-base ../../build/experiment_logger build --build-base /home/duy/Experiment/hrc_ws/build/experiment_logger/build install --record /home/duy/Experiment/hrc_ws/build/experiment_logger/install.log --single-version-externally-managed install_data
