[0.075s] DEBUG:colcon:Command line arguments: ['/usr/bin/colcon', 'build', '--symlink-install']
[0.075s] DEBUG:colcon:Parsed command line arguments: Namespace(log_base=None, log_level=None, verb_name='build', build_base='build', install_base='install', merge_install=False, symlink_install=True, test_result_base=None, continue_on_error=False, executor='parallel', parallel_workers=16, event_handlers=None, ignore_user_meta=False, metas=['./colcon.meta'], base_paths=['.'], packages_ignore=None, packages_ignore_regex=None, paths=None, packages_up_to=None, packages_up_to_regex=None, packages_above=None, packages_above_and_dependencies=None, packages_above_depth=None, packages_select_by_dep=None, packages_skip_by_dep=None, packages_skip_up_to=None, packages_select_build_failed=False, packages_skip_build_finished=False, packages_select_test_failures=False, packages_skip_test_passed=False, packages_select=None, packages_skip=None, packages_select_regex=None, packages_skip_regex=None, packages_start=None, packages_end=None, allow_overriding=[], cmake_args=None, cmake_target=None, cmake_target_skip_unavailable=False, cmake_clean_cache=False, cmake_clean_first=False, cmake_force_configure=False, ament_cmake_args=None, catkin_cmake_args=None, catkin_skip_building_tests=False, verb_parser=<colcon_defaults.argument_parser.defaults.DefaultArgumentsDecorator object at 0x758b9ceca7a0>, verb_extension=<colcon_core.verb.build.BuildVerb object at 0x758b9cfbbbb0>, main=<bound method BuildVerb.main of <colcon_core.verb.build.BuildVerb object at 0x758b9cfbbbb0>>)
[0.187s] Level 1:colcon.colcon_core.package_discovery:discover_packages(colcon_meta) check parameters
[0.187s] Level 1:colcon.colcon_core.package_discovery:discover_packages(recursive) check parameters
[0.187s] Level 1:colcon.colcon_core.package_discovery:discover_packages(ignore) check parameters
[0.187s] Level 1:colcon.colcon_core.package_discovery:discover_packages(path) check parameters
[0.187s] Level 1:colcon.colcon_core.package_discovery:discover_packages(colcon_meta) discover
[0.187s] Level 1:colcon.colcon_core.package_discovery:discover_packages(recursive) discover
[0.188s] INFO:colcon.colcon_core.package_discovery:Crawling recursively for packages in '/home/duy/Experiment/hrc_ws'
[0.188s] Level 1:colcon.colcon_core.package_identification:_identify(.) by extensions ['ignore', 'ignore_ament_install']
[0.188s] Level 1:colcon.colcon_core.package_identification:_identify(.) by extension 'ignore'
[0.188s] Level 1:colcon.colcon_core.package_identification:_identify(.) by extension 'ignore_ament_install'
[0.188s] Level 1:colcon.colcon_core.package_identification:_identify(.) by extensions ['colcon_pkg']
[0.188s] Level 1:colcon.colcon_core.package_identification:_identify(.) by extension 'colcon_pkg'
[0.188s] Level 1:colcon.colcon_core.package_identification:_identify(.) by extensions ['colcon_meta']
[0.188s] Level 1:colcon.colcon_core.package_identification:_identify(.) by extension 'colcon_meta'
[0.188s] Level 1:colcon.colcon_core.package_identification:_identify(.) by extensions ['ros']
[0.188s] Level 1:colcon.colcon_core.package_identification:_identify(.) by extension 'ros'
[0.196s] Level 1:colcon.colcon_core.package_identification:_identify(.) by extensions ['cmake', 'python']
[0.196s] Level 1:colcon.colcon_core.package_identification:_identify(.) by extension 'cmake'
[0.196s] Level 1:colcon.colcon_core.package_identification:_identify(.) by extension 'python'
[0.196s] Level 1:colcon.colcon_core.package_identification:_identify(.) by extensions ['python_setup_py']
[0.196s] Level 1:colcon.colcon_core.package_identification:_identify(.) by extension 'python_setup_py'
[0.196s] Level 1:colcon.colcon_core.package_identification:_identify(build) by extensions ['ignore', 'ignore_ament_install']
[0.196s] Level 1:colcon.colcon_core.package_identification:_identify(build) by extension 'ignore'
[0.196s] Level 1:colcon.colcon_core.package_identification:_identify(build) ignored
[0.196s] Level 1:colcon.colcon_core.package_identification:_identify(install) by extensions ['ignore', 'ignore_ament_install']
[0.196s] Level 1:colcon.colcon_core.package_identification:_identify(install) by extension 'ignore'
[0.196s] Level 1:colcon.colcon_core.package_identification:_identify(install) ignored
[0.196s] Level 1:colcon.colcon_core.package_identification:_identify(log) by extensions ['ignore', 'ignore_ament_install']
[0.196s] Level 1:colcon.colcon_core.package_identification:_identify(log) by extension 'ignore'
[0.196s] Level 1:colcon.colcon_core.package_identification:_identify(log) ignored
[0.196s] Level 1:colcon.colcon_core.package_identification:_identify(src) by extensions ['ignore', 'ignore_ament_install']
[0.196s] Level 1:colcon.colcon_core.package_identification:_identify(src) by extension 'ignore'
[0.196s] Level 1:colcon.colcon_core.package_identification:_identify(src) by extension 'ignore_ament_install'
[0.196s] Level 1:colcon.colcon_core.package_identification:_identify(src) by extensions ['colcon_pkg']
[0.196s] Level 1:colcon.colcon_core.package_identification:_identify(src) by extension 'colcon_pkg'
[0.197s] Level 1:colcon.colcon_core.package_identification:_identify(src) by extensions ['colcon_meta']
[0.197s] Level 1:colcon.colcon_core.package_identification:_identify(src) by extension 'colcon_meta'
[0.197s] Level 1:colcon.colcon_core.package_identification:_identify(src) by extensions ['ros']
[0.197s] Level 1:colcon.colcon_core.package_identification:_identify(src) by extension 'ros'
[0.197s] Level 1:colcon.colcon_core.package_identification:_identify(src) by extensions ['cmake', 'python']
[0.197s] Level 1:colcon.colcon_core.package_identification:_identify(src) by extension 'cmake'
[0.197s] Level 1:colcon.colcon_core.package_identification:_identify(src) by extension 'python'
[0.197s] Level 1:colcon.colcon_core.package_identification:_identify(src) by extensions ['python_setup_py']
[0.197s] Level 1:colcon.colcon_core.package_identification:_identify(src) by extension 'python_setup_py'
[0.197s] Level 1:colcon.colcon_core.package_identification:_identify(src/experiment_logger) by extensions ['ignore', 'ignore_ament_install']
[0.197s] Level 1:colcon.colcon_core.package_identification:_identify(src/experiment_logger) by extension 'ignore'
[0.197s] Level 1:colcon.colcon_core.package_identification:_identify(src/experiment_logger) by extension 'ignore_ament_install'
[0.197s] Level 1:colcon.colcon_core.package_identification:_identify(src/experiment_logger) by extensions ['colcon_pkg']
[0.197s] Level 1:colcon.colcon_core.package_identification:_identify(src/experiment_logger) by extension 'colcon_pkg'
[0.197s] Level 1:colcon.colcon_core.package_identification:_identify(src/experiment_logger) by extensions ['colcon_meta']
[0.197s] Level 1:colcon.colcon_core.package_identification:_identify(src/experiment_logger) by extension 'colcon_meta'
[0.197s] Level 1:colcon.colcon_core.package_identification:_identify(src/experiment_logger) by extensions ['ros']
[0.197s] Level 1:colcon.colcon_core.package_identification:_identify(src/experiment_logger) by extension 'ros'
[0.199s] DEBUG:colcon.colcon_core.package_identification:Package 'src/experiment_logger' with type 'ros.ament_python' and name 'experiment_logger'
[0.199s] Level 1:colcon.colcon_core.package_identification:_identify(src/hrc_bringup) by extensions ['ignore', 'ignore_ament_install']
[0.199s] Level 1:colcon.colcon_core.package_identification:_identify(src/hrc_bringup) by extension 'ignore'
[0.199s] Level 1:colcon.colcon_core.package_identification:_identify(src/hrc_bringup) by extension 'ignore_ament_install'
[0.199s] Level 1:colcon.colcon_core.package_identification:_identify(src/hrc_bringup) by extensions ['colcon_pkg']
[0.199s] Level 1:colcon.colcon_core.package_identification:_identify(src/hrc_bringup) by extension 'colcon_pkg'
[0.199s] Level 1:colcon.colcon_core.package_identification:_identify(src/hrc_bringup) by extensions ['colcon_meta']
[0.199s] Level 1:colcon.colcon_core.package_identification:_identify(src/hrc_bringup) by extension 'colcon_meta'
[0.199s] Level 1:colcon.colcon_core.package_identification:_identify(src/hrc_bringup) by extensions ['ros']
[0.199s] Level 1:colcon.colcon_core.package_identification:_identify(src/hrc_bringup) by extension 'ros'
[0.199s] DEBUG:colcon.colcon_core.package_identification:Package 'src/hrc_bringup' with type 'ros.ament_cmake' and name 'hrc_bringup'
[0.199s] Level 1:colcon.colcon_core.package_identification:_identify(src/human_hand_msgs) by extensions ['ignore', 'ignore_ament_install']
[0.199s] Level 1:colcon.colcon_core.package_identification:_identify(src/human_hand_msgs) by extension 'ignore'
[0.199s] Level 1:colcon.colcon_core.package_identification:_identify(src/human_hand_msgs) by extension 'ignore_ament_install'
[0.200s] Level 1:colcon.colcon_core.package_identification:_identify(src/human_hand_msgs) by extensions ['colcon_pkg']
[0.200s] Level 1:colcon.colcon_core.package_identification:_identify(src/human_hand_msgs) by extension 'colcon_pkg'
[0.200s] Level 1:colcon.colcon_core.package_identification:_identify(src/human_hand_msgs) by extensions ['colcon_meta']
[0.200s] Level 1:colcon.colcon_core.package_identification:_identify(src/human_hand_msgs) by extension 'colcon_meta'
[0.200s] Level 1:colcon.colcon_core.package_identification:_identify(src/human_hand_msgs) by extensions ['ros']
[0.200s] Level 1:colcon.colcon_core.package_identification:_identify(src/human_hand_msgs) by extension 'ros'
[0.206s] DEBUG:colcon.colcon_core.package_identification:Package 'src/human_hand_msgs' with type 'ros.catkin' and name 'human_hand_msgs'
[0.206s] Level 1:colcon.colcon_core.package_identification:_identify(src/kinect_bridge) by extensions ['ignore', 'ignore_ament_install']
[0.206s] Level 1:colcon.colcon_core.package_identification:_identify(src/kinect_bridge) by extension 'ignore'
[0.206s] Level 1:colcon.colcon_core.package_identification:_identify(src/kinect_bridge) by extension 'ignore_ament_install'
[0.206s] Level 1:colcon.colcon_core.package_identification:_identify(src/kinect_bridge) by extensions ['colcon_pkg']
[0.206s] Level 1:colcon.colcon_core.package_identification:_identify(src/kinect_bridge) by extension 'colcon_pkg'
[0.206s] Level 1:colcon.colcon_core.package_identification:_identify(src/kinect_bridge) by extensions ['colcon_meta']
[0.206s] Level 1:colcon.colcon_core.package_identification:_identify(src/kinect_bridge) by extension 'colcon_meta'
[0.206s] Level 1:colcon.colcon_core.package_identification:_identify(src/kinect_bridge) by extensions ['ros']
[0.206s] Level 1:colcon.colcon_core.package_identification:_identify(src/kinect_bridge) by extension 'ros'
[0.207s] DEBUG:colcon.colcon_core.package_identification:Package 'src/kinect_bridge' with type 'ros.ament_python' and name 'kinect_bridge'
[0.207s] Level 1:colcon.colcon_core.package_identification:_identify(src/predictor_ui) by extensions ['ignore', 'ignore_ament_install']
[0.207s] Level 1:colcon.colcon_core.package_identification:_identify(src/predictor_ui) by extension 'ignore'
[0.207s] Level 1:colcon.colcon_core.package_identification:_identify(src/predictor_ui) by extension 'ignore_ament_install'
[0.207s] Level 1:colcon.colcon_core.package_identification:_identify(src/predictor_ui) by extensions ['colcon_pkg']
[0.207s] Level 1:colcon.colcon_core.package_identification:_identify(src/predictor_ui) by extension 'colcon_pkg'
[0.207s] Level 1:colcon.colcon_core.package_identification:_identify(src/predictor_ui) by extensions ['colcon_meta']
[0.207s] Level 1:colcon.colcon_core.package_identification:_identify(src/predictor_ui) by extension 'colcon_meta'
[0.207s] Level 1:colcon.colcon_core.package_identification:_identify(src/predictor_ui) by extensions ['ros']
[0.207s] Level 1:colcon.colcon_core.package_identification:_identify(src/predictor_ui) by extension 'ros'
[0.207s] DEBUG:colcon.colcon_core.package_identification:Package 'src/predictor_ui' with type 'ros.ament_python' and name 'predictor_ui'
[0.207s] Level 1:colcon.colcon_core.package_identification:_identify(src/trajectory_predictor) by extensions ['ignore', 'ignore_ament_install']
[0.207s] Level 1:colcon.colcon_core.package_identification:_identify(src/trajectory_predictor) by extension 'ignore'
[0.208s] Level 1:colcon.colcon_core.package_identification:_identify(src/trajectory_predictor) by extension 'ignore_ament_install'
[0.208s] Level 1:colcon.colcon_core.package_identification:_identify(src/trajectory_predictor) by extensions ['colcon_pkg']
[0.208s] Level 1:colcon.colcon_core.package_identification:_identify(src/trajectory_predictor) by extension 'colcon_pkg'
[0.208s] Level 1:colcon.colcon_core.package_identification:_identify(src/trajectory_predictor) by extensions ['colcon_meta']
[0.208s] Level 1:colcon.colcon_core.package_identification:_identify(src/trajectory_predictor) by extension 'colcon_meta'
[0.208s] Level 1:colcon.colcon_core.package_identification:_identify(src/trajectory_predictor) by extensions ['ros']
[0.208s] Level 1:colcon.colcon_core.package_identification:_identify(src/trajectory_predictor) by extension 'ros'
[0.208s] DEBUG:colcon.colcon_core.package_identification:Package 'src/trajectory_predictor' with type 'ros.ament_python' and name 'trajectory_predictor'
[0.208s] Level 1:colcon.colcon_core.package_discovery:discover_packages(recursive) using defaults
[0.208s] Level 1:colcon.colcon_core.package_discovery:discover_packages(ignore) discover
[0.208s] Level 1:colcon.colcon_core.package_discovery:discover_packages(ignore) using defaults
[0.208s] Level 1:colcon.colcon_core.package_discovery:discover_packages(path) discover
[0.208s] Level 1:colcon.colcon_core.package_discovery:discover_packages(path) using defaults
[0.222s] Level 1:colcon.colcon_core.package_discovery:discover_packages(prefix_path) check parameters
[0.222s] Level 1:colcon.colcon_core.package_discovery:discover_packages(prefix_path) discover
[0.224s] DEBUG:colcon.colcon_installed_package_information.package_discovery:Found 6 installed packages in /home/duy/Experiment/hrc_ws/install
[0.224s] DEBUG:colcon.colcon_installed_package_information.package_discovery:Found 3 installed packages in /home/duy/kinectv2/install
[0.225s] DEBUG:colcon.colcon_installed_package_information.package_discovery:Found 358 installed packages in /opt/ros/humble
[0.226s] Level 1:colcon.colcon_core.package_discovery:discover_packages(prefix_path) using defaults
[0.255s] Level 5:colcon.colcon_core.verb:set package 'human_hand_msgs' build argument 'cmake_args' from command line to 'None'
[0.255s] Level 5:colcon.colcon_core.verb:set package 'human_hand_msgs' build argument 'cmake_target' from command line to 'None'
[0.255s] Level 5:colcon.colcon_core.verb:set package 'human_hand_msgs' build argument 'cmake_target_skip_unavailable' from command line to 'False'
[0.255s] Level 5:colcon.colcon_core.verb:set package 'human_hand_msgs' build argument 'cmake_clean_cache' from command line to 'False'
[0.255s] Level 5:colcon.colcon_core.verb:set package 'human_hand_msgs' build argument 'cmake_clean_first' from command line to 'False'
[0.255s] Level 5:colcon.colcon_core.verb:set package 'human_hand_msgs' build argument 'cmake_force_configure' from command line to 'False'
[0.255s] Level 5:colcon.colcon_core.verb:set package 'human_hand_msgs' build argument 'ament_cmake_args' from command line to 'None'
[0.255s] Level 5:colcon.colcon_core.verb:set package 'human_hand_msgs' build argument 'catkin_cmake_args' from command line to 'None'
[0.255s] Level 5:colcon.colcon_core.verb:set package 'human_hand_msgs' build argument 'catkin_skip_building_tests' from command line to 'False'
[0.255s] DEBUG:colcon.colcon_core.verb:Building package 'human_hand_msgs' with the following arguments: {'ament_cmake_args': None, 'build_base': '/home/duy/Experiment/hrc_ws/build/human_hand_msgs', 'catkin_cmake_args': None, 'catkin_skip_building_tests': False, 'cmake_args': None, 'cmake_clean_cache': False, 'cmake_clean_first': False, 'cmake_force_configure': False, 'cmake_target': None, 'cmake_target_skip_unavailable': False, 'install_base': '/home/duy/Experiment/hrc_ws/install/human_hand_msgs', 'merge_install': False, 'path': '/home/duy/Experiment/hrc_ws/src/human_hand_msgs', 'symlink_install': True, 'test_result_base': None}
[0.256s] Level 5:colcon.colcon_core.verb:set package 'experiment_logger' build argument 'cmake_args' from command line to 'None'
[0.256s] Level 5:colcon.colcon_core.verb:set package 'experiment_logger' build argument 'cmake_target' from command line to 'None'
[0.256s] Level 5:colcon.colcon_core.verb:set package 'experiment_logger' build argument 'cmake_target_skip_unavailable' from command line to 'False'
[0.256s] Level 5:colcon.colcon_core.verb:set package 'experiment_logger' build argument 'cmake_clean_cache' from command line to 'False'
[0.256s] Level 5:colcon.colcon_core.verb:set package 'experiment_logger' build argument 'cmake_clean_first' from command line to 'False'
[0.256s] Level 5:colcon.colcon_core.verb:set package 'experiment_logger' build argument 'cmake_force_configure' from command line to 'False'
[0.256s] Level 5:colcon.colcon_core.verb:set package 'experiment_logger' build argument 'ament_cmake_args' from command line to 'None'
[0.256s] Level 5:colcon.colcon_core.verb:set package 'experiment_logger' build argument 'catkin_cmake_args' from command line to 'None'
[0.256s] Level 5:colcon.colcon_core.verb:set package 'experiment_logger' build argument 'catkin_skip_building_tests' from command line to 'False'
[0.256s] DEBUG:colcon.colcon_core.verb:Building package 'experiment_logger' with the following arguments: {'ament_cmake_args': None, 'build_base': '/home/duy/Experiment/hrc_ws/build/experiment_logger', 'catkin_cmake_args': None, 'catkin_skip_building_tests': False, 'cmake_args': None, 'cmake_clean_cache': False, 'cmake_clean_first': False, 'cmake_force_configure': False, 'cmake_target': None, 'cmake_target_skip_unavailable': False, 'install_base': '/home/duy/Experiment/hrc_ws/install/experiment_logger', 'merge_install': False, 'path': '/home/duy/Experiment/hrc_ws/src/experiment_logger', 'symlink_install': True, 'test_result_base': None}
[0.256s] Level 5:colcon.colcon_core.verb:set package 'kinect_bridge' build argument 'cmake_args' from command line to 'None'
[0.256s] Level 5:colcon.colcon_core.verb:set package 'kinect_bridge' build argument 'cmake_target' from command line to 'None'
[0.256s] Level 5:colcon.colcon_core.verb:set package 'kinect_bridge' build argument 'cmake_target_skip_unavailable' from command line to 'False'
[0.256s] Level 5:colcon.colcon_core.verb:set package 'kinect_bridge' build argument 'cmake_clean_cache' from command line to 'False'
[0.256s] Level 5:colcon.colcon_core.verb:set package 'kinect_bridge' build argument 'cmake_clean_first' from command line to 'False'
[0.256s] Level 5:colcon.colcon_core.verb:set package 'kinect_bridge' build argument 'cmake_force_configure' from command line to 'False'
[0.256s] Level 5:colcon.colcon_core.verb:set package 'kinect_bridge' build argument 'ament_cmake_args' from command line to 'None'
[0.256s] Level 5:colcon.colcon_core.verb:set package 'kinect_bridge' build argument 'catkin_cmake_args' from command line to 'None'
[0.256s] Level 5:colcon.colcon_core.verb:set package 'kinect_bridge' build argument 'catkin_skip_building_tests' from command line to 'False'
[0.256s] DEBUG:colcon.colcon_core.verb:Building package 'kinect_bridge' with the following arguments: {'ament_cmake_args': None, 'build_base': '/home/duy/Experiment/hrc_ws/build/kinect_bridge', 'catkin_cmake_args': None, 'catkin_skip_building_tests': False, 'cmake_args': None, 'cmake_clean_cache': False, 'cmake_clean_first': False, 'cmake_force_configure': False, 'cmake_target': None, 'cmake_target_skip_unavailable': False, 'install_base': '/home/duy/Experiment/hrc_ws/install/kinect_bridge', 'merge_install': False, 'path': '/home/duy/Experiment/hrc_ws/src/kinect_bridge', 'symlink_install': True, 'test_result_base': None}
[0.256s] Level 5:colcon.colcon_core.verb:set package 'predictor_ui' build argument 'cmake_args' from command line to 'None'
[0.256s] Level 5:colcon.colcon_core.verb:set package 'predictor_ui' build argument 'cmake_target' from command line to 'None'
[0.256s] Level 5:colcon.colcon_core.verb:set package 'predictor_ui' build argument 'cmake_target_skip_unavailable' from command line to 'False'
[0.256s] Level 5:colcon.colcon_core.verb:set package 'predictor_ui' build argument 'cmake_clean_cache' from command line to 'False'
[0.256s] Level 5:colcon.colcon_core.verb:set package 'predictor_ui' build argument 'cmake_clean_first' from command line to 'False'
[0.256s] Level 5:colcon.colcon_core.verb:set package 'predictor_ui' build argument 'cmake_force_configure' from command line to 'False'
[0.256s] Level 5:colcon.colcon_core.verb:set package 'predictor_ui' build argument 'ament_cmake_args' from command line to 'None'
[0.256s] Level 5:colcon.colcon_core.verb:set package 'predictor_ui' build argument 'catkin_cmake_args' from command line to 'None'
[0.256s] Level 5:colcon.colcon_core.verb:set package 'predictor_ui' build argument 'catkin_skip_building_tests' from command line to 'False'
[0.256s] DEBUG:colcon.colcon_core.verb:Building package 'predictor_ui' with the following arguments: {'ament_cmake_args': None, 'build_base': '/home/duy/Experiment/hrc_ws/build/predictor_ui', 'catkin_cmake_args': None, 'catkin_skip_building_tests': False, 'cmake_args': None, 'cmake_clean_cache': False, 'cmake_clean_first': False, 'cmake_force_configure': False, 'cmake_target': None, 'cmake_target_skip_unavailable': False, 'install_base': '/home/duy/Experiment/hrc_ws/install/predictor_ui', 'merge_install': False, 'path': '/home/duy/Experiment/hrc_ws/src/predictor_ui', 'symlink_install': True, 'test_result_base': None}
[0.257s] Level 5:colcon.colcon_core.verb:set package 'trajectory_predictor' build argument 'cmake_args' from command line to 'None'
[0.257s] Level 5:colcon.colcon_core.verb:set package 'trajectory_predictor' build argument 'cmake_target' from command line to 'None'
[0.257s] Level 5:colcon.colcon_core.verb:set package 'trajectory_predictor' build argument 'cmake_target_skip_unavailable' from command line to 'False'
[0.257s] Level 5:colcon.colcon_core.verb:set package 'trajectory_predictor' build argument 'cmake_clean_cache' from command line to 'False'
[0.257s] Level 5:colcon.colcon_core.verb:set package 'trajectory_predictor' build argument 'cmake_clean_first' from command line to 'False'
[0.257s] Level 5:colcon.colcon_core.verb:set package 'trajectory_predictor' build argument 'cmake_force_configure' from command line to 'False'
[0.257s] Level 5:colcon.colcon_core.verb:set package 'trajectory_predictor' build argument 'ament_cmake_args' from command line to 'None'
[0.257s] Level 5:colcon.colcon_core.verb:set package 'trajectory_predictor' build argument 'catkin_cmake_args' from command line to 'None'
[0.257s] Level 5:colcon.colcon_core.verb:set package 'trajectory_predictor' build argument 'catkin_skip_building_tests' from command line to 'False'
[0.257s] DEBUG:colcon.colcon_core.verb:Building package 'trajectory_predictor' with the following arguments: {'ament_cmake_args': None, 'build_base': '/home/duy/Experiment/hrc_ws/build/trajectory_predictor', 'catkin_cmake_args': None, 'catkin_skip_building_tests': False, 'cmake_args': None, 'cmake_clean_cache': False, 'cmake_clean_first': False, 'cmake_force_configure': False, 'cmake_target': None, 'cmake_target_skip_unavailable': False, 'install_base': '/home/duy/Experiment/hrc_ws/install/trajectory_predictor', 'merge_install': False, 'path': '/home/duy/Experiment/hrc_ws/src/trajectory_predictor', 'symlink_install': True, 'test_result_base': None}
[0.257s] Level 5:colcon.colcon_core.verb:set package 'hrc_bringup' build argument 'cmake_args' from command line to 'None'
[0.257s] Level 5:colcon.colcon_core.verb:set package 'hrc_bringup' build argument 'cmake_target' from command line to 'None'
[0.257s] Level 5:colcon.colcon_core.verb:set package 'hrc_bringup' build argument 'cmake_target_skip_unavailable' from command line to 'False'
[0.257s] Level 5:colcon.colcon_core.verb:set package 'hrc_bringup' build argument 'cmake_clean_cache' from command line to 'False'
[0.257s] Level 5:colcon.colcon_core.verb:set package 'hrc_bringup' build argument 'cmake_clean_first' from command line to 'False'
[0.257s] Level 5:colcon.colcon_core.verb:set package 'hrc_bringup' build argument 'cmake_force_configure' from command line to 'False'
[0.257s] Level 5:colcon.colcon_core.verb:set package 'hrc_bringup' build argument 'ament_cmake_args' from command line to 'None'
[0.257s] Level 5:colcon.colcon_core.verb:set package 'hrc_bringup' build argument 'catkin_cmake_args' from command line to 'None'
[0.257s] Level 5:colcon.colcon_core.verb:set package 'hrc_bringup' build argument 'catkin_skip_building_tests' from command line to 'False'
[0.257s] DEBUG:colcon.colcon_core.verb:Building package 'hrc_bringup' with the following arguments: {'ament_cmake_args': None, 'build_base': '/home/duy/Experiment/hrc_ws/build/hrc_bringup', 'catkin_cmake_args': None, 'catkin_skip_building_tests': False, 'cmake_args': None, 'cmake_clean_cache': False, 'cmake_clean_first': False, 'cmake_force_configure': False, 'cmake_target': None, 'cmake_target_skip_unavailable': False, 'install_base': '/home/duy/Experiment/hrc_ws/install/hrc_bringup', 'merge_install': False, 'path': '/home/duy/Experiment/hrc_ws/src/hrc_bringup', 'symlink_install': True, 'test_result_base': None}
[0.257s] INFO:colcon.colcon_core.executor:Executing jobs using 'parallel' executor
[0.258s] DEBUG:colcon.colcon_parallel_executor.executor.parallel:run_until_complete
[0.258s] INFO:colcon.colcon_ros.task.catkin.build:Building ROS package in '/home/duy/Experiment/hrc_ws/src/human_hand_msgs' with build type 'catkin'
[0.258s] INFO:colcon.colcon_cmake.task.cmake.build:Building CMake package in '/home/duy/Experiment/hrc_ws/src/human_hand_msgs'
[0.260s] INFO:colcon.colcon_core.plugin_system:Skipping extension 'colcon_core.shell.bat': Not used on non-Windows systems
[0.260s] INFO:colcon.colcon_core.shell:Skip shell extension 'powershell' for command environment: Not usable outside of PowerShell
[0.260s] DEBUG:colcon.colcon_core.shell:Skip shell extension 'dsv' for command environment
[0.269s] DEBUG:colcon.colcon_core.event_handler.log_command:Invoking command in '/home/duy/Experiment/hrc_ws/build/human_hand_msgs': /usr/bin/cmake --build /home/duy/Experiment/hrc_ws/build/human_hand_msgs -- -j16 -l16
[0.609s] DEBUG:colcon.colcon_core.event_handler.log_command:Invoked command in '/home/duy/Experiment/hrc_ws/build/human_hand_msgs' returned '0': /usr/bin/cmake --build /home/duy/Experiment/hrc_ws/build/human_hand_msgs -- -j16 -l16
[0.619s] DEBUG:colcon.colcon_core.event_handler.log_command:Invoking command in '/home/duy/Experiment/hrc_ws/build/human_hand_msgs': /usr/bin/cmake --install /home/duy/Experiment/hrc_ws/build/human_hand_msgs
[0.677s] DEBUG:colcon.colcon_core.event_handler.log_command:Invoked command in '/home/duy/Experiment/hrc_ws/build/human_hand_msgs' returned '0': /usr/bin/cmake --install /home/duy/Experiment/hrc_ws/build/human_hand_msgs
[0.677s] Level 1:colcon.colcon_core.shell:create_environment_hook('human_hand_msgs', 'ros_package_path')
[0.677s] INFO:colcon.colcon_core.shell:Creating environment hook '/home/duy/Experiment/hrc_ws/install/human_hand_msgs/share/human_hand_msgs/hook/ros_package_path.ps1'
[0.678s] INFO:colcon.colcon_core.shell:Creating environment descriptor '/home/duy/Experiment/hrc_ws/install/human_hand_msgs/share/human_hand_msgs/hook/ros_package_path.dsv'
[0.679s] INFO:colcon.colcon_core.shell:Creating environment hook '/home/duy/Experiment/hrc_ws/install/human_hand_msgs/share/human_hand_msgs/hook/ros_package_path.sh'
[0.680s] Level 1:colcon.colcon_ros.task.catkin:checking '/home/duy/Experiment/hrc_ws/install/human_hand_msgs/local/lib/python3.10/dist-packages'
[0.680s] Level 1:colcon.colcon_core.shell:create_environment_hook('human_hand_msgs', 'catkin_pythonpath')
[0.681s] INFO:colcon.colcon_core.shell:Creating environment hook '/home/duy/Experiment/hrc_ws/install/human_hand_msgs/share/human_hand_msgs/hook/catkin_pythonpath.ps1'
[0.681s] INFO:colcon.colcon_core.shell:Creating environment descriptor '/home/duy/Experiment/hrc_ws/install/human_hand_msgs/share/human_hand_msgs/hook/catkin_pythonpath.dsv'
[0.682s] INFO:colcon.colcon_core.shell:Creating environment hook '/home/duy/Experiment/hrc_ws/install/human_hand_msgs/share/human_hand_msgs/hook/catkin_pythonpath.sh'
[0.683s] Level 1:colcon.colcon_core.shell:create_environment_hook('human_hand_msgs', 'pkg_config_path')
[0.683s] INFO:colcon.colcon_core.shell:Creating environment hook '/home/duy/Experiment/hrc_ws/install/human_hand_msgs/share/human_hand_msgs/hook/pkg_config_path.ps1'
[0.683s] INFO:colcon.colcon_core.shell:Creating environment descriptor '/home/duy/Experiment/hrc_ws/install/human_hand_msgs/share/human_hand_msgs/hook/pkg_config_path.dsv'
[0.684s] INFO:colcon.colcon_core.shell:Creating environment hook '/home/duy/Experiment/hrc_ws/install/human_hand_msgs/share/human_hand_msgs/hook/pkg_config_path.sh'
[0.688s] Level 1:colcon.colcon_core.shell:create_environment_hook('human_hand_msgs', 'pkg_config_path_multiarch')
[0.689s] INFO:colcon.colcon_core.shell:Creating environment hook '/home/duy/Experiment/hrc_ws/install/human_hand_msgs/share/human_hand_msgs/hook/pkg_config_path_multiarch.ps1'
[0.689s] INFO:colcon.colcon_core.shell:Creating environment descriptor '/home/duy/Experiment/hrc_ws/install/human_hand_msgs/share/human_hand_msgs/hook/pkg_config_path_multiarch.dsv'
[0.690s] INFO:colcon.colcon_core.shell:Creating environment hook '/home/duy/Experiment/hrc_ws/install/human_hand_msgs/share/human_hand_msgs/hook/pkg_config_path_multiarch.sh'
[0.691s] Level 1:colcon.colcon_core.environment:create_environment_scripts_only(human_hand_msgs)
[0.694s] Level 1:colcon.colcon_core.environment:checking '/home/duy/Experiment/hrc_ws/install/human_hand_msgs' for CMake module files
[0.695s] Level 1:colcon.colcon_core.environment:checking '/home/duy/Experiment/hrc_ws/install/human_hand_msgs' for CMake config files
[0.696s] Level 1:colcon.colcon_core.shell:create_environment_hook('human_hand_msgs', 'cmake_prefix_path')
[0.696s] INFO:colcon.colcon_core.shell:Creating environment hook '/home/duy/Experiment/hrc_ws/install/human_hand_msgs/share/human_hand_msgs/hook/cmake_prefix_path.ps1'
[0.697s] INFO:colcon.colcon_core.shell:Creating environment descriptor '/home/duy/Experiment/hrc_ws/install/human_hand_msgs/share/human_hand_msgs/hook/cmake_prefix_path.dsv'
[0.698s] INFO:colcon.colcon_core.shell:Creating environment hook '/home/duy/Experiment/hrc_ws/install/human_hand_msgs/share/human_hand_msgs/hook/cmake_prefix_path.sh'
[0.698s] Level 1:colcon.colcon_core.environment:checking '/home/duy/Experiment/hrc_ws/install/human_hand_msgs/lib'
[0.699s] Level 1:colcon.colcon_core.shell:create_environment_hook('human_hand_msgs', 'ld_library_path_lib')
[0.699s] INFO:colcon.colcon_core.shell:Creating environment hook '/home/duy/Experiment/hrc_ws/install/human_hand_msgs/share/human_hand_msgs/hook/ld_library_path_lib.ps1'
[0.700s] INFO:colcon.colcon_core.shell:Creating environment descriptor '/home/duy/Experiment/hrc_ws/install/human_hand_msgs/share/human_hand_msgs/hook/ld_library_path_lib.dsv'
[0.700s] INFO:colcon.colcon_core.shell:Creating environment hook '/home/duy/Experiment/hrc_ws/install/human_hand_msgs/share/human_hand_msgs/hook/ld_library_path_lib.sh'
[0.700s] Level 1:colcon.colcon_core.environment:checking '/home/duy/Experiment/hrc_ws/install/human_hand_msgs/bin'
[0.700s] Level 1:colcon.colcon_core.environment:checking '/home/duy/Experiment/hrc_ws/install/human_hand_msgs/lib/pkgconfig/human_hand_msgs.pc'
[0.700s] Level 1:colcon.colcon_core.environment:checking '/home/duy/Experiment/hrc_ws/install/human_hand_msgs/lib/python3.10/site-packages'
[0.701s] Level 1:colcon.colcon_core.environment:checking '/home/duy/Experiment/hrc_ws/install/human_hand_msgs/bin'
[0.701s] INFO:colcon.colcon_core.shell:Creating package script '/home/duy/Experiment/hrc_ws/install/human_hand_msgs/share/human_hand_msgs/package.ps1'
[0.702s] INFO:colcon.colcon_core.shell:Creating package descriptor '/home/duy/Experiment/hrc_ws/install/human_hand_msgs/share/human_hand_msgs/package.dsv'
[0.702s] INFO:colcon.colcon_core.shell:Creating package script '/home/duy/Experiment/hrc_ws/install/human_hand_msgs/share/human_hand_msgs/package.sh'
[0.703s] INFO:colcon.colcon_core.shell:Creating package script '/home/duy/Experiment/hrc_ws/install/human_hand_msgs/share/human_hand_msgs/package.bash'
[0.704s] INFO:colcon.colcon_core.shell:Creating package script '/home/duy/Experiment/hrc_ws/install/human_hand_msgs/share/human_hand_msgs/package.zsh'
[0.704s] Level 1:colcon.colcon_core.environment:create_file_with_runtime_dependencies(/home/duy/Experiment/hrc_ws/install/human_hand_msgs/share/colcon-core/packages/human_hand_msgs)
[0.704s] INFO:colcon.colcon_ros.task.ament_python.build:Building ROS package in '/home/duy/Experiment/hrc_ws/src/experiment_logger' with build type 'ament_python'
[0.705s] Level 1:colcon.colcon_core.shell:create_environment_hook('experiment_logger', 'ament_prefix_path')
[0.705s] INFO:colcon.colcon_core.shell:Creating environment hook '/home/duy/Experiment/hrc_ws/install/experiment_logger/share/experiment_logger/hook/ament_prefix_path.ps1'
[0.706s] INFO:colcon.colcon_core.shell:Creating environment descriptor '/home/duy/Experiment/hrc_ws/install/experiment_logger/share/experiment_logger/hook/ament_prefix_path.dsv'
[0.706s] INFO:colcon.colcon_core.shell:Creating environment hook '/home/duy/Experiment/hrc_ws/install/experiment_logger/share/experiment_logger/hook/ament_prefix_path.sh'
[0.706s] INFO:colcon.colcon_core.shell:Skip shell extension 'powershell' for command environment: Not usable outside of PowerShell
[0.706s] DEBUG:colcon.colcon_core.shell:Skip shell extension 'dsv' for command environment
[0.709s] INFO:colcon.colcon_ros.task.ament_python.build:Building ROS package in '/home/duy/Experiment/hrc_ws/src/kinect_bridge' with build type 'ament_python'
[0.709s] Level 1:colcon.colcon_core.shell:create_environment_hook('kinect_bridge', 'ament_prefix_path')
[0.710s] INFO:colcon.colcon_core.shell:Creating environment hook '/home/duy/Experiment/hrc_ws/install/kinect_bridge/share/kinect_bridge/hook/ament_prefix_path.ps1'
[0.710s] INFO:colcon.colcon_core.shell:Creating environment descriptor '/home/duy/Experiment/hrc_ws/install/kinect_bridge/share/kinect_bridge/hook/ament_prefix_path.dsv'
[0.710s] INFO:colcon.colcon_core.shell:Creating environment hook '/home/duy/Experiment/hrc_ws/install/kinect_bridge/share/kinect_bridge/hook/ament_prefix_path.sh'
[0.711s] INFO:colcon.colcon_core.shell:Skip shell extension 'powershell' for command environment: Not usable outside of PowerShell
[0.711s] DEBUG:colcon.colcon_core.shell:Skip shell extension 'dsv' for command environment
[0.714s] INFO:colcon.colcon_ros.task.ament_python.build:Building ROS package in '/home/duy/Experiment/hrc_ws/src/predictor_ui' with build type 'ament_python'
[0.714s] Level 1:colcon.colcon_core.shell:create_environment_hook('predictor_ui', 'ament_prefix_path')
[0.715s] INFO:colcon.colcon_core.shell:Creating environment hook '/home/duy/Experiment/hrc_ws/install/predictor_ui/share/predictor_ui/hook/ament_prefix_path.ps1'
[0.715s] INFO:colcon.colcon_core.shell:Creating environment descriptor '/home/duy/Experiment/hrc_ws/install/predictor_ui/share/predictor_ui/hook/ament_prefix_path.dsv'
[0.716s] INFO:colcon.colcon_core.shell:Creating environment hook '/home/duy/Experiment/hrc_ws/install/predictor_ui/share/predictor_ui/hook/ament_prefix_path.sh'
[0.716s] INFO:colcon.colcon_core.shell:Skip shell extension 'powershell' for command environment: Not usable outside of PowerShell
[0.716s] DEBUG:colcon.colcon_core.shell:Skip shell extension 'dsv' for command environment
[0.719s] INFO:colcon.colcon_ros.task.ament_python.build:Building ROS package in '/home/duy/Experiment/hrc_ws/src/trajectory_predictor' with build type 'ament_python'
[0.719s] Level 1:colcon.colcon_core.shell:create_environment_hook('trajectory_predictor', 'ament_prefix_path')
[0.720s] INFO:colcon.colcon_core.shell:Creating environment hook '/home/duy/Experiment/hrc_ws/install/trajectory_predictor/share/trajectory_predictor/hook/ament_prefix_path.ps1'
[0.720s] INFO:colcon.colcon_core.shell:Creating environment descriptor '/home/duy/Experiment/hrc_ws/install/trajectory_predictor/share/trajectory_predictor/hook/ament_prefix_path.dsv'
[0.720s] INFO:colcon.colcon_core.shell:Creating environment hook '/home/duy/Experiment/hrc_ws/install/trajectory_predictor/share/trajectory_predictor/hook/ament_prefix_path.sh'
[0.721s] INFO:colcon.colcon_core.shell:Skip shell extension 'powershell' for command environment: Not usable outside of PowerShell
[0.721s] DEBUG:colcon.colcon_core.shell:Skip shell extension 'dsv' for command environment
[0.972s] INFO:colcon.colcon_core.task.python.build:Building Python package in '/home/duy/Experiment/hrc_ws/src/experiment_logger'
[0.973s] INFO:colcon.colcon_core.shell:Skip shell extension 'powershell' for command environment: Not usable outside of PowerShell
[0.973s] DEBUG:colcon.colcon_core.shell:Skip shell extension 'dsv' for command environment
[1.200s] INFO:colcon.colcon_core.task.python.build:Building Python package in '/home/duy/Experiment/hrc_ws/src/kinect_bridge'
[1.200s] INFO:colcon.colcon_core.shell:Skip shell extension 'powershell' for command environment: Not usable outside of PowerShell
[1.200s] DEBUG:colcon.colcon_core.shell:Skip shell extension 'dsv' for command environment
[1.471s] INFO:colcon.colcon_core.task.python.build:Building Python package in '/home/duy/Experiment/hrc_ws/src/predictor_ui'
[1.471s] INFO:colcon.colcon_core.shell:Skip shell extension 'powershell' for command environment: Not usable outside of PowerShell
[1.472s] DEBUG:colcon.colcon_core.shell:Skip shell extension 'dsv' for command environment
[1.701s] INFO:colcon.colcon_core.task.python.build:Building Python package in '/home/duy/Experiment/hrc_ws/src/trajectory_predictor'
[1.701s] INFO:colcon.colcon_core.shell:Skip shell extension 'powershell' for command environment: Not usable outside of PowerShell
[1.701s] DEBUG:colcon.colcon_core.shell:Skip shell extension 'dsv' for command environment
[2.060s] DEBUG:colcon.colcon_core.event_handler.log_command:Invoking command in '/home/duy/Experiment/hrc_ws/build/experiment_logger': CMAKE_PREFIX_PATH=/home/duy/Experiment/hrc_ws/install/human_hand_msgs:/home/duy/Experiment/hrc_ws/install/hrc_bringup:/home/duy/kinectv2/install/libfreenect2:/home/duy/kinectv2/install/kinect2_bridge:/home/duy/kinectv2/install/kinect2_registration PYTHONPATH=/home/duy/Experiment/hrc_ws/build/experiment_logger/prefix_override:/usr/lib/python3/dist-packages/colcon_core/task/python/colcon_distutils_commands:/home/duy/Experiment/hrc_ws/install/experiment_logger/lib/python3.10/site-packages:/home/duy/Experiment/hrc_ws/install/human_hand_msgs/local/lib/python3.10/dist-packages:/home/duy/Experiment/hrc_ws/build/trajectory_predictor:/home/duy/Experiment/hrc_ws/install/trajectory_predictor/lib/python3.10/site-packages:/home/duy/Experiment/hrc_ws/build/predictor_ui:/home/duy/Experiment/hrc_ws/install/predictor_ui/lib/python3.10/site-packages:/home/duy/Experiment/hrc_ws/build/kinect_bridge:/home/duy/Experiment/hrc_ws/install/kinect_bridge/lib/python3.10/site-packages:/home/duy/Experiment/hrc_ws/build/experiment_logger:/home/duy/Experiment/hrc_ws/install/experiment_logger/lib/python3.10/site-packages:/opt/ros/humble/lib/python3.10/site-packages:/opt/ros/humble/local/lib/python3.10/dist-packages /usr/bin/python3 -W ignore:setup.py install is deprecated -W ignore:easy_install command is deprecated setup.py develop --editable --build-directory /home/duy/Experiment/hrc_ws/build/experiment_logger/build --no-deps symlink_data
[2.065s] DEBUG:colcon.colcon_core.event_handler.log_command:Invoking command in '/home/duy/Experiment/hrc_ws/build/trajectory_predictor': CMAKE_PREFIX_PATH=/home/duy/Experiment/hrc_ws/install/human_hand_msgs:/home/duy/Experiment/hrc_ws/install/hrc_bringup:/home/duy/kinectv2/install/libfreenect2:/home/duy/kinectv2/install/kinect2_bridge:/home/duy/kinectv2/install/kinect2_registration PYTHONPATH=/home/duy/Experiment/hrc_ws/build/trajectory_predictor/prefix_override:/usr/lib/python3/dist-packages/colcon_core/task/python/colcon_distutils_commands:/home/duy/Experiment/hrc_ws/install/trajectory_predictor/lib/python3.10/site-packages:/home/duy/Experiment/hrc_ws/install/human_hand_msgs/local/lib/python3.10/dist-packages:/home/duy/Experiment/hrc_ws/build/trajectory_predictor:/home/duy/Experiment/hrc_ws/install/trajectory_predictor/lib/python3.10/site-packages:/home/duy/Experiment/hrc_ws/build/predictor_ui:/home/duy/Experiment/hrc_ws/install/predictor_ui/lib/python3.10/site-packages:/home/duy/Experiment/hrc_ws/build/kinect_bridge:/home/duy/Experiment/hrc_ws/install/kinect_bridge/lib/python3.10/site-packages:/home/duy/Experiment/hrc_ws/build/experiment_logger:/home/duy/Experiment/hrc_ws/install/experiment_logger/lib/python3.10/site-packages:/opt/ros/humble/lib/python3.10/site-packages:/opt/ros/humble/local/lib/python3.10/dist-packages /usr/bin/python3 -W ignore:setup.py install is deprecated -W ignore:easy_install command is deprecated setup.py develop --editable --build-directory /home/duy/Experiment/hrc_ws/build/trajectory_predictor/build --no-deps symlink_data
[2.157s] DEBUG:colcon.colcon_core.event_handler.log_command:Invoking command in '/home/duy/Experiment/hrc_ws/build/predictor_ui': CMAKE_PREFIX_PATH=/home/duy/Experiment/hrc_ws/install/human_hand_msgs:/home/duy/Experiment/hrc_ws/install/hrc_bringup:/home/duy/kinectv2/install/libfreenect2:/home/duy/kinectv2/install/kinect2_bridge:/home/duy/kinectv2/install/kinect2_registration PYTHONPATH=/home/duy/Experiment/hrc_ws/build/predictor_ui/prefix_override:/usr/lib/python3/dist-packages/colcon_core/task/python/colcon_distutils_commands:/home/duy/Experiment/hrc_ws/install/predictor_ui/lib/python3.10/site-packages:/home/duy/Experiment/hrc_ws/install/human_hand_msgs/local/lib/python3.10/dist-packages:/home/duy/Experiment/hrc_ws/build/trajectory_predictor:/home/duy/Experiment/hrc_ws/install/trajectory_predictor/lib/python3.10/site-packages:/home/duy/Experiment/hrc_ws/build/predictor_ui:/home/duy/Experiment/hrc_ws/install/predictor_ui/lib/python3.10/site-packages:/home/duy/Experiment/hrc_ws/build/kinect_bridge:/home/duy/Experiment/hrc_ws/install/kinect_bridge/lib/python3.10/site-packages:/home/duy/Experiment/hrc_ws/build/experiment_logger:/home/duy/Experiment/hrc_ws/install/experiment_logger/lib/python3.10/site-packages:/opt/ros/humble/lib/python3.10/site-packages:/opt/ros/humble/local/lib/python3.10/dist-packages /usr/bin/python3 -W ignore:setup.py install is deprecated -W ignore:easy_install command is deprecated setup.py develop --editable --build-directory /home/duy/Experiment/hrc_ws/build/predictor_ui/build --no-deps symlink_data
[2.206s] DEBUG:colcon.colcon_core.event_handler.log_command:Invoking command in '/home/duy/Experiment/hrc_ws/build/kinect_bridge': CMAKE_PREFIX_PATH=/home/duy/Experiment/hrc_ws/install/human_hand_msgs:/home/duy/Experiment/hrc_ws/install/hrc_bringup:/home/duy/kinectv2/install/libfreenect2:/home/duy/kinectv2/install/kinect2_bridge:/home/duy/kinectv2/install/kinect2_registration PYTHONPATH=/home/duy/Experiment/hrc_ws/build/kinect_bridge/prefix_override:/usr/lib/python3/dist-packages/colcon_core/task/python/colcon_distutils_commands:/home/duy/Experiment/hrc_ws/install/kinect_bridge/lib/python3.10/site-packages:/home/duy/Experiment/hrc_ws/install/human_hand_msgs/local/lib/python3.10/dist-packages:/home/duy/Experiment/hrc_ws/build/trajectory_predictor:/home/duy/Experiment/hrc_ws/install/trajectory_predictor/lib/python3.10/site-packages:/home/duy/Experiment/hrc_ws/build/predictor_ui:/home/duy/Experiment/hrc_ws/install/predictor_ui/lib/python3.10/site-packages:/home/duy/Experiment/hrc_ws/build/kinect_bridge:/home/duy/Experiment/hrc_ws/install/kinect_bridge/lib/python3.10/site-packages:/home/duy/Experiment/hrc_ws/build/experiment_logger:/home/duy/Experiment/hrc_ws/install/experiment_logger/lib/python3.10/site-packages:/opt/ros/humble/lib/python3.10/site-packages:/opt/ros/humble/local/lib/python3.10/dist-packages /usr/bin/python3 -W ignore:setup.py install is deprecated -W ignore:easy_install command is deprecated setup.py develop --editable --build-directory /home/duy/Experiment/hrc_ws/build/kinect_bridge/build --no-deps symlink_data
[2.489s] Level 1:colcon.colcon_core.shell:create_environment_hook('trajectory_predictor', 'pythonpath_develop')
[2.489s] INFO:colcon.colcon_core.shell:Creating environment hook '/home/duy/Experiment/hrc_ws/build/trajectory_predictor/share/trajectory_predictor/hook/pythonpath_develop.ps1'
[2.490s] DEBUG:colcon.colcon_core.event_handler.log_command:Invoked command in '/home/duy/Experiment/hrc_ws/build/trajectory_predictor' returned '0': CMAKE_PREFIX_PATH=/home/duy/Experiment/hrc_ws/install/human_hand_msgs:/home/duy/Experiment/hrc_ws/install/hrc_bringup:/home/duy/kinectv2/install/libfreenect2:/home/duy/kinectv2/install/kinect2_bridge:/home/duy/kinectv2/install/kinect2_registration PYTHONPATH=/home/duy/Experiment/hrc_ws/build/trajectory_predictor/prefix_override:/usr/lib/python3/dist-packages/colcon_core/task/python/colcon_distutils_commands:/home/duy/Experiment/hrc_ws/install/trajectory_predictor/lib/python3.10/site-packages:/home/duy/Experiment/hrc_ws/install/human_hand_msgs/local/lib/python3.10/dist-packages:/home/duy/Experiment/hrc_ws/build/trajectory_predictor:/home/duy/Experiment/hrc_ws/install/trajectory_predictor/lib/python3.10/site-packages:/home/duy/Experiment/hrc_ws/build/predictor_ui:/home/duy/Experiment/hrc_ws/install/predictor_ui/lib/python3.10/site-packages:/home/duy/Experiment/hrc_ws/build/kinect_bridge:/home/duy/Experiment/hrc_ws/install/kinect_bridge/lib/python3.10/site-packages:/home/duy/Experiment/hrc_ws/build/experiment_logger:/home/duy/Experiment/hrc_ws/install/experiment_logger/lib/python3.10/site-packages:/opt/ros/humble/lib/python3.10/site-packages:/opt/ros/humble/local/lib/python3.10/dist-packages /usr/bin/python3 -W ignore:setup.py install is deprecated -W ignore:easy_install command is deprecated setup.py develop --editable --build-directory /home/duy/Experiment/hrc_ws/build/trajectory_predictor/build --no-deps symlink_data
[2.491s] INFO:colcon.colcon_core.shell:Creating environment descriptor '/home/duy/Experiment/hrc_ws/build/trajectory_predictor/share/trajectory_predictor/hook/pythonpath_develop.dsv'
[2.491s] INFO:colcon.colcon_core.shell:Creating environment hook '/home/duy/Experiment/hrc_ws/build/trajectory_predictor/share/trajectory_predictor/hook/pythonpath_develop.sh'
[2.491s] Level 1:colcon.colcon_core.environment:checking '/home/duy/Experiment/hrc_ws/install/trajectory_predictor' for CMake module files
[2.492s] Level 1:colcon.colcon_core.environment:checking '/home/duy/Experiment/hrc_ws/install/trajectory_predictor' for CMake config files
[2.492s] Level 1:colcon.colcon_core.environment:checking '/home/duy/Experiment/hrc_ws/install/trajectory_predictor/lib'
[2.492s] Level 1:colcon.colcon_core.environment:checking '/home/duy/Experiment/hrc_ws/install/trajectory_predictor/bin'
[2.492s] Level 1:colcon.colcon_core.environment:checking '/home/duy/Experiment/hrc_ws/install/trajectory_predictor/lib/pkgconfig/trajectory_predictor.pc'
[2.492s] Level 1:colcon.colcon_core.environment:checking '/home/duy/Experiment/hrc_ws/install/trajectory_predictor/lib/python3.10/site-packages'
[2.492s] Level 1:colcon.colcon_core.shell:create_environment_hook('trajectory_predictor', 'pythonpath')
[2.493s] INFO:colcon.colcon_core.shell:Creating environment hook '/home/duy/Experiment/hrc_ws/install/trajectory_predictor/share/trajectory_predictor/hook/pythonpath.ps1'
[2.493s] INFO:colcon.colcon_core.shell:Creating environment descriptor '/home/duy/Experiment/hrc_ws/install/trajectory_predictor/share/trajectory_predictor/hook/pythonpath.dsv'
[2.493s] INFO:colcon.colcon_core.shell:Creating environment hook '/home/duy/Experiment/hrc_ws/install/trajectory_predictor/share/trajectory_predictor/hook/pythonpath.sh'
[2.494s] Level 1:colcon.colcon_core.environment:checking '/home/duy/Experiment/hrc_ws/install/trajectory_predictor/bin'
[2.494s] Level 1:colcon.colcon_core.environment:create_environment_scripts_only(trajectory_predictor)
[2.494s] INFO:colcon.colcon_core.shell:Creating package script '/home/duy/Experiment/hrc_ws/install/trajectory_predictor/share/trajectory_predictor/package.ps1'
[2.494s] INFO:colcon.colcon_core.shell:Creating package descriptor '/home/duy/Experiment/hrc_ws/install/trajectory_predictor/share/trajectory_predictor/package.dsv'
[2.495s] INFO:colcon.colcon_core.shell:Creating package script '/home/duy/Experiment/hrc_ws/install/trajectory_predictor/share/trajectory_predictor/package.sh'
[2.495s] INFO:colcon.colcon_core.shell:Creating package script '/home/duy/Experiment/hrc_ws/install/trajectory_predictor/share/trajectory_predictor/package.bash'
[2.495s] INFO:colcon.colcon_core.shell:Creating package script '/home/duy/Experiment/hrc_ws/install/trajectory_predictor/share/trajectory_predictor/package.zsh'
[2.496s] Level 1:colcon.colcon_core.environment:create_file_with_runtime_dependencies(/home/duy/Experiment/hrc_ws/install/trajectory_predictor/share/colcon-core/packages/trajectory_predictor)
[2.499s] Level 1:colcon.colcon_core.shell:create_environment_hook('experiment_logger', 'pythonpath_develop')
[2.499s] INFO:colcon.colcon_core.shell:Creating environment hook '/home/duy/Experiment/hrc_ws/build/experiment_logger/share/experiment_logger/hook/pythonpath_develop.ps1'
[2.500s] DEBUG:colcon.colcon_core.event_handler.log_command:Invoked command in '/home/duy/Experiment/hrc_ws/build/experiment_logger' returned '0': CMAKE_PREFIX_PATH=/home/duy/Experiment/hrc_ws/install/human_hand_msgs:/home/duy/Experiment/hrc_ws/install/hrc_bringup:/home/duy/kinectv2/install/libfreenect2:/home/duy/kinectv2/install/kinect2_bridge:/home/duy/kinectv2/install/kinect2_registration PYTHONPATH=/home/duy/Experiment/hrc_ws/build/experiment_logger/prefix_override:/usr/lib/python3/dist-packages/colcon_core/task/python/colcon_distutils_commands:/home/duy/Experiment/hrc_ws/install/experiment_logger/lib/python3.10/site-packages:/home/duy/Experiment/hrc_ws/install/human_hand_msgs/local/lib/python3.10/dist-packages:/home/duy/Experiment/hrc_ws/build/trajectory_predictor:/home/duy/Experiment/hrc_ws/install/trajectory_predictor/lib/python3.10/site-packages:/home/duy/Experiment/hrc_ws/build/predictor_ui:/home/duy/Experiment/hrc_ws/install/predictor_ui/lib/python3.10/site-packages:/home/duy/Experiment/hrc_ws/build/kinect_bridge:/home/duy/Experiment/hrc_ws/install/kinect_bridge/lib/python3.10/site-packages:/home/duy/Experiment/hrc_ws/build/experiment_logger:/home/duy/Experiment/hrc_ws/install/experiment_logger/lib/python3.10/site-packages:/opt/ros/humble/lib/python3.10/site-packages:/opt/ros/humble/local/lib/python3.10/dist-packages /usr/bin/python3 -W ignore:setup.py install is deprecated -W ignore:easy_install command is deprecated setup.py develop --editable --build-directory /home/duy/Experiment/hrc_ws/build/experiment_logger/build --no-deps symlink_data
[2.500s] INFO:colcon.colcon_core.shell:Creating environment descriptor '/home/duy/Experiment/hrc_ws/build/experiment_logger/share/experiment_logger/hook/pythonpath_develop.dsv'
[2.500s] INFO:colcon.colcon_core.shell:Creating environment hook '/home/duy/Experiment/hrc_ws/build/experiment_logger/share/experiment_logger/hook/pythonpath_develop.sh'
[2.501s] Level 1:colcon.colcon_core.environment:checking '/home/duy/Experiment/hrc_ws/install/experiment_logger' for CMake module files
[2.501s] Level 1:colcon.colcon_core.environment:checking '/home/duy/Experiment/hrc_ws/install/experiment_logger' for CMake config files
[2.502s] Level 1:colcon.colcon_core.environment:checking '/home/duy/Experiment/hrc_ws/install/experiment_logger/lib'
[2.502s] Level 1:colcon.colcon_core.environment:checking '/home/duy/Experiment/hrc_ws/install/experiment_logger/bin'
[2.502s] Level 1:colcon.colcon_core.environment:checking '/home/duy/Experiment/hrc_ws/install/experiment_logger/lib/pkgconfig/experiment_logger.pc'
[2.502s] Level 1:colcon.colcon_core.environment:checking '/home/duy/Experiment/hrc_ws/install/experiment_logger/lib/python3.10/site-packages'
[2.502s] Level 1:colcon.colcon_core.shell:create_environment_hook('experiment_logger', 'pythonpath')
[2.502s] INFO:colcon.colcon_core.shell:Creating environment hook '/home/duy/Experiment/hrc_ws/install/experiment_logger/share/experiment_logger/hook/pythonpath.ps1'
[2.503s] INFO:colcon.colcon_core.shell:Creating environment descriptor '/home/duy/Experiment/hrc_ws/install/experiment_logger/share/experiment_logger/hook/pythonpath.dsv'
[2.503s] INFO:colcon.colcon_core.shell:Creating environment hook '/home/duy/Experiment/hrc_ws/install/experiment_logger/share/experiment_logger/hook/pythonpath.sh'
[2.503s] Level 1:colcon.colcon_core.environment:checking '/home/duy/Experiment/hrc_ws/install/experiment_logger/bin'
[2.503s] Level 1:colcon.colcon_core.environment:create_environment_scripts_only(experiment_logger)
[2.504s] INFO:colcon.colcon_core.shell:Creating package script '/home/duy/Experiment/hrc_ws/install/experiment_logger/share/experiment_logger/package.ps1'
[2.504s] INFO:colcon.colcon_core.shell:Creating package descriptor '/home/duy/Experiment/hrc_ws/install/experiment_logger/share/experiment_logger/package.dsv'
[2.505s] INFO:colcon.colcon_core.shell:Creating package script '/home/duy/Experiment/hrc_ws/install/experiment_logger/share/experiment_logger/package.sh'
[2.505s] INFO:colcon.colcon_core.shell:Creating package script '/home/duy/Experiment/hrc_ws/install/experiment_logger/share/experiment_logger/package.bash'
[2.505s] INFO:colcon.colcon_core.shell:Creating package script '/home/duy/Experiment/hrc_ws/install/experiment_logger/share/experiment_logger/package.zsh'
[2.505s] Level 1:colcon.colcon_core.environment:create_file_with_runtime_dependencies(/home/duy/Experiment/hrc_ws/install/experiment_logger/share/colcon-core/packages/experiment_logger)
[2.566s] Level 1:colcon.colcon_core.shell:create_environment_hook('predictor_ui', 'pythonpath_develop')
[2.566s] INFO:colcon.colcon_core.shell:Creating environment hook '/home/duy/Experiment/hrc_ws/build/predictor_ui/share/predictor_ui/hook/pythonpath_develop.ps1'
[2.567s] DEBUG:colcon.colcon_core.event_handler.log_command:Invoked command in '/home/duy/Experiment/hrc_ws/build/predictor_ui' returned '0': CMAKE_PREFIX_PATH=/home/duy/Experiment/hrc_ws/install/human_hand_msgs:/home/duy/Experiment/hrc_ws/install/hrc_bringup:/home/duy/kinectv2/install/libfreenect2:/home/duy/kinectv2/install/kinect2_bridge:/home/duy/kinectv2/install/kinect2_registration PYTHONPATH=/home/duy/Experiment/hrc_ws/build/predictor_ui/prefix_override:/usr/lib/python3/dist-packages/colcon_core/task/python/colcon_distutils_commands:/home/duy/Experiment/hrc_ws/install/predictor_ui/lib/python3.10/site-packages:/home/duy/Experiment/hrc_ws/install/human_hand_msgs/local/lib/python3.10/dist-packages:/home/duy/Experiment/hrc_ws/build/trajectory_predictor:/home/duy/Experiment/hrc_ws/install/trajectory_predictor/lib/python3.10/site-packages:/home/duy/Experiment/hrc_ws/build/predictor_ui:/home/duy/Experiment/hrc_ws/install/predictor_ui/lib/python3.10/site-packages:/home/duy/Experiment/hrc_ws/build/kinect_bridge:/home/duy/Experiment/hrc_ws/install/kinect_bridge/lib/python3.10/site-packages:/home/duy/Experiment/hrc_ws/build/experiment_logger:/home/duy/Experiment/hrc_ws/install/experiment_logger/lib/python3.10/site-packages:/opt/ros/humble/lib/python3.10/site-packages:/opt/ros/humble/local/lib/python3.10/dist-packages /usr/bin/python3 -W ignore:setup.py install is deprecated -W ignore:easy_install command is deprecated setup.py develop --editable --build-directory /home/duy/Experiment/hrc_ws/build/predictor_ui/build --no-deps symlink_data
[2.568s] INFO:colcon.colcon_core.shell:Creating environment descriptor '/home/duy/Experiment/hrc_ws/build/predictor_ui/share/predictor_ui/hook/pythonpath_develop.dsv'
[2.568s] INFO:colcon.colcon_core.shell:Creating environment hook '/home/duy/Experiment/hrc_ws/build/predictor_ui/share/predictor_ui/hook/pythonpath_develop.sh'
[2.569s] Level 1:colcon.colcon_core.environment:checking '/home/duy/Experiment/hrc_ws/install/predictor_ui' for CMake module files
[2.569s] Level 1:colcon.colcon_core.environment:checking '/home/duy/Experiment/hrc_ws/install/predictor_ui' for CMake config files
[2.570s] Level 1:colcon.colcon_core.environment:checking '/home/duy/Experiment/hrc_ws/install/predictor_ui/lib'
[2.570s] Level 1:colcon.colcon_core.environment:checking '/home/duy/Experiment/hrc_ws/install/predictor_ui/bin'
[2.570s] Level 1:colcon.colcon_core.environment:checking '/home/duy/Experiment/hrc_ws/install/predictor_ui/lib/pkgconfig/predictor_ui.pc'
[2.570s] Level 1:colcon.colcon_core.environment:checking '/home/duy/Experiment/hrc_ws/install/predictor_ui/lib/python3.10/site-packages'
[2.571s] Level 1:colcon.colcon_core.shell:create_environment_hook('predictor_ui', 'pythonpath')
[2.571s] INFO:colcon.colcon_core.shell:Creating environment hook '/home/duy/Experiment/hrc_ws/install/predictor_ui/share/predictor_ui/hook/pythonpath.ps1'
[2.571s] INFO:colcon.colcon_core.shell:Creating environment descriptor '/home/duy/Experiment/hrc_ws/install/predictor_ui/share/predictor_ui/hook/pythonpath.dsv'
[2.572s] INFO:colcon.colcon_core.shell:Creating environment hook '/home/duy/Experiment/hrc_ws/install/predictor_ui/share/predictor_ui/hook/pythonpath.sh'
[2.572s] Level 1:colcon.colcon_core.environment:checking '/home/duy/Experiment/hrc_ws/install/predictor_ui/bin'
[2.573s] Level 1:colcon.colcon_core.environment:create_environment_scripts_only(predictor_ui)
[2.573s] INFO:colcon.colcon_core.shell:Creating package script '/home/duy/Experiment/hrc_ws/install/predictor_ui/share/predictor_ui/package.ps1'
[2.574s] INFO:colcon.colcon_core.shell:Creating package descriptor '/home/duy/Experiment/hrc_ws/install/predictor_ui/share/predictor_ui/package.dsv'
[2.574s] INFO:colcon.colcon_core.shell:Creating package script '/home/duy/Experiment/hrc_ws/install/predictor_ui/share/predictor_ui/package.sh'
[2.575s] INFO:colcon.colcon_core.shell:Creating package script '/home/duy/Experiment/hrc_ws/install/predictor_ui/share/predictor_ui/package.bash'
[2.575s] INFO:colcon.colcon_core.shell:Creating package script '/home/duy/Experiment/hrc_ws/install/predictor_ui/share/predictor_ui/package.zsh'
[2.576s] Level 1:colcon.colcon_core.environment:create_file_with_runtime_dependencies(/home/duy/Experiment/hrc_ws/install/predictor_ui/share/colcon-core/packages/predictor_ui)
[2.612s] Level 1:colcon.colcon_core.shell:create_environment_hook('kinect_bridge', 'pythonpath_develop')
[2.612s] INFO:colcon.colcon_core.shell:Creating environment hook '/home/duy/Experiment/hrc_ws/build/kinect_bridge/share/kinect_bridge/hook/pythonpath_develop.ps1'
[2.613s] DEBUG:colcon.colcon_core.event_handler.log_command:Invoked command in '/home/duy/Experiment/hrc_ws/build/kinect_bridge' returned '0': CMAKE_PREFIX_PATH=/home/duy/Experiment/hrc_ws/install/human_hand_msgs:/home/duy/Experiment/hrc_ws/install/hrc_bringup:/home/duy/kinectv2/install/libfreenect2:/home/duy/kinectv2/install/kinect2_bridge:/home/duy/kinectv2/install/kinect2_registration PYTHONPATH=/home/duy/Experiment/hrc_ws/build/kinect_bridge/prefix_override:/usr/lib/python3/dist-packages/colcon_core/task/python/colcon_distutils_commands:/home/duy/Experiment/hrc_ws/install/kinect_bridge/lib/python3.10/site-packages:/home/duy/Experiment/hrc_ws/install/human_hand_msgs/local/lib/python3.10/dist-packages:/home/duy/Experiment/hrc_ws/build/trajectory_predictor:/home/duy/Experiment/hrc_ws/install/trajectory_predictor/lib/python3.10/site-packages:/home/duy/Experiment/hrc_ws/build/predictor_ui:/home/duy/Experiment/hrc_ws/install/predictor_ui/lib/python3.10/site-packages:/home/duy/Experiment/hrc_ws/build/kinect_bridge:/home/duy/Experiment/hrc_ws/install/kinect_bridge/lib/python3.10/site-packages:/home/duy/Experiment/hrc_ws/build/experiment_logger:/home/duy/Experiment/hrc_ws/install/experiment_logger/lib/python3.10/site-packages:/opt/ros/humble/lib/python3.10/site-packages:/opt/ros/humble/local/lib/python3.10/dist-packages /usr/bin/python3 -W ignore:setup.py install is deprecated -W ignore:easy_install command is deprecated setup.py develop --editable --build-directory /home/duy/Experiment/hrc_ws/build/kinect_bridge/build --no-deps symlink_data
[2.613s] INFO:colcon.colcon_core.shell:Creating environment descriptor '/home/duy/Experiment/hrc_ws/build/kinect_bridge/share/kinect_bridge/hook/pythonpath_develop.dsv'
[2.614s] INFO:colcon.colcon_core.shell:Creating environment hook '/home/duy/Experiment/hrc_ws/build/kinect_bridge/share/kinect_bridge/hook/pythonpath_develop.sh'
[2.614s] Level 1:colcon.colcon_core.environment:checking '/home/duy/Experiment/hrc_ws/install/kinect_bridge' for CMake module files
[2.615s] Level 1:colcon.colcon_core.environment:checking '/home/duy/Experiment/hrc_ws/install/kinect_bridge' for CMake config files
[2.615s] Level 1:colcon.colcon_core.environment:checking '/home/duy/Experiment/hrc_ws/install/kinect_bridge/lib'
[2.615s] Level 1:colcon.colcon_core.environment:checking '/home/duy/Experiment/hrc_ws/install/kinect_bridge/bin'
[2.616s] Level 1:colcon.colcon_core.environment:checking '/home/duy/Experiment/hrc_ws/install/kinect_bridge/lib/pkgconfig/kinect_bridge.pc'
[2.616s] Level 1:colcon.colcon_core.environment:checking '/home/duy/Experiment/hrc_ws/install/kinect_bridge/lib/python3.10/site-packages'
[2.616s] Level 1:colcon.colcon_core.shell:create_environment_hook('kinect_bridge', 'pythonpath')
[2.616s] INFO:colcon.colcon_core.shell:Creating environment hook '/home/duy/Experiment/hrc_ws/install/kinect_bridge/share/kinect_bridge/hook/pythonpath.ps1'
[2.616s] INFO:colcon.colcon_core.shell:Creating environment descriptor '/home/duy/Experiment/hrc_ws/install/kinect_bridge/share/kinect_bridge/hook/pythonpath.dsv'
[2.617s] INFO:colcon.colcon_core.shell:Creating environment hook '/home/duy/Experiment/hrc_ws/install/kinect_bridge/share/kinect_bridge/hook/pythonpath.sh'
[2.617s] Level 1:colcon.colcon_core.environment:checking '/home/duy/Experiment/hrc_ws/install/kinect_bridge/bin'
[2.617s] Level 1:colcon.colcon_core.environment:create_environment_scripts_only(kinect_bridge)
[2.617s] INFO:colcon.colcon_core.shell:Creating package script '/home/duy/Experiment/hrc_ws/install/kinect_bridge/share/kinect_bridge/package.ps1'
[2.618s] INFO:colcon.colcon_core.shell:Creating package descriptor '/home/duy/Experiment/hrc_ws/install/kinect_bridge/share/kinect_bridge/package.dsv'
[2.618s] INFO:colcon.colcon_core.shell:Creating package script '/home/duy/Experiment/hrc_ws/install/kinect_bridge/share/kinect_bridge/package.sh'
[2.618s] INFO:colcon.colcon_core.shell:Creating package script '/home/duy/Experiment/hrc_ws/install/kinect_bridge/share/kinect_bridge/package.bash'
[2.618s] INFO:colcon.colcon_core.shell:Creating package script '/home/duy/Experiment/hrc_ws/install/kinect_bridge/share/kinect_bridge/package.zsh'
[2.618s] Level 1:colcon.colcon_core.environment:create_file_with_runtime_dependencies(/home/duy/Experiment/hrc_ws/install/kinect_bridge/share/colcon-core/packages/kinect_bridge)
[2.619s] INFO:colcon.colcon_ros.task.ament_cmake.build:Building ROS package in '/home/duy/Experiment/hrc_ws/src/hrc_bringup' with build type 'ament_cmake'
[2.619s] INFO:colcon.colcon_cmake.task.cmake.build:Building CMake package in '/home/duy/Experiment/hrc_ws/src/hrc_bringup'
[2.619s] INFO:colcon.colcon_core.shell:Skip shell extension 'powershell' for command environment: Not usable outside of PowerShell
[2.619s] DEBUG:colcon.colcon_core.shell:Skip shell extension 'dsv' for command environment
[2.631s] DEBUG:colcon.colcon_core.event_handler.log_command:Invoking command in '/home/duy/Experiment/hrc_ws/build/hrc_bringup': AMENT_PREFIX_PATH=/home/duy/Experiment/hrc_ws/install/trajectory_predictor:/home/duy/Experiment/hrc_ws/install/predictor_ui:/home/duy/Experiment/hrc_ws/install/kinect_bridge:/home/duy/Experiment/hrc_ws/install/experiment_logger:/home/duy/Experiment/hrc_ws/install/hrc_bringup:/home/duy/kinectv2/install/kinect2_bridge:/home/duy/kinectv2/install/kinect2_registration:/opt/ros/humble CMAKE_PREFIX_PATH=/home/duy/Experiment/hrc_ws/install/trajectory_predictor:/home/duy/Experiment/hrc_ws/install/predictor_ui:/home/duy/Experiment/hrc_ws/install/kinect_bridge:/home/duy/Experiment/hrc_ws/install/experiment_logger:/opt/ros/humble:/home/duy/Experiment/hrc_ws/install/human_hand_msgs:/home/duy/Experiment/hrc_ws/install/hrc_bringup:/home/duy/kinectv2/install/libfreenect2:/home/duy/kinectv2/install/kinect2_bridge:/home/duy/kinectv2/install/kinect2_registration /usr/bin/cmake --build /home/duy/Experiment/hrc_ws/build/hrc_bringup -- -j16 -l16
[2.662s] DEBUG:colcon.colcon_core.event_handler.log_command:Invoked command in '/home/duy/Experiment/hrc_ws/build/hrc_bringup' returned '0': AMENT_PREFIX_PATH=/home/duy/Experiment/hrc_ws/install/trajectory_predictor:/home/duy/Experiment/hrc_ws/install/predictor_ui:/home/duy/Experiment/hrc_ws/install/kinect_bridge:/home/duy/Experiment/hrc_ws/install/experiment_logger:/home/duy/Experiment/hrc_ws/install/hrc_bringup:/home/duy/kinectv2/install/kinect2_bridge:/home/duy/kinectv2/install/kinect2_registration:/opt/ros/humble CMAKE_PREFIX_PATH=/home/duy/Experiment/hrc_ws/install/trajectory_predictor:/home/duy/Experiment/hrc_ws/install/predictor_ui:/home/duy/Experiment/hrc_ws/install/kinect_bridge:/home/duy/Experiment/hrc_ws/install/experiment_logger:/opt/ros/humble:/home/duy/Experiment/hrc_ws/install/human_hand_msgs:/home/duy/Experiment/hrc_ws/install/hrc_bringup:/home/duy/kinectv2/install/libfreenect2:/home/duy/kinectv2/install/kinect2_bridge:/home/duy/kinectv2/install/kinect2_registration /usr/bin/cmake --build /home/duy/Experiment/hrc_ws/build/hrc_bringup -- -j16 -l16
[2.664s] DEBUG:colcon.colcon_core.event_handler.log_command:Invoking command in '/home/duy/Experiment/hrc_ws/build/hrc_bringup': AMENT_PREFIX_PATH=/home/duy/Experiment/hrc_ws/install/trajectory_predictor:/home/duy/Experiment/hrc_ws/install/predictor_ui:/home/duy/Experiment/hrc_ws/install/kinect_bridge:/home/duy/Experiment/hrc_ws/install/experiment_logger:/home/duy/Experiment/hrc_ws/install/hrc_bringup:/home/duy/kinectv2/install/kinect2_bridge:/home/duy/kinectv2/install/kinect2_registration:/opt/ros/humble CMAKE_PREFIX_PATH=/home/duy/Experiment/hrc_ws/install/trajectory_predictor:/home/duy/Experiment/hrc_ws/install/predictor_ui:/home/duy/Experiment/hrc_ws/install/kinect_bridge:/home/duy/Experiment/hrc_ws/install/experiment_logger:/opt/ros/humble:/home/duy/Experiment/hrc_ws/install/human_hand_msgs:/home/duy/Experiment/hrc_ws/install/hrc_bringup:/home/duy/kinectv2/install/libfreenect2:/home/duy/kinectv2/install/kinect2_bridge:/home/duy/kinectv2/install/kinect2_registration /usr/bin/cmake --install /home/duy/Experiment/hrc_ws/build/hrc_bringup
[2.680s] Level 1:colcon.colcon_core.environment:create_environment_scripts_only(hrc_bringup)
[2.680s] Level 1:colcon.colcon_core.environment:checking '/home/duy/Experiment/hrc_ws/install/hrc_bringup' for CMake module files
[2.681s] DEBUG:colcon.colcon_core.event_handler.log_command:Invoked command in '/home/duy/Experiment/hrc_ws/build/hrc_bringup' returned '0': AMENT_PREFIX_PATH=/home/duy/Experiment/hrc_ws/install/trajectory_predictor:/home/duy/Experiment/hrc_ws/install/predictor_ui:/home/duy/Experiment/hrc_ws/install/kinect_bridge:/home/duy/Experiment/hrc_ws/install/experiment_logger:/home/duy/Experiment/hrc_ws/install/hrc_bringup:/home/duy/kinectv2/install/kinect2_bridge:/home/duy/kinectv2/install/kinect2_registration:/opt/ros/humble CMAKE_PREFIX_PATH=/home/duy/Experiment/hrc_ws/install/trajectory_predictor:/home/duy/Experiment/hrc_ws/install/predictor_ui:/home/duy/Experiment/hrc_ws/install/kinect_bridge:/home/duy/Experiment/hrc_ws/install/experiment_logger:/opt/ros/humble:/home/duy/Experiment/hrc_ws/install/human_hand_msgs:/home/duy/Experiment/hrc_ws/install/hrc_bringup:/home/duy/kinectv2/install/libfreenect2:/home/duy/kinectv2/install/kinect2_bridge:/home/duy/kinectv2/install/kinect2_registration /usr/bin/cmake --install /home/duy/Experiment/hrc_ws/build/hrc_bringup
[2.681s] Level 1:colcon.colcon_core.environment:checking '/home/duy/Experiment/hrc_ws/install/hrc_bringup' for CMake config files
[2.681s] Level 1:colcon.colcon_core.shell:create_environment_hook('hrc_bringup', 'cmake_prefix_path')
[2.681s] INFO:colcon.colcon_core.shell:Creating environment hook '/home/duy/Experiment/hrc_ws/install/hrc_bringup/share/hrc_bringup/hook/cmake_prefix_path.ps1'
[2.682s] INFO:colcon.colcon_core.shell:Creating environment descriptor '/home/duy/Experiment/hrc_ws/install/hrc_bringup/share/hrc_bringup/hook/cmake_prefix_path.dsv'
[2.682s] INFO:colcon.colcon_core.shell:Creating environment hook '/home/duy/Experiment/hrc_ws/install/hrc_bringup/share/hrc_bringup/hook/cmake_prefix_path.sh'
[2.683s] Level 1:colcon.colcon_core.environment:checking '/home/duy/Experiment/hrc_ws/install/hrc_bringup/bin'
[2.683s] Level 1:colcon.colcon_core.environment:checking '/home/duy/Experiment/hrc_ws/install/hrc_bringup/lib/pkgconfig/hrc_bringup.pc'
[2.683s] Level 1:colcon.colcon_core.environment:checking '/home/duy/Experiment/hrc_ws/install/hrc_bringup/lib/python3.10/site-packages'
[2.683s] Level 1:colcon.colcon_core.environment:checking '/home/duy/Experiment/hrc_ws/install/hrc_bringup/bin'
[2.684s] INFO:colcon.colcon_core.shell:Creating package script '/home/duy/Experiment/hrc_ws/install/hrc_bringup/share/hrc_bringup/package.ps1'
[2.684s] INFO:colcon.colcon_core.shell:Creating package descriptor '/home/duy/Experiment/hrc_ws/install/hrc_bringup/share/hrc_bringup/package.dsv'
[2.684s] INFO:colcon.colcon_core.shell:Creating package script '/home/duy/Experiment/hrc_ws/install/hrc_bringup/share/hrc_bringup/package.sh'
[2.685s] INFO:colcon.colcon_core.shell:Creating package script '/home/duy/Experiment/hrc_ws/install/hrc_bringup/share/hrc_bringup/package.bash'
[2.685s] INFO:colcon.colcon_core.shell:Creating package script '/home/duy/Experiment/hrc_ws/install/hrc_bringup/share/hrc_bringup/package.zsh'
[2.686s] Level 1:colcon.colcon_core.environment:create_file_with_runtime_dependencies(/home/duy/Experiment/hrc_ws/install/hrc_bringup/share/colcon-core/packages/hrc_bringup)
[2.686s] Level 1:colcon.colcon_core.environment:create_environment_scripts_only(hrc_bringup)
[2.686s] Level 1:colcon.colcon_core.environment:checking '/home/duy/Experiment/hrc_ws/install/hrc_bringup' for CMake module files
[2.687s] Level 1:colcon.colcon_core.environment:checking '/home/duy/Experiment/hrc_ws/install/hrc_bringup' for CMake config files
[2.687s] Level 1:colcon.colcon_core.shell:create_environment_hook('hrc_bringup', 'cmake_prefix_path')
[2.687s] INFO:colcon.colcon_core.shell:Creating environment hook '/home/duy/Experiment/hrc_ws/install/hrc_bringup/share/hrc_bringup/hook/cmake_prefix_path.ps1'
[2.688s] INFO:colcon.colcon_core.shell:Creating environment descriptor '/home/duy/Experiment/hrc_ws/install/hrc_bringup/share/hrc_bringup/hook/cmake_prefix_path.dsv'
[2.688s] INFO:colcon.colcon_core.shell:Creating environment hook '/home/duy/Experiment/hrc_ws/install/hrc_bringup/share/hrc_bringup/hook/cmake_prefix_path.sh'
[2.688s] Level 1:colcon.colcon_core.environment:checking '/home/duy/Experiment/hrc_ws/install/hrc_bringup/bin'
[2.689s] Level 1:colcon.colcon_core.environment:checking '/home/duy/Experiment/hrc_ws/install/hrc_bringup/lib/pkgconfig/hrc_bringup.pc'
[2.689s] Level 1:colcon.colcon_core.environment:checking '/home/duy/Experiment/hrc_ws/install/hrc_bringup/lib/python3.10/site-packages'
[2.689s] Level 1:colcon.colcon_core.environment:checking '/home/duy/Experiment/hrc_ws/install/hrc_bringup/bin'
[2.689s] INFO:colcon.colcon_core.shell:Creating package script '/home/duy/Experiment/hrc_ws/install/hrc_bringup/share/hrc_bringup/package.ps1'
[2.690s] INFO:colcon.colcon_core.shell:Creating package descriptor '/home/duy/Experiment/hrc_ws/install/hrc_bringup/share/hrc_bringup/package.dsv'
[2.690s] INFO:colcon.colcon_core.shell:Creating package script '/home/duy/Experiment/hrc_ws/install/hrc_bringup/share/hrc_bringup/package.sh'
[2.691s] INFO:colcon.colcon_core.shell:Creating package script '/home/duy/Experiment/hrc_ws/install/hrc_bringup/share/hrc_bringup/package.bash'
[2.691s] INFO:colcon.colcon_core.shell:Creating package script '/home/duy/Experiment/hrc_ws/install/hrc_bringup/share/hrc_bringup/package.zsh'
[2.691s] Level 1:colcon.colcon_core.environment:create_file_with_runtime_dependencies(/home/duy/Experiment/hrc_ws/install/hrc_bringup/share/colcon-core/packages/hrc_bringup)
[2.692s] DEBUG:colcon.colcon_parallel_executor.executor.parallel:closing loop
[2.692s] DEBUG:colcon.colcon_parallel_executor.executor.parallel:loop closed
[2.692s] DEBUG:colcon.colcon_parallel_executor.executor.parallel:run_until_complete finished with '0'
[2.692s] DEBUG:colcon.colcon_core.event_reactor:joining thread
[2.695s] INFO:colcon.colcon_core.plugin_system:Skipping extension 'colcon_notification.desktop_notification.terminal_notifier': Not used on non-Darwin systems
[2.695s] INFO:colcon.colcon_core.plugin_system:Skipping extension 'colcon_notification.desktop_notification.win32': Not used on non-Windows systems
[2.695s] INFO:colcon.colcon_notification.desktop_notification:Sending desktop notification using 'notify2'
[2.705s] DEBUG:colcon.colcon_core.event_reactor:joined thread
[2.706s] INFO:colcon.colcon_core.shell:Creating prefix script '/home/duy/Experiment/hrc_ws/install/local_setup.ps1'
[2.707s] INFO:colcon.colcon_core.shell:Creating prefix util module '/home/duy/Experiment/hrc_ws/install/_local_setup_util_ps1.py'
[2.709s] INFO:colcon.colcon_core.shell:Creating prefix chain script '/home/duy/Experiment/hrc_ws/install/setup.ps1'
[2.710s] INFO:colcon.colcon_core.shell:Creating prefix script '/home/duy/Experiment/hrc_ws/install/local_setup.sh'
[2.710s] INFO:colcon.colcon_core.shell:Creating prefix util module '/home/duy/Experiment/hrc_ws/install/_local_setup_util_sh.py'
[2.711s] INFO:colcon.colcon_core.shell:Creating prefix chain script '/home/duy/Experiment/hrc_ws/install/setup.sh'
[2.712s] INFO:colcon.colcon_core.shell:Creating prefix script '/home/duy/Experiment/hrc_ws/install/local_setup.bash'
[2.712s] INFO:colcon.colcon_core.shell:Creating prefix chain script '/home/duy/Experiment/hrc_ws/install/setup.bash'
[2.714s] INFO:colcon.colcon_core.shell:Creating prefix script '/home/duy/Experiment/hrc_ws/install/local_setup.zsh'
[2.714s] INFO:colcon.colcon_core.shell:Creating prefix chain script '/home/duy/Experiment/hrc_ws/install/setup.zsh'
