[1.151s] Invoking command in '/home/duy/Experiment/hrc_ws/build/experiment_logger': CMAKE_PREFIX_PATH=/home/duy/Experiment/hrc_ws/install/human_hand_msgs:${CMAKE_PREFIX_PATH} LD_LIBRARY_PATH=/home/duy/Experiment/hrc_ws/install/human_hand_msgs/lib:${LD_LIBRARY_PATH} PKG_CONFIG_PATH=/home/duy/Experiment/hrc_ws/install/human_hand_msgs/lib/x86_64-linux-gnu/pkgconfig:/home/duy/Experiment/hrc_ws/install/human_hand_msgs/lib/pkgconfig PYTHONPATH=/home/duy/Experiment/hrc_ws/build/experiment_logger/prefix_override:/usr/lib/python3/dist-packages/colcon_core/task/python/colcon_distutils_commands:/home/duy/Experiment/hrc_ws/install/experiment_logger/lib/python3.10/site-packages:/home/duy/Experiment/hrc_ws/install/human_hand_msgs/local/lib/python3.10/dist-packages:${PYTHONPATH} ROS_PACKAGE_PATH=/home/duy/Experiment/hrc_ws/install/human_hand_msgs/share /usr/bin/python3 -W ignore:setup.py install is deprecated -W ignore:easy_install command is deprecated setup.py develop --editable --build-directory /home/duy/Experiment/hrc_ws/build/experiment_logger/build --no-deps symlink_data
[1.374s] running develop
[1.494s] running egg_info
[1.494s] creating experiment_logger.egg-info
[1.495s] writing experiment_logger.egg-info/PKG-INFO
[1.495s] writing dependency_links to experiment_logger.egg-info/dependency_links.txt
[1.495s] writing entry points to experiment_logger.egg-info/entry_points.txt
[1.495s] writing requirements to experiment_logger.egg-info/requires.txt
[1.495s] writing top-level names to experiment_logger.egg-info/top_level.txt
[1.495s] writing manifest file 'experiment_logger.egg-info/SOURCES.txt'
[1.496s] reading manifest file 'experiment_logger.egg-info/SOURCES.txt'
[1.496s] writing manifest file 'experiment_logger.egg-info/SOURCES.txt'
[1.497s] running build_ext
[1.497s] Creating /home/duy/Experiment/hrc_ws/install/experiment_logger/lib/python3.10/site-packages/experiment-logger.egg-link (link to .)
[1.498s] Installing logger_node script to /home/duy/Experiment/hrc_ws/install/experiment_logger/lib/experiment_logger
[1.498s] 
[1.498s] Installed /home/duy/Experiment/hrc_ws/build/experiment_logger
[1.498s] running symlink_data
[1.499s] creating /home/duy/Experiment/hrc_ws/install/experiment_logger/share/ament_index
[1.499s] creating /home/duy/Experiment/hrc_ws/install/experiment_logger/share/ament_index/resource_index
[1.499s] creating /home/duy/Experiment/hrc_ws/install/experiment_logger/share/ament_index/resource_index/packages
[1.499s] symbolically linking /home/duy/Experiment/hrc_ws/build/experiment_logger/resource/experiment_logger -> /home/duy/Experiment/hrc_ws/install/experiment_logger/share/ament_index/resource_index/packages
[1.500s] symbolically linking /home/duy/Experiment/hrc_ws/build/experiment_logger/package.xml -> /home/duy/Experiment/hrc_ws/install/experiment_logger/share/experiment_logger
[1.547s] Invoked command in '/home/duy/Experiment/hrc_ws/build/experiment_logger' returned '0': CMAKE_PREFIX_PATH=/home/duy/Experiment/hrc_ws/install/human_hand_msgs:${CMAKE_PREFIX_PATH} LD_LIBRARY_PATH=/home/duy/Experiment/hrc_ws/install/human_hand_msgs/lib:${LD_LIBRARY_PATH} PKG_CONFIG_PATH=/home/duy/Experiment/hrc_ws/install/human_hand_msgs/lib/x86_64-linux-gnu/pkgconfig:/home/duy/Experiment/hrc_ws/install/human_hand_msgs/lib/pkgconfig PYTHONPATH=/home/duy/Experiment/hrc_ws/build/experiment_logger/prefix_override:/usr/lib/python3/dist-packages/colcon_core/task/python/colcon_distutils_commands:/home/duy/Experiment/hrc_ws/install/experiment_logger/lib/python3.10/site-packages:/home/duy/Experiment/hrc_ws/install/human_hand_msgs/local/lib/python3.10/dist-packages:${PYTHONPATH} ROS_PACKAGE_PATH=/home/duy/Experiment/hrc_ws/install/human_hand_msgs/share /usr/bin/python3 -W ignore:setup.py install is deprecated -W ignore:easy_install command is deprecated setup.py develop --editable --build-directory /home/duy/Experiment/hrc_ws/build/experiment_logger/build --no-deps symlink_data
