[0.140s] DEBUG:colcon:Command line arguments: ['/usr/bin/colcon', 'build', '--packages-select', 'kinect_bridge', 'trajectory_predictor']
[0.141s] DEBUG:colcon:Parsed command line arguments: Namespace(log_base=None, log_level=None, verb_name='build', build_base='build', install_base='install', merge_install=False, symlink_install=False, test_result_base=None, continue_on_error=False, executor='parallel', parallel_workers=16, event_handlers=None, ignore_user_meta=False, metas=['./colcon.meta'], base_paths=['.'], packages_ignore=None, packages_ignore_regex=None, paths=None, packages_up_to=None, packages_up_to_regex=None, packages_above=None, packages_above_and_dependencies=None, packages_above_depth=None, packages_select_by_dep=None, packages_skip_by_dep=None, packages_skip_up_to=None, packages_select_build_failed=False, packages_skip_build_finished=False, packages_select_test_failures=False, packages_skip_test_passed=False, packages_select=['kinect_bridge', 'trajectory_predictor'], packages_skip=None, packages_select_regex=None, packages_skip_regex=None, packages_start=None, packages_end=None, allow_overriding=[], cmake_args=None, cmake_target=None, cmake_target_skip_unavailable=False, cmake_clean_cache=False, cmake_clean_first=False, cmake_force_configure=False, ament_cmake_args=None, catkin_cmake_args=None, catkin_skip_building_tests=False, verb_parser=<colcon_defaults.argument_parser.defaults.DefaultArgumentsDecorator object at 0x72838d212800>, verb_extension=<colcon_core.verb.build.BuildVerb object at 0x72838d347c10>, main=<bound method BuildVerb.main of <colcon_core.verb.build.BuildVerb object at 0x72838d347c10>>)
[0.418s] Level 1:colcon.colcon_core.package_discovery:discover_packages(colcon_meta) check parameters
[0.418s] Level 1:colcon.colcon_core.package_discovery:discover_packages(recursive) check parameters
[0.418s] Level 1:colcon.colcon_core.package_discovery:discover_packages(ignore) check parameters
[0.418s] Level 1:colcon.colcon_core.package_discovery:discover_packages(path) check parameters
[0.418s] Level 1:colcon.colcon_core.package_discovery:discover_packages(colcon_meta) discover
[0.418s] Level 1:colcon.colcon_core.package_discovery:discover_packages(recursive) discover
[0.418s] INFO:colcon.colcon_core.package_discovery:Crawling recursively for packages in '/home/duy/Experiment/hrc_ws'
[0.419s] Level 1:colcon.colcon_core.package_identification:_identify(.) by extensions ['ignore', 'ignore_ament_install']
[0.419s] Level 1:colcon.colcon_core.package_identification:_identify(.) by extension 'ignore'
[0.419s] Level 1:colcon.colcon_core.package_identification:_identify(.) by extension 'ignore_ament_install'
[0.419s] Level 1:colcon.colcon_core.package_identification:_identify(.) by extensions ['colcon_pkg']
[0.419s] Level 1:colcon.colcon_core.package_identification:_identify(.) by extension 'colcon_pkg'
[0.419s] Level 1:colcon.colcon_core.package_identification:_identify(.) by extensions ['colcon_meta']
[0.419s] Level 1:colcon.colcon_core.package_identification:_identify(.) by extension 'colcon_meta'
[0.419s] Level 1:colcon.colcon_core.package_identification:_identify(.) by extensions ['ros']
[0.419s] Level 1:colcon.colcon_core.package_identification:_identify(.) by extension 'ros'
[0.446s] Level 1:colcon.colcon_core.package_identification:_identify(.) by extensions ['cmake', 'python']
[0.446s] Level 1:colcon.colcon_core.package_identification:_identify(.) by extension 'cmake'
[0.447s] Level 1:colcon.colcon_core.package_identification:_identify(.) by extension 'python'
[0.447s] Level 1:colcon.colcon_core.package_identification:_identify(.) by extensions ['python_setup_py']
[0.447s] Level 1:colcon.colcon_core.package_identification:_identify(.) by extension 'python_setup_py'
[0.447s] Level 1:colcon.colcon_core.package_identification:_identify(build) by extensions ['ignore', 'ignore_ament_install']
[0.447s] Level 1:colcon.colcon_core.package_identification:_identify(build) by extension 'ignore'
[0.447s] Level 1:colcon.colcon_core.package_identification:_identify(build) ignored
[0.448s] Level 1:colcon.colcon_core.package_identification:_identify(install) by extensions ['ignore', 'ignore_ament_install']
[0.448s] Level 1:colcon.colcon_core.package_identification:_identify(install) by extension 'ignore'
[0.448s] Level 1:colcon.colcon_core.package_identification:_identify(install) ignored
[0.448s] Level 1:colcon.colcon_core.package_identification:_identify(log) by extensions ['ignore', 'ignore_ament_install']
[0.448s] Level 1:colcon.colcon_core.package_identification:_identify(log) by extension 'ignore'
[0.449s] Level 1:colcon.colcon_core.package_identification:_identify(log) ignored
[0.449s] Level 1:colcon.colcon_core.package_identification:_identify(src) by extensions ['ignore', 'ignore_ament_install']
[0.449s] Level 1:colcon.colcon_core.package_identification:_identify(src) by extension 'ignore'
[0.449s] Level 1:colcon.colcon_core.package_identification:_identify(src) by extension 'ignore_ament_install'
[0.449s] Level 1:colcon.colcon_core.package_identification:_identify(src) by extensions ['colcon_pkg']
[0.449s] Level 1:colcon.colcon_core.package_identification:_identify(src) by extension 'colcon_pkg'
[0.449s] Level 1:colcon.colcon_core.package_identification:_identify(src) by extensions ['colcon_meta']
[0.449s] Level 1:colcon.colcon_core.package_identification:_identify(src) by extension 'colcon_meta'
[0.449s] Level 1:colcon.colcon_core.package_identification:_identify(src) by extensions ['ros']
[0.449s] Level 1:colcon.colcon_core.package_identification:_identify(src) by extension 'ros'
[0.449s] Level 1:colcon.colcon_core.package_identification:_identify(src) by extensions ['cmake', 'python']
[0.450s] Level 1:colcon.colcon_core.package_identification:_identify(src) by extension 'cmake'
[0.450s] Level 1:colcon.colcon_core.package_identification:_identify(src) by extension 'python'
[0.450s] Level 1:colcon.colcon_core.package_identification:_identify(src) by extensions ['python_setup_py']
[0.450s] Level 1:colcon.colcon_core.package_identification:_identify(src) by extension 'python_setup_py'
[0.450s] Level 1:colcon.colcon_core.package_identification:_identify(src/experiment_logger) by extensions ['ignore', 'ignore_ament_install']
[0.450s] Level 1:colcon.colcon_core.package_identification:_identify(src/experiment_logger) by extension 'ignore'
[0.450s] Level 1:colcon.colcon_core.package_identification:_identify(src/experiment_logger) by extension 'ignore_ament_install'
[0.450s] Level 1:colcon.colcon_core.package_identification:_identify(src/experiment_logger) by extensions ['colcon_pkg']
[0.450s] Level 1:colcon.colcon_core.package_identification:_identify(src/experiment_logger) by extension 'colcon_pkg'
[0.450s] Level 1:colcon.colcon_core.package_identification:_identify(src/experiment_logger) by extensions ['colcon_meta']
[0.450s] Level 1:colcon.colcon_core.package_identification:_identify(src/experiment_logger) by extension 'colcon_meta'
[0.450s] Level 1:colcon.colcon_core.package_identification:_identify(src/experiment_logger) by extensions ['ros']
[0.450s] Level 1:colcon.colcon_core.package_identification:_identify(src/experiment_logger) by extension 'ros'
[0.457s] DEBUG:colcon.colcon_core.package_identification:Package 'src/experiment_logger' with type 'ros.ament_python' and name 'experiment_logger'
[0.457s] Level 1:colcon.colcon_core.package_identification:_identify(src/hrc_bringup) by extensions ['ignore', 'ignore_ament_install']
[0.457s] Level 1:colcon.colcon_core.package_identification:_identify(src/hrc_bringup) by extension 'ignore'
[0.457s] Level 1:colcon.colcon_core.package_identification:_identify(src/hrc_bringup) by extension 'ignore_ament_install'
[0.458s] Level 1:colcon.colcon_core.package_identification:_identify(src/hrc_bringup) by extensions ['colcon_pkg']
[0.458s] Level 1:colcon.colcon_core.package_identification:_identify(src/hrc_bringup) by extension 'colcon_pkg'
[0.458s] Level 1:colcon.colcon_core.package_identification:_identify(src/hrc_bringup) by extensions ['colcon_meta']
[0.458s] Level 1:colcon.colcon_core.package_identification:_identify(src/hrc_bringup) by extension 'colcon_meta'
[0.458s] Level 1:colcon.colcon_core.package_identification:_identify(src/hrc_bringup) by extensions ['ros']
[0.458s] Level 1:colcon.colcon_core.package_identification:_identify(src/hrc_bringup) by extension 'ros'
[0.459s] DEBUG:colcon.colcon_core.package_identification:Package 'src/hrc_bringup' with type 'ros.ament_cmake' and name 'hrc_bringup'
[0.460s] Level 1:colcon.colcon_core.package_identification:_identify(src/human_hand_msgs) by extensions ['ignore', 'ignore_ament_install']
[0.460s] Level 1:colcon.colcon_core.package_identification:_identify(src/human_hand_msgs) by extension 'ignore'
[0.460s] Level 1:colcon.colcon_core.package_identification:_identify(src/human_hand_msgs) by extension 'ignore_ament_install'
[0.460s] Level 1:colcon.colcon_core.package_identification:_identify(src/human_hand_msgs) by extensions ['colcon_pkg']
[0.460s] Level 1:colcon.colcon_core.package_identification:_identify(src/human_hand_msgs) by extension 'colcon_pkg'
[0.460s] Level 1:colcon.colcon_core.package_identification:_identify(src/human_hand_msgs) by extensions ['colcon_meta']
[0.461s] Level 1:colcon.colcon_core.package_identification:_identify(src/human_hand_msgs) by extension 'colcon_meta'
[0.461s] Level 1:colcon.colcon_core.package_identification:_identify(src/human_hand_msgs) by extensions ['ros']
[0.461s] Level 1:colcon.colcon_core.package_identification:_identify(src/human_hand_msgs) by extension 'ros'
[0.493s] DEBUG:colcon.colcon_core.package_identification:Package 'src/human_hand_msgs' with type 'ros.catkin' and name 'human_hand_msgs'
[0.493s] Level 1:colcon.colcon_core.package_identification:_identify(src/kinect_bridge) by extensions ['ignore', 'ignore_ament_install']
[0.494s] Level 1:colcon.colcon_core.package_identification:_identify(src/kinect_bridge) by extension 'ignore'
[0.494s] Level 1:colcon.colcon_core.package_identification:_identify(src/kinect_bridge) by extension 'ignore_ament_install'
[0.494s] Level 1:colcon.colcon_core.package_identification:_identify(src/kinect_bridge) by extensions ['colcon_pkg']
[0.494s] Level 1:colcon.colcon_core.package_identification:_identify(src/kinect_bridge) by extension 'colcon_pkg'
[0.494s] Level 1:colcon.colcon_core.package_identification:_identify(src/kinect_bridge) by extensions ['colcon_meta']
[0.494s] Level 1:colcon.colcon_core.package_identification:_identify(src/kinect_bridge) by extension 'colcon_meta'
[0.494s] Level 1:colcon.colcon_core.package_identification:_identify(src/kinect_bridge) by extensions ['ros']
[0.494s] Level 1:colcon.colcon_core.package_identification:_identify(src/kinect_bridge) by extension 'ros'
[0.496s] DEBUG:colcon.colcon_core.package_identification:Package 'src/kinect_bridge' with type 'ros.ament_python' and name 'kinect_bridge'
[0.497s] Level 1:colcon.colcon_core.package_identification:_identify(src/predictor_ui) by extensions ['ignore', 'ignore_ament_install']
[0.497s] Level 1:colcon.colcon_core.package_identification:_identify(src/predictor_ui) by extension 'ignore'
[0.497s] Level 1:colcon.colcon_core.package_identification:_identify(src/predictor_ui) by extension 'ignore_ament_install'
[0.498s] Level 1:colcon.colcon_core.package_identification:_identify(src/predictor_ui) by extensions ['colcon_pkg']
[0.498s] Level 1:colcon.colcon_core.package_identification:_identify(src/predictor_ui) by extension 'colcon_pkg'
[0.498s] Level 1:colcon.colcon_core.package_identification:_identify(src/predictor_ui) by extensions ['colcon_meta']
[0.498s] Level 1:colcon.colcon_core.package_identification:_identify(src/predictor_ui) by extension 'colcon_meta'
[0.498s] Level 1:colcon.colcon_core.package_identification:_identify(src/predictor_ui) by extensions ['ros']
[0.498s] Level 1:colcon.colcon_core.package_identification:_identify(src/predictor_ui) by extension 'ros'
[0.500s] DEBUG:colcon.colcon_core.package_identification:Package 'src/predictor_ui' with type 'ros.ament_python' and name 'predictor_ui'
[0.500s] Level 1:colcon.colcon_core.package_identification:_identify(src/trajectory_predictor) by extensions ['ignore', 'ignore_ament_install']
[0.500s] Level 1:colcon.colcon_core.package_identification:_identify(src/trajectory_predictor) by extension 'ignore'
[0.500s] Level 1:colcon.colcon_core.package_identification:_identify(src/trajectory_predictor) by extension 'ignore_ament_install'
[0.500s] Level 1:colcon.colcon_core.package_identification:_identify(src/trajectory_predictor) by extensions ['colcon_pkg']
[0.500s] Level 1:colcon.colcon_core.package_identification:_identify(src/trajectory_predictor) by extension 'colcon_pkg'
[0.500s] Level 1:colcon.colcon_core.package_identification:_identify(src/trajectory_predictor) by extensions ['colcon_meta']
[0.500s] Level 1:colcon.colcon_core.package_identification:_identify(src/trajectory_predictor) by extension 'colcon_meta'
[0.501s] Level 1:colcon.colcon_core.package_identification:_identify(src/trajectory_predictor) by extensions ['ros']
[0.501s] Level 1:colcon.colcon_core.package_identification:_identify(src/trajectory_predictor) by extension 'ros'
[0.502s] DEBUG:colcon.colcon_core.package_identification:Package 'src/trajectory_predictor' with type 'ros.ament_python' and name 'trajectory_predictor'
[0.502s] Level 1:colcon.colcon_core.package_discovery:discover_packages(recursive) using defaults
[0.502s] Level 1:colcon.colcon_core.package_discovery:discover_packages(ignore) discover
[0.502s] Level 1:colcon.colcon_core.package_discovery:discover_packages(ignore) using defaults
[0.502s] Level 1:colcon.colcon_core.package_discovery:discover_packages(path) discover
[0.502s] Level 1:colcon.colcon_core.package_discovery:discover_packages(path) using defaults
[0.534s] INFO:colcon.colcon_core.package_selection:Skipping not selected package 'human_hand_msgs' in 'src/human_hand_msgs'
[0.534s] INFO:colcon.colcon_core.package_selection:Skipping not selected package 'experiment_logger' in 'src/experiment_logger'
[0.534s] INFO:colcon.colcon_core.package_selection:Skipping not selected package 'predictor_ui' in 'src/predictor_ui'
[0.534s] INFO:colcon.colcon_core.package_selection:Skipping not selected package 'hrc_bringup' in 'src/hrc_bringup'
[0.535s] Level 1:colcon.colcon_core.package_discovery:discover_packages(prefix_path) check parameters
[0.535s] Level 1:colcon.colcon_core.package_discovery:discover_packages(prefix_path) discover
[0.537s] DEBUG:colcon.colcon_installed_package_information.package_discovery:Found 6 installed packages in /home/duy/Experiment/hrc_ws/install
[0.538s] DEBUG:colcon.colcon_installed_package_information.package_discovery:Found 3 installed packages in /home/duy/kinectv2/install
[0.540s] DEBUG:colcon.colcon_installed_package_information.package_discovery:Found 358 installed packages in /opt/ros/humble
[0.542s] Level 1:colcon.colcon_core.package_discovery:discover_packages(prefix_path) using defaults
[0.594s] WARNING:colcon.colcon_core.package_selection:Some selected packages are already built in one or more underlay workspaces:
	'trajectory_predictor' is in: /home/duy/Experiment/hrc_ws/install/trajectory_predictor
	'kinect_bridge' is in: /home/duy/Experiment/hrc_ws/install/kinect_bridge
If a package in a merged underlay workspace is overridden and it installs headers, then all packages in the overlay must sort their include directories by workspace order. Failure to do so may result in build failures or undefined behavior at run time.
If the overridden package is used by another package in any underlay, then the overriding package in the overlay must be API and ABI compatible or undefined behavior at run time may occur.

If you understand the risks and want to override a package anyways, add the following to the command line:
	--allow-overriding kinect_bridge trajectory_predictor

This may be promoted to an error in a future release of colcon-override-check.
[0.595s] Level 5:colcon.colcon_core.verb:set package 'kinect_bridge' build argument 'cmake_args' from command line to 'None'
[0.595s] Level 5:colcon.colcon_core.verb:set package 'kinect_bridge' build argument 'cmake_target' from command line to 'None'
[0.595s] Level 5:colcon.colcon_core.verb:set package 'kinect_bridge' build argument 'cmake_target_skip_unavailable' from command line to 'False'
[0.595s] Level 5:colcon.colcon_core.verb:set package 'kinect_bridge' build argument 'cmake_clean_cache' from command line to 'False'
[0.595s] Level 5:colcon.colcon_core.verb:set package 'kinect_bridge' build argument 'cmake_clean_first' from command line to 'False'
[0.595s] Level 5:colcon.colcon_core.verb:set package 'kinect_bridge' build argument 'cmake_force_configure' from command line to 'False'
[0.595s] Level 5:colcon.colcon_core.verb:set package 'kinect_bridge' build argument 'ament_cmake_args' from command line to 'None'
[0.595s] Level 5:colcon.colcon_core.verb:set package 'kinect_bridge' build argument 'catkin_cmake_args' from command line to 'None'
[0.595s] Level 5:colcon.colcon_core.verb:set package 'kinect_bridge' build argument 'catkin_skip_building_tests' from command line to 'False'
[0.595s] DEBUG:colcon.colcon_core.verb:Building package 'kinect_bridge' with the following arguments: {'ament_cmake_args': None, 'build_base': '/home/duy/Experiment/hrc_ws/build/kinect_bridge', 'catkin_cmake_args': None, 'catkin_skip_building_tests': False, 'cmake_args': None, 'cmake_clean_cache': False, 'cmake_clean_first': False, 'cmake_force_configure': False, 'cmake_target': None, 'cmake_target_skip_unavailable': False, 'install_base': '/home/duy/Experiment/hrc_ws/install/kinect_bridge', 'merge_install': False, 'path': '/home/duy/Experiment/hrc_ws/src/kinect_bridge', 'symlink_install': False, 'test_result_base': None}
[0.596s] Level 5:colcon.colcon_core.verb:set package 'trajectory_predictor' build argument 'cmake_args' from command line to 'None'
[0.596s] Level 5:colcon.colcon_core.verb:set package 'trajectory_predictor' build argument 'cmake_target' from command line to 'None'
[0.596s] Level 5:colcon.colcon_core.verb:set package 'trajectory_predictor' build argument 'cmake_target_skip_unavailable' from command line to 'False'
[0.596s] Level 5:colcon.colcon_core.verb:set package 'trajectory_predictor' build argument 'cmake_clean_cache' from command line to 'False'
[0.596s] Level 5:colcon.colcon_core.verb:set package 'trajectory_predictor' build argument 'cmake_clean_first' from command line to 'False'
[0.596s] Level 5:colcon.colcon_core.verb:set package 'trajectory_predictor' build argument 'cmake_force_configure' from command line to 'False'
[0.596s] Level 5:colcon.colcon_core.verb:set package 'trajectory_predictor' build argument 'ament_cmake_args' from command line to 'None'
[0.596s] Level 5:colcon.colcon_core.verb:set package 'trajectory_predictor' build argument 'catkin_cmake_args' from command line to 'None'
[0.596s] Level 5:colcon.colcon_core.verb:set package 'trajectory_predictor' build argument 'catkin_skip_building_tests' from command line to 'False'
[0.596s] DEBUG:colcon.colcon_core.verb:Building package 'trajectory_predictor' with the following arguments: {'ament_cmake_args': None, 'build_base': '/home/duy/Experiment/hrc_ws/build/trajectory_predictor', 'catkin_cmake_args': None, 'catkin_skip_building_tests': False, 'cmake_args': None, 'cmake_clean_cache': False, 'cmake_clean_first': False, 'cmake_force_configure': False, 'cmake_target': None, 'cmake_target_skip_unavailable': False, 'install_base': '/home/duy/Experiment/hrc_ws/install/trajectory_predictor', 'merge_install': False, 'path': '/home/duy/Experiment/hrc_ws/src/trajectory_predictor', 'symlink_install': False, 'test_result_base': None}
[0.596s] INFO:colcon.colcon_core.executor:Executing jobs using 'parallel' executor
[0.597s] DEBUG:colcon.colcon_parallel_executor.executor.parallel:run_until_complete
[0.598s] INFO:colcon.colcon_ros.task.ament_python.build:Building ROS package in '/home/duy/Experiment/hrc_ws/src/kinect_bridge' with build type 'ament_python'
[0.598s] Level 1:colcon.colcon_core.shell:create_environment_hook('kinect_bridge', 'ament_prefix_path')
[0.601s] INFO:colcon.colcon_core.plugin_system:Skipping extension 'colcon_core.shell.bat': Not used on non-Windows systems
[0.601s] INFO:colcon.colcon_core.shell:Creating environment hook '/home/duy/Experiment/hrc_ws/install/kinect_bridge/share/kinect_bridge/hook/ament_prefix_path.ps1'
[0.602s] INFO:colcon.colcon_core.shell:Creating environment descriptor '/home/duy/Experiment/hrc_ws/install/kinect_bridge/share/kinect_bridge/hook/ament_prefix_path.dsv'
[0.602s] INFO:colcon.colcon_core.shell:Creating environment hook '/home/duy/Experiment/hrc_ws/install/kinect_bridge/share/kinect_bridge/hook/ament_prefix_path.sh'
[0.603s] INFO:colcon.colcon_core.shell:Skip shell extension 'powershell' for command environment: Not usable outside of PowerShell
[0.603s] DEBUG:colcon.colcon_core.shell:Skip shell extension 'dsv' for command environment
[0.609s] INFO:colcon.colcon_ros.task.ament_python.build:Building ROS package in '/home/duy/Experiment/hrc_ws/src/trajectory_predictor' with build type 'ament_python'
[0.609s] Level 1:colcon.colcon_core.shell:create_environment_hook('trajectory_predictor', 'ament_prefix_path')
[0.610s] INFO:colcon.colcon_core.shell:Creating environment hook '/home/duy/Experiment/hrc_ws/install/trajectory_predictor/share/trajectory_predictor/hook/ament_prefix_path.ps1'
[0.610s] INFO:colcon.colcon_core.shell:Creating environment descriptor '/home/duy/Experiment/hrc_ws/install/trajectory_predictor/share/trajectory_predictor/hook/ament_prefix_path.dsv'
[0.611s] INFO:colcon.colcon_core.shell:Creating environment hook '/home/duy/Experiment/hrc_ws/install/trajectory_predictor/share/trajectory_predictor/hook/ament_prefix_path.sh'
[0.611s] INFO:colcon.colcon_core.shell:Skip shell extension 'powershell' for command environment: Not usable outside of PowerShell
[0.611s] DEBUG:colcon.colcon_core.shell:Skip shell extension 'dsv' for command environment
[1.051s] INFO:colcon.colcon_core.task.python.build:Building Python package in '/home/duy/Experiment/hrc_ws/src/kinect_bridge'
[1.052s] INFO:colcon.colcon_core.shell:Skip shell extension 'powershell' for command environment: Not usable outside of PowerShell
[1.052s] DEBUG:colcon.colcon_core.shell:Skip shell extension 'dsv' for command environment
[1.578s] INFO:colcon.colcon_core.task.python.build:Building Python package in '/home/duy/Experiment/hrc_ws/src/trajectory_predictor'
[1.579s] INFO:colcon.colcon_core.shell:Skip shell extension 'powershell' for command environment: Not usable outside of PowerShell
[1.579s] DEBUG:colcon.colcon_core.shell:Skip shell extension 'dsv' for command environment
[2.385s] DEBUG:colcon.colcon_core.event_handler.log_command:Invoking command in '/home/duy/Experiment/hrc_ws/build/kinect_bridge': CMAKE_PREFIX_PATH=/home/duy/Experiment/hrc_ws/install/human_hand_msgs:/home/duy/Experiment/hrc_ws/install/hrc_bringup:/home/duy/kinectv2/install/libfreenect2:/home/duy/kinectv2/install/kinect2_bridge:/home/duy/kinectv2/install/kinect2_registration PYTHONPATH=/home/duy/Experiment/hrc_ws/build/kinect_bridge/prefix_override:/usr/lib/python3/dist-packages/colcon_core/task/python/colcon_distutils_commands:/home/duy/Experiment/hrc_ws/install/kinect_bridge/lib/python3.10/site-packages:/home/duy/Experiment/hrc_ws/install/human_hand_msgs/local/lib/python3.10/dist-packages:/home/duy/Experiment/hrc_ws/build/trajectory_predictor:/home/duy/Experiment/hrc_ws/install/trajectory_predictor/lib/python3.10/site-packages:/home/duy/Experiment/hrc_ws/build/predictor_ui:/home/duy/Experiment/hrc_ws/install/predictor_ui/lib/python3.10/site-packages:/home/duy/Experiment/hrc_ws/build/kinect_bridge:/home/duy/Experiment/hrc_ws/install/kinect_bridge/lib/python3.10/site-packages:/home/duy/Experiment/hrc_ws/build/experiment_logger:/home/duy/Experiment/hrc_ws/install/experiment_logger/lib/python3.10/site-packages:/opt/ros/humble/lib/python3.10/site-packages:/opt/ros/humble/local/lib/python3.10/dist-packages /usr/bin/python3 -W ignore:setup.py install is deprecated -W ignore:easy_install command is deprecated setup.py develop --uninstall --editable --build-directory /home/duy/Experiment/hrc_ws/build/kinect_bridge/build
[2.541s] DEBUG:colcon.colcon_core.event_handler.log_command:Invoking command in '/home/duy/Experiment/hrc_ws/build/trajectory_predictor': CMAKE_PREFIX_PATH=/home/duy/Experiment/hrc_ws/install/human_hand_msgs:/home/duy/Experiment/hrc_ws/install/hrc_bringup:/home/duy/kinectv2/install/libfreenect2:/home/duy/kinectv2/install/kinect2_bridge:/home/duy/kinectv2/install/kinect2_registration PYTHONPATH=/home/duy/Experiment/hrc_ws/build/trajectory_predictor/prefix_override:/usr/lib/python3/dist-packages/colcon_core/task/python/colcon_distutils_commands:/home/duy/Experiment/hrc_ws/install/trajectory_predictor/lib/python3.10/site-packages:/home/duy/Experiment/hrc_ws/install/human_hand_msgs/local/lib/python3.10/dist-packages:/home/duy/Experiment/hrc_ws/build/trajectory_predictor:/home/duy/Experiment/hrc_ws/install/trajectory_predictor/lib/python3.10/site-packages:/home/duy/Experiment/hrc_ws/build/predictor_ui:/home/duy/Experiment/hrc_ws/install/predictor_ui/lib/python3.10/site-packages:/home/duy/Experiment/hrc_ws/build/kinect_bridge:/home/duy/Experiment/hrc_ws/install/kinect_bridge/lib/python3.10/site-packages:/home/duy/Experiment/hrc_ws/build/experiment_logger:/home/duy/Experiment/hrc_ws/install/experiment_logger/lib/python3.10/site-packages:/opt/ros/humble/lib/python3.10/site-packages:/opt/ros/humble/local/lib/python3.10/dist-packages /usr/bin/python3 -W ignore:setup.py install is deprecated -W ignore:easy_install command is deprecated setup.py develop --uninstall --editable --build-directory /home/duy/Experiment/hrc_ws/build/trajectory_predictor/build
[3.135s] DEBUG:colcon.colcon_core.event_handler.log_command:Invoked command in '/home/duy/Experiment/hrc_ws/build/kinect_bridge' returned '0': CMAKE_PREFIX_PATH=/home/duy/Experiment/hrc_ws/install/human_hand_msgs:/home/duy/Experiment/hrc_ws/install/hrc_bringup:/home/duy/kinectv2/install/libfreenect2:/home/duy/kinectv2/install/kinect2_bridge:/home/duy/kinectv2/install/kinect2_registration PYTHONPATH=/home/duy/Experiment/hrc_ws/build/kinect_bridge/prefix_override:/usr/lib/python3/dist-packages/colcon_core/task/python/colcon_distutils_commands:/home/duy/Experiment/hrc_ws/install/kinect_bridge/lib/python3.10/site-packages:/home/duy/Experiment/hrc_ws/install/human_hand_msgs/local/lib/python3.10/dist-packages:/home/duy/Experiment/hrc_ws/build/trajectory_predictor:/home/duy/Experiment/hrc_ws/install/trajectory_predictor/lib/python3.10/site-packages:/home/duy/Experiment/hrc_ws/build/predictor_ui:/home/duy/Experiment/hrc_ws/install/predictor_ui/lib/python3.10/site-packages:/home/duy/Experiment/hrc_ws/build/kinect_bridge:/home/duy/Experiment/hrc_ws/install/kinect_bridge/lib/python3.10/site-packages:/home/duy/Experiment/hrc_ws/build/experiment_logger:/home/duy/Experiment/hrc_ws/install/experiment_logger/lib/python3.10/site-packages:/opt/ros/humble/lib/python3.10/site-packages:/opt/ros/humble/local/lib/python3.10/dist-packages /usr/bin/python3 -W ignore:setup.py install is deprecated -W ignore:easy_install command is deprecated setup.py develop --uninstall --editable --build-directory /home/duy/Experiment/hrc_ws/build/kinect_bridge/build
[3.141s] DEBUG:colcon.colcon_core.event_handler.log_command:Invoking command in '/home/duy/Experiment/hrc_ws/src/kinect_bridge': CMAKE_PREFIX_PATH=/home/duy/Experiment/hrc_ws/install/human_hand_msgs:/home/duy/Experiment/hrc_ws/install/hrc_bringup:/home/duy/kinectv2/install/libfreenect2:/home/duy/kinectv2/install/kinect2_bridge:/home/duy/kinectv2/install/kinect2_registration PYTHONPATH=/home/duy/Experiment/hrc_ws/build/kinect_bridge/prefix_override:/usr/lib/python3/dist-packages/colcon_core/task/python/colcon_distutils_commands:/home/duy/Experiment/hrc_ws/install/kinect_bridge/lib/python3.10/site-packages:/home/duy/Experiment/hrc_ws/install/human_hand_msgs/local/lib/python3.10/dist-packages:/home/duy/Experiment/hrc_ws/build/trajectory_predictor:/home/duy/Experiment/hrc_ws/install/trajectory_predictor/lib/python3.10/site-packages:/home/duy/Experiment/hrc_ws/build/predictor_ui:/home/duy/Experiment/hrc_ws/install/predictor_ui/lib/python3.10/site-packages:/home/duy/Experiment/hrc_ws/build/kinect_bridge:/home/duy/Experiment/hrc_ws/install/kinect_bridge/lib/python3.10/site-packages:/home/duy/Experiment/hrc_ws/build/experiment_logger:/home/duy/Experiment/hrc_ws/install/experiment_logger/lib/python3.10/site-packages:/opt/ros/humble/lib/python3.10/site-packages:/opt/ros/humble/local/lib/python3.10/dist-packages /usr/bin/python3 -W ignore:setup.py install is deprecated -W ignore:easy_install command is deprecated setup.py egg_info --egg-base ../../build/kinect_bridge build --build-base /home/duy/Experiment/hrc_ws/build/kinect_bridge/build install --record /home/duy/Experiment/hrc_ws/build/kinect_bridge/install.log --single-version-externally-managed install_data --force
[3.433s] DEBUG:colcon.colcon_core.event_handler.log_command:Invoked command in '/home/duy/Experiment/hrc_ws/build/trajectory_predictor' returned '0': CMAKE_PREFIX_PATH=/home/duy/Experiment/hrc_ws/install/human_hand_msgs:/home/duy/Experiment/hrc_ws/install/hrc_bringup:/home/duy/kinectv2/install/libfreenect2:/home/duy/kinectv2/install/kinect2_bridge:/home/duy/kinectv2/install/kinect2_registration PYTHONPATH=/home/duy/Experiment/hrc_ws/build/trajectory_predictor/prefix_override:/usr/lib/python3/dist-packages/colcon_core/task/python/colcon_distutils_commands:/home/duy/Experiment/hrc_ws/install/trajectory_predictor/lib/python3.10/site-packages:/home/duy/Experiment/hrc_ws/install/human_hand_msgs/local/lib/python3.10/dist-packages:/home/duy/Experiment/hrc_ws/build/trajectory_predictor:/home/duy/Experiment/hrc_ws/install/trajectory_predictor/lib/python3.10/site-packages:/home/duy/Experiment/hrc_ws/build/predictor_ui:/home/duy/Experiment/hrc_ws/install/predictor_ui/lib/python3.10/site-packages:/home/duy/Experiment/hrc_ws/build/kinect_bridge:/home/duy/Experiment/hrc_ws/install/kinect_bridge/lib/python3.10/site-packages:/home/duy/Experiment/hrc_ws/build/experiment_logger:/home/duy/Experiment/hrc_ws/install/experiment_logger/lib/python3.10/site-packages:/opt/ros/humble/lib/python3.10/site-packages:/opt/ros/humble/local/lib/python3.10/dist-packages /usr/bin/python3 -W ignore:setup.py install is deprecated -W ignore:easy_install command is deprecated setup.py develop --uninstall --editable --build-directory /home/duy/Experiment/hrc_ws/build/trajectory_predictor/build
[3.435s] DEBUG:colcon.colcon_core.event_handler.log_command:Invoking command in '/home/duy/Experiment/hrc_ws/src/trajectory_predictor': CMAKE_PREFIX_PATH=/home/duy/Experiment/hrc_ws/install/human_hand_msgs:/home/duy/Experiment/hrc_ws/install/hrc_bringup:/home/duy/kinectv2/install/libfreenect2:/home/duy/kinectv2/install/kinect2_bridge:/home/duy/kinectv2/install/kinect2_registration PYTHONPATH=/home/duy/Experiment/hrc_ws/build/trajectory_predictor/prefix_override:/usr/lib/python3/dist-packages/colcon_core/task/python/colcon_distutils_commands:/home/duy/Experiment/hrc_ws/install/trajectory_predictor/lib/python3.10/site-packages:/home/duy/Experiment/hrc_ws/install/human_hand_msgs/local/lib/python3.10/dist-packages:/home/duy/Experiment/hrc_ws/build/trajectory_predictor:/home/duy/Experiment/hrc_ws/install/trajectory_predictor/lib/python3.10/site-packages:/home/duy/Experiment/hrc_ws/build/predictor_ui:/home/duy/Experiment/hrc_ws/install/predictor_ui/lib/python3.10/site-packages:/home/duy/Experiment/hrc_ws/build/kinect_bridge:/home/duy/Experiment/hrc_ws/install/kinect_bridge/lib/python3.10/site-packages:/home/duy/Experiment/hrc_ws/build/experiment_logger:/home/duy/Experiment/hrc_ws/install/experiment_logger/lib/python3.10/site-packages:/opt/ros/humble/lib/python3.10/site-packages:/opt/ros/humble/local/lib/python3.10/dist-packages /usr/bin/python3 -W ignore:setup.py install is deprecated -W ignore:easy_install command is deprecated setup.py egg_info --egg-base ../../build/trajectory_predictor build --build-base /home/duy/Experiment/hrc_ws/build/trajectory_predictor/build install --record /home/duy/Experiment/hrc_ws/build/trajectory_predictor/install.log --single-version-externally-managed install_data --force
[3.754s] DEBUG:colcon.colcon_core.event_handler.log_command:Invoked command in '/home/duy/Experiment/hrc_ws/src/kinect_bridge' returned '0': CMAKE_PREFIX_PATH=/home/duy/Experiment/hrc_ws/install/human_hand_msgs:/home/duy/Experiment/hrc_ws/install/hrc_bringup:/home/duy/kinectv2/install/libfreenect2:/home/duy/kinectv2/install/kinect2_bridge:/home/duy/kinectv2/install/kinect2_registration PYTHONPATH=/home/duy/Experiment/hrc_ws/build/kinect_bridge/prefix_override:/usr/lib/python3/dist-packages/colcon_core/task/python/colcon_distutils_commands:/home/duy/Experiment/hrc_ws/install/kinect_bridge/lib/python3.10/site-packages:/home/duy/Experiment/hrc_ws/install/human_hand_msgs/local/lib/python3.10/dist-packages:/home/duy/Experiment/hrc_ws/build/trajectory_predictor:/home/duy/Experiment/hrc_ws/install/trajectory_predictor/lib/python3.10/site-packages:/home/duy/Experiment/hrc_ws/build/predictor_ui:/home/duy/Experiment/hrc_ws/install/predictor_ui/lib/python3.10/site-packages:/home/duy/Experiment/hrc_ws/build/kinect_bridge:/home/duy/Experiment/hrc_ws/install/kinect_bridge/lib/python3.10/site-packages:/home/duy/Experiment/hrc_ws/build/experiment_logger:/home/duy/Experiment/hrc_ws/install/experiment_logger/lib/python3.10/site-packages:/opt/ros/humble/lib/python3.10/site-packages:/opt/ros/humble/local/lib/python3.10/dist-packages /usr/bin/python3 -W ignore:setup.py install is deprecated -W ignore:easy_install command is deprecated setup.py egg_info --egg-base ../../build/kinect_bridge build --build-base /home/duy/Experiment/hrc_ws/build/kinect_bridge/build install --record /home/duy/Experiment/hrc_ws/build/kinect_bridge/install.log --single-version-externally-managed install_data --force
[3.758s] Level 1:colcon.colcon_core.environment:checking '/home/duy/Experiment/hrc_ws/install/kinect_bridge' for CMake module files
[3.758s] Level 1:colcon.colcon_core.environment:checking '/home/duy/Experiment/hrc_ws/install/kinect_bridge' for CMake config files
[3.759s] Level 1:colcon.colcon_core.environment:checking '/home/duy/Experiment/hrc_ws/install/kinect_bridge/lib'
[3.760s] Level 1:colcon.colcon_core.environment:checking '/home/duy/Experiment/hrc_ws/install/kinect_bridge/bin'
[3.760s] Level 1:colcon.colcon_core.environment:checking '/home/duy/Experiment/hrc_ws/install/kinect_bridge/lib/pkgconfig/kinect_bridge.pc'
[3.760s] Level 1:colcon.colcon_core.environment:checking '/home/duy/Experiment/hrc_ws/install/kinect_bridge/lib/python3.10/site-packages'
[3.760s] Level 1:colcon.colcon_core.shell:create_environment_hook('kinect_bridge', 'pythonpath')
[3.760s] INFO:colcon.colcon_core.shell:Creating environment hook '/home/duy/Experiment/hrc_ws/install/kinect_bridge/share/kinect_bridge/hook/pythonpath.ps1'
[3.761s] INFO:colcon.colcon_core.shell:Creating environment descriptor '/home/duy/Experiment/hrc_ws/install/kinect_bridge/share/kinect_bridge/hook/pythonpath.dsv'
[3.762s] INFO:colcon.colcon_core.shell:Creating environment hook '/home/duy/Experiment/hrc_ws/install/kinect_bridge/share/kinect_bridge/hook/pythonpath.sh'
[3.762s] Level 1:colcon.colcon_core.environment:checking '/home/duy/Experiment/hrc_ws/install/kinect_bridge/bin'
[3.763s] Level 1:colcon.colcon_core.environment:create_environment_scripts_only(kinect_bridge)
[3.763s] INFO:colcon.colcon_core.shell:Creating package script '/home/duy/Experiment/hrc_ws/install/kinect_bridge/share/kinect_bridge/package.ps1'
[3.764s] INFO:colcon.colcon_core.shell:Creating package descriptor '/home/duy/Experiment/hrc_ws/install/kinect_bridge/share/kinect_bridge/package.dsv'
[3.765s] INFO:colcon.colcon_core.shell:Creating package script '/home/duy/Experiment/hrc_ws/install/kinect_bridge/share/kinect_bridge/package.sh'
[3.765s] INFO:colcon.colcon_core.shell:Creating package script '/home/duy/Experiment/hrc_ws/install/kinect_bridge/share/kinect_bridge/package.bash'
[3.766s] INFO:colcon.colcon_core.shell:Creating package script '/home/duy/Experiment/hrc_ws/install/kinect_bridge/share/kinect_bridge/package.zsh'
[3.767s] Level 1:colcon.colcon_core.environment:create_file_with_runtime_dependencies(/home/duy/Experiment/hrc_ws/install/kinect_bridge/share/colcon-core/packages/kinect_bridge)
[3.950s] Level 1:colcon.colcon_core.environment:checking '/home/duy/Experiment/hrc_ws/install/trajectory_predictor' for CMake module files
[3.951s] DEBUG:colcon.colcon_core.event_handler.log_command:Invoked command in '/home/duy/Experiment/hrc_ws/src/trajectory_predictor' returned '0': CMAKE_PREFIX_PATH=/home/duy/Experiment/hrc_ws/install/human_hand_msgs:/home/duy/Experiment/hrc_ws/install/hrc_bringup:/home/duy/kinectv2/install/libfreenect2:/home/duy/kinectv2/install/kinect2_bridge:/home/duy/kinectv2/install/kinect2_registration PYTHONPATH=/home/duy/Experiment/hrc_ws/build/trajectory_predictor/prefix_override:/usr/lib/python3/dist-packages/colcon_core/task/python/colcon_distutils_commands:/home/duy/Experiment/hrc_ws/install/trajectory_predictor/lib/python3.10/site-packages:/home/duy/Experiment/hrc_ws/install/human_hand_msgs/local/lib/python3.10/dist-packages:/home/duy/Experiment/hrc_ws/build/trajectory_predictor:/home/duy/Experiment/hrc_ws/install/trajectory_predictor/lib/python3.10/site-packages:/home/duy/Experiment/hrc_ws/build/predictor_ui:/home/duy/Experiment/hrc_ws/install/predictor_ui/lib/python3.10/site-packages:/home/duy/Experiment/hrc_ws/build/kinect_bridge:/home/duy/Experiment/hrc_ws/install/kinect_bridge/lib/python3.10/site-packages:/home/duy/Experiment/hrc_ws/build/experiment_logger:/home/duy/Experiment/hrc_ws/install/experiment_logger/lib/python3.10/site-packages:/opt/ros/humble/lib/python3.10/site-packages:/opt/ros/humble/local/lib/python3.10/dist-packages /usr/bin/python3 -W ignore:setup.py install is deprecated -W ignore:easy_install command is deprecated setup.py egg_info --egg-base ../../build/trajectory_predictor build --build-base /home/duy/Experiment/hrc_ws/build/trajectory_predictor/build install --record /home/duy/Experiment/hrc_ws/build/trajectory_predictor/install.log --single-version-externally-managed install_data --force
[3.951s] Level 1:colcon.colcon_core.environment:checking '/home/duy/Experiment/hrc_ws/install/trajectory_predictor' for CMake config files
[3.953s] Level 1:colcon.colcon_core.environment:checking '/home/duy/Experiment/hrc_ws/install/trajectory_predictor/lib'
[3.953s] Level 1:colcon.colcon_core.environment:checking '/home/duy/Experiment/hrc_ws/install/trajectory_predictor/bin'
[3.953s] Level 1:colcon.colcon_core.environment:checking '/home/duy/Experiment/hrc_ws/install/trajectory_predictor/lib/pkgconfig/trajectory_predictor.pc'
[3.954s] Level 1:colcon.colcon_core.environment:checking '/home/duy/Experiment/hrc_ws/install/trajectory_predictor/lib/python3.10/site-packages'
[3.954s] Level 1:colcon.colcon_core.shell:create_environment_hook('trajectory_predictor', 'pythonpath')
[3.955s] INFO:colcon.colcon_core.shell:Creating environment hook '/home/duy/Experiment/hrc_ws/install/trajectory_predictor/share/trajectory_predictor/hook/pythonpath.ps1'
[3.956s] INFO:colcon.colcon_core.shell:Creating environment descriptor '/home/duy/Experiment/hrc_ws/install/trajectory_predictor/share/trajectory_predictor/hook/pythonpath.dsv'
[3.957s] INFO:colcon.colcon_core.shell:Creating environment hook '/home/duy/Experiment/hrc_ws/install/trajectory_predictor/share/trajectory_predictor/hook/pythonpath.sh'
[3.958s] Level 1:colcon.colcon_core.environment:checking '/home/duy/Experiment/hrc_ws/install/trajectory_predictor/bin'
[3.958s] Level 1:colcon.colcon_core.environment:create_environment_scripts_only(trajectory_predictor)
[3.959s] INFO:colcon.colcon_core.shell:Creating package script '/home/duy/Experiment/hrc_ws/install/trajectory_predictor/share/trajectory_predictor/package.ps1'
[3.960s] INFO:colcon.colcon_core.shell:Creating package descriptor '/home/duy/Experiment/hrc_ws/install/trajectory_predictor/share/trajectory_predictor/package.dsv'
[3.961s] INFO:colcon.colcon_core.shell:Creating package script '/home/duy/Experiment/hrc_ws/install/trajectory_predictor/share/trajectory_predictor/package.sh'
[3.962s] INFO:colcon.colcon_core.shell:Creating package script '/home/duy/Experiment/hrc_ws/install/trajectory_predictor/share/trajectory_predictor/package.bash'
[3.963s] INFO:colcon.colcon_core.shell:Creating package script '/home/duy/Experiment/hrc_ws/install/trajectory_predictor/share/trajectory_predictor/package.zsh'
[3.963s] Level 1:colcon.colcon_core.environment:create_file_with_runtime_dependencies(/home/duy/Experiment/hrc_ws/install/trajectory_predictor/share/colcon-core/packages/trajectory_predictor)
[3.964s] DEBUG:colcon.colcon_parallel_executor.executor.parallel:closing loop
[3.964s] DEBUG:colcon.colcon_parallel_executor.executor.parallel:loop closed
[3.965s] DEBUG:colcon.colcon_parallel_executor.executor.parallel:run_until_complete finished with '0'
[3.965s] DEBUG:colcon.colcon_core.event_reactor:joining thread
[3.974s] INFO:colcon.colcon_core.plugin_system:Skipping extension 'colcon_notification.desktop_notification.terminal_notifier': Not used on non-Darwin systems
[3.974s] INFO:colcon.colcon_core.plugin_system:Skipping extension 'colcon_notification.desktop_notification.win32': Not used on non-Windows systems
[3.974s] INFO:colcon.colcon_notification.desktop_notification:Sending desktop notification using 'notify2'
[3.989s] DEBUG:colcon.colcon_core.event_reactor:joined thread
[3.990s] INFO:colcon.colcon_core.shell:Creating prefix script '/home/duy/Experiment/hrc_ws/install/local_setup.ps1'
[3.993s] INFO:colcon.colcon_core.shell:Creating prefix util module '/home/duy/Experiment/hrc_ws/install/_local_setup_util_ps1.py'
[3.995s] INFO:colcon.colcon_core.shell:Creating prefix chain script '/home/duy/Experiment/hrc_ws/install/setup.ps1'
[3.998s] INFO:colcon.colcon_core.shell:Creating prefix script '/home/duy/Experiment/hrc_ws/install/local_setup.sh'
[3.999s] INFO:colcon.colcon_core.shell:Creating prefix util module '/home/duy/Experiment/hrc_ws/install/_local_setup_util_sh.py'
[4.000s] INFO:colcon.colcon_core.shell:Creating prefix chain script '/home/duy/Experiment/hrc_ws/install/setup.sh'
[4.003s] INFO:colcon.colcon_core.shell:Creating prefix script '/home/duy/Experiment/hrc_ws/install/local_setup.bash'
[4.005s] INFO:colcon.colcon_core.shell:Creating prefix chain script '/home/duy/Experiment/hrc_ws/install/setup.bash'
[4.008s] INFO:colcon.colcon_core.shell:Creating prefix script '/home/duy/Experiment/hrc_ws/install/local_setup.zsh'
[4.009s] INFO:colcon.colcon_core.shell:Creating prefix chain script '/home/duy/Experiment/hrc_ws/install/setup.zsh'
