[1.785s] Invoking command in '/home/duy/Experiment/hrc_ws/build/kinect_bridge': CMAKE_PREFIX_PATH=/home/duy/Experiment/hrc_ws/install/human_hand_msgs:/home/duy/Experiment/hrc_ws/install/hrc_bringup:/home/duy/kinectv2/install/libfreenect2:/home/duy/kinectv2/install/kinect2_bridge:/home/duy/kinectv2/install/kinect2_registration PYTHONPATH=/home/duy/Experiment/hrc_ws/build/kinect_bridge/prefix_override:/usr/lib/python3/dist-packages/colcon_core/task/python/colcon_distutils_commands:/home/duy/Experiment/hrc_ws/install/kinect_bridge/lib/python3.10/site-packages:/home/duy/Experiment/hrc_ws/install/human_hand_msgs/local/lib/python3.10/dist-packages:/home/duy/Experiment/hrc_ws/build/trajectory_predictor:/home/duy/Experiment/hrc_ws/install/trajectory_predictor/lib/python3.10/site-packages:/home/duy/Experiment/hrc_ws/build/predictor_ui:/home/duy/Experiment/hrc_ws/install/predictor_ui/lib/python3.10/site-packages:/home/duy/Experiment/hrc_ws/build/kinect_bridge:/home/duy/Experiment/hrc_ws/install/kinect_bridge/lib/python3.10/site-packages:/home/duy/Experiment/hrc_ws/build/experiment_logger:/home/duy/Experiment/hrc_ws/install/experiment_logger/lib/python3.10/site-packages:/opt/ros/humble/lib/python3.10/site-packages:/opt/ros/humble/local/lib/python3.10/dist-packages /usr/bin/python3 -W ignore:setup.py install is deprecated -W ignore:easy_install command is deprecated setup.py develop --uninstall --editable --build-directory /home/duy/Experiment/hrc_ws/build/kinect_bridge/build
[2.259s] running develop
[2.486s] Removing /home/duy/Experiment/hrc_ws/install/kinect_bridge/lib/python3.10/site-packages/kinect-bridge.egg-link (link to .)
[2.535s] Invoked command in '/home/duy/Experiment/hrc_ws/build/kinect_bridge' returned '0': CMAKE_PREFIX_PATH=/home/duy/Experiment/hrc_ws/install/human_hand_msgs:/home/duy/Experiment/hrc_ws/install/hrc_bringup:/home/duy/kinectv2/install/libfreenect2:/home/duy/kinectv2/install/kinect2_bridge:/home/duy/kinectv2/install/kinect2_registration PYTHONPATH=/home/duy/Experiment/hrc_ws/build/kinect_bridge/prefix_override:/usr/lib/python3/dist-packages/colcon_core/task/python/colcon_distutils_commands:/home/duy/Experiment/hrc_ws/install/kinect_bridge/lib/python3.10/site-packages:/home/duy/Experiment/hrc_ws/install/human_hand_msgs/local/lib/python3.10/dist-packages:/home/duy/Experiment/hrc_ws/build/trajectory_predictor:/home/duy/Experiment/hrc_ws/install/trajectory_predictor/lib/python3.10/site-packages:/home/duy/Experiment/hrc_ws/build/predictor_ui:/home/duy/Experiment/hrc_ws/install/predictor_ui/lib/python3.10/site-packages:/home/duy/Experiment/hrc_ws/build/kinect_bridge:/home/duy/Experiment/hrc_ws/install/kinect_bridge/lib/python3.10/site-packages:/home/duy/Experiment/hrc_ws/build/experiment_logger:/home/duy/Experiment/hrc_ws/install/experiment_logger/lib/python3.10/site-packages:/opt/ros/humble/lib/python3.10/site-packages:/opt/ros/humble/local/lib/python3.10/dist-packages /usr/bin/python3 -W ignore:setup.py install is deprecated -W ignore:easy_install command is deprecated setup.py develop --uninstall --editable --build-directory /home/duy/Experiment/hrc_ws/build/kinect_bridge/build
[2.541s] Invoking command in '/home/duy/Experiment/hrc_ws/src/kinect_bridge': CMAKE_PREFIX_PATH=/home/duy/Experiment/hrc_ws/install/human_hand_msgs:/home/duy/Experiment/hrc_ws/install/hrc_bringup:/home/duy/kinectv2/install/libfreenect2:/home/duy/kinectv2/install/kinect2_bridge:/home/duy/kinectv2/install/kinect2_registration PYTHONPATH=/home/duy/Experiment/hrc_ws/build/kinect_bridge/prefix_override:/usr/lib/python3/dist-packages/colcon_core/task/python/colcon_distutils_commands:/home/duy/Experiment/hrc_ws/install/kinect_bridge/lib/python3.10/site-packages:/home/duy/Experiment/hrc_ws/install/human_hand_msgs/local/lib/python3.10/dist-packages:/home/duy/Experiment/hrc_ws/build/trajectory_predictor:/home/duy/Experiment/hrc_ws/install/trajectory_predictor/lib/python3.10/site-packages:/home/duy/Experiment/hrc_ws/build/predictor_ui:/home/duy/Experiment/hrc_ws/install/predictor_ui/lib/python3.10/site-packages:/home/duy/Experiment/hrc_ws/build/kinect_bridge:/home/duy/Experiment/hrc_ws/install/kinect_bridge/lib/python3.10/site-packages:/home/duy/Experiment/hrc_ws/build/experiment_logger:/home/duy/Experiment/hrc_ws/install/experiment_logger/lib/python3.10/site-packages:/opt/ros/humble/lib/python3.10/site-packages:/opt/ros/humble/local/lib/python3.10/dist-packages /usr/bin/python3 -W ignore:setup.py install is deprecated -W ignore:easy_install command is deprecated setup.py egg_info --egg-base ../../build/kinect_bridge build --build-base /home/duy/Experiment/hrc_ws/build/kinect_bridge/build install --record /home/duy/Experiment/hrc_ws/build/kinect_bridge/install.log --single-version-externally-managed install_data --force
[3.015s] running egg_info
[3.017s] writing ../../build/kinect_bridge/kinect_bridge.egg-info/PKG-INFO
[3.017s] writing dependency_links to ../../build/kinect_bridge/kinect_bridge.egg-info/dependency_links.txt
[3.017s] writing entry points to ../../build/kinect_bridge/kinect_bridge.egg-info/entry_points.txt
[3.018s] writing requirements to ../../build/kinect_bridge/kinect_bridge.egg-info/requires.txt
[3.018s] writing top-level names to ../../build/kinect_bridge/kinect_bridge.egg-info/top_level.txt
[3.022s] reading manifest file '../../build/kinect_bridge/kinect_bridge.egg-info/SOURCES.txt'
[3.023s] writing manifest file '../../build/kinect_bridge/kinect_bridge.egg-info/SOURCES.txt'
[3.023s] running build
[3.023s] running build_py
[3.023s] creating /home/duy/Experiment/hrc_ws/build/kinect_bridge/build
[3.024s] creating /home/duy/Experiment/hrc_ws/build/kinect_bridge/build/lib
[3.024s] creating /home/duy/Experiment/hrc_ws/build/kinect_bridge/build/lib/kinect_bridge
[3.024s] copying kinect_bridge/__init__.py -> /home/duy/Experiment/hrc_ws/build/kinect_bridge/build/lib/kinect_bridge
[3.024s] copying kinect_bridge/mock_kinect_sender.py -> /home/duy/Experiment/hrc_ws/build/kinect_bridge/build/lib/kinect_bridge
[3.024s] copying kinect_bridge/bridge_node.py -> /home/duy/Experiment/hrc_ws/build/kinect_bridge/build/lib/kinect_bridge
[3.025s] running install
[3.025s] running install_lib
[3.027s] creating /home/duy/Experiment/hrc_ws/install/kinect_bridge/lib/python3.10/site-packages/kinect_bridge
[3.027s] copying /home/duy/Experiment/hrc_ws/build/kinect_bridge/build/lib/kinect_bridge/__init__.py -> /home/duy/Experiment/hrc_ws/install/kinect_bridge/lib/python3.10/site-packages/kinect_bridge
[3.027s] copying /home/duy/Experiment/hrc_ws/build/kinect_bridge/build/lib/kinect_bridge/mock_kinect_sender.py -> /home/duy/Experiment/hrc_ws/install/kinect_bridge/lib/python3.10/site-packages/kinect_bridge
[3.028s] copying /home/duy/Experiment/hrc_ws/build/kinect_bridge/build/lib/kinect_bridge/bridge_node.py -> /home/duy/Experiment/hrc_ws/install/kinect_bridge/lib/python3.10/site-packages/kinect_bridge
[3.029s] byte-compiling /home/duy/Experiment/hrc_ws/install/kinect_bridge/lib/python3.10/site-packages/kinect_bridge/__init__.py to __init__.cpython-310.pyc
[3.029s] byte-compiling /home/duy/Experiment/hrc_ws/install/kinect_bridge/lib/python3.10/site-packages/kinect_bridge/mock_kinect_sender.py to mock_kinect_sender.cpython-310.pyc
[3.032s] byte-compiling /home/duy/Experiment/hrc_ws/install/kinect_bridge/lib/python3.10/site-packages/kinect_bridge/bridge_node.py to bridge_node.cpython-310.pyc
[3.035s] running install_data
[3.035s] copying resource/kinect_bridge -> /home/duy/Experiment/hrc_ws/install/kinect_bridge/share/ament_index/resource_index/packages
[3.036s] copying package.xml -> /home/duy/Experiment/hrc_ws/install/kinect_bridge/share/kinect_bridge
[3.036s] copying config/bridge_params.yaml -> /home/duy/Experiment/hrc_ws/install/kinect_bridge/share/kinect_bridge/config
[3.036s] running install_egg_info
[3.042s] Copying ../../build/kinect_bridge/kinect_bridge.egg-info to /home/duy/Experiment/hrc_ws/install/kinect_bridge/lib/python3.10/site-packages/kinect_bridge-0.1.0-py3.10.egg-info
[3.044s] running install_scripts
[3.088s] Installing bridge_node script to /home/duy/Experiment/hrc_ws/install/kinect_bridge/lib/kinect_bridge
[3.088s] writing list of installed files to '/home/duy/Experiment/hrc_ws/build/kinect_bridge/install.log'
[3.154s] Invoked command in '/home/duy/Experiment/hrc_ws/src/kinect_bridge' returned '0': CMAKE_PREFIX_PATH=/home/duy/Experiment/hrc_ws/install/human_hand_msgs:/home/duy/Experiment/hrc_ws/install/hrc_bringup:/home/duy/kinectv2/install/libfreenect2:/home/duy/kinectv2/install/kinect2_bridge:/home/duy/kinectv2/install/kinect2_registration PYTHONPATH=/home/duy/Experiment/hrc_ws/build/kinect_bridge/prefix_override:/usr/lib/python3/dist-packages/colcon_core/task/python/colcon_distutils_commands:/home/duy/Experiment/hrc_ws/install/kinect_bridge/lib/python3.10/site-packages:/home/duy/Experiment/hrc_ws/install/human_hand_msgs/local/lib/python3.10/dist-packages:/home/duy/Experiment/hrc_ws/build/trajectory_predictor:/home/duy/Experiment/hrc_ws/install/trajectory_predictor/lib/python3.10/site-packages:/home/duy/Experiment/hrc_ws/build/predictor_ui:/home/duy/Experiment/hrc_ws/install/predictor_ui/lib/python3.10/site-packages:/home/duy/Experiment/hrc_ws/build/kinect_bridge:/home/duy/Experiment/hrc_ws/install/kinect_bridge/lib/python3.10/site-packages:/home/duy/Experiment/hrc_ws/build/experiment_logger:/home/duy/Experiment/hrc_ws/install/experiment_logger/lib/python3.10/site-packages:/opt/ros/humble/lib/python3.10/site-packages:/opt/ros/humble/local/lib/python3.10/dist-packages /usr/bin/python3 -W ignore:setup.py install is deprecated -W ignore:easy_install command is deprecated setup.py egg_info --egg-base ../../build/kinect_bridge build --build-base /home/duy/Experiment/hrc_ws/build/kinect_bridge/build install --record /home/duy/Experiment/hrc_ws/build/kinect_bridge/install.log --single-version-externally-managed install_data --force
