[0.011s] Invoking command in '/home/duy/Experiment/hrc_ws/build/hrc_bringup': AMENT_PREFIX_PATH=/home/duy/Experiment/hrc_ws/install/trajectory_predictor:/home/duy/Experiment/hrc_ws/install/predictor_ui:/home/duy/Experiment/hrc_ws/install/kinect_bridge:/home/duy/Experiment/hrc_ws/install/experiment_logger:/home/duy/Experiment/hrc_ws/install/hrc_bringup:/home/duy/kinectv2/install/kinect2_bridge:/home/duy/kinectv2/install/kinect2_registration:/opt/ros/humble CMAKE_PREFIX_PATH=/home/duy/Experiment/hrc_ws/install/trajectory_predictor:/home/duy/Experiment/hrc_ws/install/predictor_ui:/home/duy/Experiment/hrc_ws/install/kinect_bridge:/home/duy/Experiment/hrc_ws/install/experiment_logger:/opt/ros/humble:/home/duy/Experiment/hrc_ws/install/human_hand_msgs:/home/duy/Experiment/hrc_ws/install/hrc_bringup:/home/duy/kinectv2/install/libfreenect2:/home/duy/kinectv2/install/kinect2_bridge:/home/duy/kinectv2/install/kinect2_registration /usr/bin/cmake --build /home/duy/Experiment/hrc_ws/build/hrc_bringup -- -j16 -l16
[0.038s] Invoked command in '/home/duy/Experiment/hrc_ws/build/hrc_bringup' returned '0': AMENT_PREFIX_PATH=/home/duy/Experiment/hrc_ws/install/trajectory_predictor:/home/duy/Experiment/hrc_ws/install/predictor_ui:/home/duy/Experiment/hrc_ws/install/kinect_bridge:/home/duy/Experiment/hrc_ws/install/experiment_logger:/home/duy/Experiment/hrc_ws/install/hrc_bringup:/home/duy/kinectv2/install/kinect2_bridge:/home/duy/kinectv2/install/kinect2_registration:/opt/ros/humble CMAKE_PREFIX_PATH=/home/duy/Experiment/hrc_ws/install/trajectory_predictor:/home/duy/Experiment/hrc_ws/install/predictor_ui:/home/duy/Experiment/hrc_ws/install/kinect_bridge:/home/duy/Experiment/hrc_ws/install/experiment_logger:/opt/ros/humble:/home/duy/Experiment/hrc_ws/install/human_hand_msgs:/home/duy/Experiment/hrc_ws/install/hrc_bringup:/home/duy/kinectv2/install/libfreenect2:/home/duy/kinectv2/install/kinect2_bridge:/home/duy/kinectv2/install/kinect2_registration /usr/bin/cmake --build /home/duy/Experiment/hrc_ws/build/hrc_bringup -- -j16 -l16
[0.039s] Invoking command in '/home/duy/Experiment/hrc_ws/build/hrc_bringup': AMENT_PREFIX_PATH=/home/duy/Experiment/hrc_ws/install/trajectory_predictor:/home/duy/Experiment/hrc_ws/install/predictor_ui:/home/duy/Experiment/hrc_ws/install/kinect_bridge:/home/duy/Experiment/hrc_ws/install/experiment_logger:/home/duy/Experiment/hrc_ws/install/hrc_bringup:/home/duy/kinectv2/install/kinect2_bridge:/home/duy/kinectv2/install/kinect2_registration:/opt/ros/humble CMAKE_PREFIX_PATH=/home/duy/Experiment/hrc_ws/install/trajectory_predictor:/home/duy/Experiment/hrc_ws/install/predictor_ui:/home/duy/Experiment/hrc_ws/install/kinect_bridge:/home/duy/Experiment/hrc_ws/install/experiment_logger:/opt/ros/humble:/home/duy/Experiment/hrc_ws/install/human_hand_msgs:/home/duy/Experiment/hrc_ws/install/hrc_bringup:/home/duy/kinectv2/install/libfreenect2:/home/duy/kinectv2/install/kinect2_bridge:/home/duy/kinectv2/install/kinect2_registration /usr/bin/cmake --install /home/duy/Experiment/hrc_ws/build/hrc_bringup
[0.048s] -- Install configuration: ""
[0.048s] -- Execute custom install script
[0.048s] -- Up-to-date symlink: /home/duy/Experiment/hrc_ws/install/hrc_bringup/share/hrc_bringup/launch/full_pipeline.launch.py
[0.048s] -- Up-to-date symlink: /home/duy/Experiment/hrc_ws/install/hrc_bringup/share/hrc_bringup/config/all_params.yaml
[0.048s] -- Up-to-date symlink: /home/duy/Experiment/hrc_ws/install/hrc_bringup/share/ament_index/resource_index/package_run_dependencies/hrc_bringup
[0.048s] -- Up-to-date symlink: /home/duy/Experiment/hrc_ws/install/hrc_bringup/share/ament_index/resource_index/parent_prefix_path/hrc_bringup
[0.049s] -- Up-to-date symlink: /home/duy/Experiment/hrc_ws/install/hrc_bringup/share/hrc_bringup/environment/ament_prefix_path.sh
[0.049s] -- Up-to-date symlink: /home/duy/Experiment/hrc_ws/install/hrc_bringup/share/hrc_bringup/environment/ament_prefix_path.dsv
[0.049s] -- Up-to-date symlink: /home/duy/Experiment/hrc_ws/install/hrc_bringup/share/hrc_bringup/environment/path.sh
[0.049s] -- Up-to-date symlink: /home/duy/Experiment/hrc_ws/install/hrc_bringup/share/hrc_bringup/environment/path.dsv
[0.049s] -- Up-to-date symlink: /home/duy/Experiment/hrc_ws/install/hrc_bringup/share/hrc_bringup/local_setup.bash
[0.049s] -- Up-to-date symlink: /home/duy/Experiment/hrc_ws/install/hrc_bringup/share/hrc_bringup/local_setup.sh
[0.049s] -- Up-to-date symlink: /home/duy/Experiment/hrc_ws/install/hrc_bringup/share/hrc_bringup/local_setup.zsh
[0.049s] -- Up-to-date symlink: /home/duy/Experiment/hrc_ws/install/hrc_bringup/share/hrc_bringup/local_setup.dsv
[0.049s] -- Symlinking: /home/duy/Experiment/hrc_ws/install/hrc_bringup/share/hrc_bringup/package.dsv
[0.057s] -- Up-to-date symlink: /home/duy/Experiment/hrc_ws/install/hrc_bringup/share/ament_index/resource_index/packages/hrc_bringup
[0.057s] -- Up-to-date symlink: /home/duy/Experiment/hrc_ws/install/hrc_bringup/share/hrc_bringup/cmake/hrc_bringupConfig.cmake
[0.057s] -- Up-to-date symlink: /home/duy/Experiment/hrc_ws/install/hrc_bringup/share/hrc_bringup/cmake/hrc_bringupConfig-version.cmake
[0.057s] -- Up-to-date symlink: /home/duy/Experiment/hrc_ws/install/hrc_bringup/share/hrc_bringup/package.xml
[0.059s] Invoked command in '/home/duy/Experiment/hrc_ws/build/hrc_bringup' returned '0': AMENT_PREFIX_PATH=/home/duy/Experiment/hrc_ws/install/trajectory_predictor:/home/duy/Experiment/hrc_ws/install/predictor_ui:/home/duy/Experiment/hrc_ws/install/kinect_bridge:/home/duy/Experiment/hrc_ws/install/experiment_logger:/home/duy/Experiment/hrc_ws/install/hrc_bringup:/home/duy/kinectv2/install/kinect2_bridge:/home/duy/kinectv2/install/kinect2_registration:/opt/ros/humble CMAKE_PREFIX_PATH=/home/duy/Experiment/hrc_ws/install/trajectory_predictor:/home/duy/Experiment/hrc_ws/install/predictor_ui:/home/duy/Experiment/hrc_ws/install/kinect_bridge:/home/duy/Experiment/hrc_ws/install/experiment_logger:/opt/ros/humble:/home/duy/Experiment/hrc_ws/install/human_hand_msgs:/home/duy/Experiment/hrc_ws/install/hrc_bringup:/home/duy/kinectv2/install/libfreenect2:/home/duy/kinectv2/install/kinect2_bridge:/home/duy/kinectv2/install/kinect2_registration /usr/bin/cmake --install /home/duy/Experiment/hrc_ws/build/hrc_bringup
