[1.109s] Invoking command in '/home/duy/Experiment/hrc_ws/build/experiment_logger': CMAKE_PREFIX_PATH=/home/duy/Experiment/hrc_ws/install/human_hand_msgs:${CMAKE_PREFIX_PATH} LD_LIBRARY_PATH=/home/duy/Experiment/hrc_ws/install/human_hand_msgs/lib:${LD_LIBRARY_PATH} PKG_CONFIG_PATH=/home/duy/Experiment/hrc_ws/install/human_hand_msgs/lib/x86_64-linux-gnu/pkgconfig:/home/duy/Experiment/hrc_ws/install/human_hand_msgs/lib/pkgconfig PYTHONPATH=/home/duy/Experiment/hrc_ws/build/experiment_logger/prefix_override:/usr/lib/python3/dist-packages/colcon_core/task/python/colcon_distutils_commands:/home/duy/Experiment/hrc_ws/install/experiment_logger/lib/python3.10/site-packages:/home/duy/Experiment/hrc_ws/install/human_hand_msgs/local/lib/python3.10/dist-packages:${PYTHONPATH} ROS_PACKAGE_PATH=/home/duy/Experiment/hrc_ws/install/human_hand_msgs/share /usr/bin/python3 -W ignore:setup.py install is deprecated -W ignore:easy_install command is deprecated setup.py develop --uninstall --editable --build-directory /home/duy/Experiment/hrc_ws/build/experiment_logger/build
[1.324s] running develop
[1.435s] Removing /home/duy/Experiment/hrc_ws/install/experiment_logger/lib/python3.10/site-packages/experiment-logger.egg-link (link to .)
[1.464s] Invoked command in '/home/duy/Experiment/hrc_ws/build/experiment_logger' returned '0': CMAKE_PREFIX_PATH=/home/duy/Experiment/hrc_ws/install/human_hand_msgs:${CMAKE_PREFIX_PATH} LD_LIBRARY_PATH=/home/duy/Experiment/hrc_ws/install/human_hand_msgs/lib:${LD_LIBRARY_PATH} PKG_CONFIG_PATH=/home/duy/Experiment/hrc_ws/install/human_hand_msgs/lib/x86_64-linux-gnu/pkgconfig:/home/duy/Experiment/hrc_ws/install/human_hand_msgs/lib/pkgconfig PYTHONPATH=/home/duy/Experiment/hrc_ws/build/experiment_logger/prefix_override:/usr/lib/python3/dist-packages/colcon_core/task/python/colcon_distutils_commands:/home/duy/Experiment/hrc_ws/install/experiment_logger/lib/python3.10/site-packages:/home/duy/Experiment/hrc_ws/install/human_hand_msgs/local/lib/python3.10/dist-packages:${PYTHONPATH} ROS_PACKAGE_PATH=/home/duy/Experiment/hrc_ws/install/human_hand_msgs/share /usr/bin/python3 -W ignore:setup.py install is deprecated -W ignore:easy_install command is deprecated setup.py develop --uninstall --editable --build-directory /home/duy/Experiment/hrc_ws/build/experiment_logger/build
[1.464s] Invoking command in '/home/duy/Experiment/hrc_ws/src/experiment_logger': CMAKE_PREFIX_PATH=/home/duy/Experiment/hrc_ws/install/human_hand_msgs:${CMAKE_PREFIX_PATH} LD_LIBRARY_PATH=/home/duy/Experiment/hrc_ws/install/human_hand_msgs/lib:${LD_LIBRARY_PATH} PKG_CONFIG_PATH=/home/duy/Experiment/hrc_ws/install/human_hand_msgs/lib/x86_64-linux-gnu/pkgconfig:/home/duy/Experiment/hrc_ws/install/human_hand_msgs/lib/pkgconfig PYTHONPATH=/home/duy/Experiment/hrc_ws/build/experiment_logger/prefix_override:/usr/lib/python3/dist-packages/colcon_core/task/python/colcon_distutils_commands:/home/duy/Experiment/hrc_ws/install/experiment_logger/lib/python3.10/site-packages:/home/duy/Experiment/hrc_ws/install/human_hand_msgs/local/lib/python3.10/dist-packages:${PYTHONPATH} ROS_PACKAGE_PATH=/home/duy/Experiment/hrc_ws/install/human_hand_msgs/share /usr/bin/python3 -W ignore:setup.py install is deprecated -W ignore:easy_install command is deprecated setup.py egg_info --egg-base ../../build/experiment_logger build --build-base /home/duy/Experiment/hrc_ws/build/experiment_logger/build install --record /home/duy/Experiment/hrc_ws/build/experiment_logger/install.log --single-version-externally-managed install_data --force
[1.632s] running egg_info
[1.633s] writing ../../build/experiment_logger/experiment_logger.egg-info/PKG-INFO
[1.633s] writing dependency_links to ../../build/experiment_logger/experiment_logger.egg-info/dependency_links.txt
[1.633s] writing entry points to ../../build/experiment_logger/experiment_logger.egg-info/entry_points.txt
[1.633s] writing requirements to ../../build/experiment_logger/experiment_logger.egg-info/requires.txt
[1.633s] writing top-level names to ../../build/experiment_logger/experiment_logger.egg-info/top_level.txt
[1.635s] reading manifest file '../../build/experiment_logger/experiment_logger.egg-info/SOURCES.txt'
[1.635s] writing manifest file '../../build/experiment_logger/experiment_logger.egg-info/SOURCES.txt'
[1.635s] running build
[1.635s] running build_py
[1.635s] creating /home/duy/Experiment/hrc_ws/build/experiment_logger/build
[1.635s] creating /home/duy/Experiment/hrc_ws/build/experiment_logger/build/lib
[1.635s] creating /home/duy/Experiment/hrc_ws/build/experiment_logger/build/lib/experiment_logger
[1.635s] copying experiment_logger/__init__.py -> /home/duy/Experiment/hrc_ws/build/experiment_logger/build/lib/experiment_logger
[1.636s] copying experiment_logger/logger_node.py -> /home/duy/Experiment/hrc_ws/build/experiment_logger/build/lib/experiment_logger
[1.636s] running install
[1.636s] running install_lib
[1.636s] creating /home/duy/Experiment/hrc_ws/install/experiment_logger/lib/python3.10/site-packages/experiment_logger
[1.636s] copying /home/duy/Experiment/hrc_ws/build/experiment_logger/build/lib/experiment_logger/__init__.py -> /home/duy/Experiment/hrc_ws/install/experiment_logger/lib/python3.10/site-packages/experiment_logger
[1.636s] copying /home/duy/Experiment/hrc_ws/build/experiment_logger/build/lib/experiment_logger/logger_node.py -> /home/duy/Experiment/hrc_ws/install/experiment_logger/lib/python3.10/site-packages/experiment_logger
[1.636s] byte-compiling /home/duy/Experiment/hrc_ws/install/experiment_logger/lib/python3.10/site-packages/experiment_logger/__init__.py to __init__.cpython-310.pyc
[1.636s] byte-compiling /home/duy/Experiment/hrc_ws/install/experiment_logger/lib/python3.10/site-packages/experiment_logger/logger_node.py to logger_node.cpython-310.pyc
[1.637s] running install_data
[1.638s] copying resource/experiment_logger -> /home/duy/Experiment/hrc_ws/install/experiment_logger/share/ament_index/resource_index/packages
[1.638s] copying package.xml -> /home/duy/Experiment/hrc_ws/install/experiment_logger/share/experiment_logger
[1.638s] running install_egg_info
[1.639s] Copying ../../build/experiment_logger/experiment_logger.egg-info to /home/duy/Experiment/hrc_ws/install/experiment_logger/lib/python3.10/site-packages/experiment_logger-0.1.0-py3.10.egg-info
[1.639s] running install_scripts
[1.654s] Installing logger_node script to /home/duy/Experiment/hrc_ws/install/experiment_logger/lib/experiment_logger
[1.654s] writing list of installed files to '/home/duy/Experiment/hrc_ws/build/experiment_logger/install.log'
[1.685s] Invoked command in '/home/duy/Experiment/hrc_ws/src/experiment_logger' returned '0': CMAKE_PREFIX_PATH=/home/duy/Experiment/hrc_ws/install/human_hand_msgs:${CMAKE_PREFIX_PATH} LD_LIBRARY_PATH=/home/duy/Experiment/hrc_ws/install/human_hand_msgs/lib:${LD_LIBRARY_PATH} PKG_CONFIG_PATH=/home/duy/Experiment/hrc_ws/install/human_hand_msgs/lib/x86_64-linux-gnu/pkgconfig:/home/duy/Experiment/hrc_ws/install/human_hand_msgs/lib/pkgconfig PYTHONPATH=/home/duy/Experiment/hrc_ws/build/experiment_logger/prefix_override:/usr/lib/python3/dist-packages/colcon_core/task/python/colcon_distutils_commands:/home/duy/Experiment/hrc_ws/install/experiment_logger/lib/python3.10/site-packages:/home/duy/Experiment/hrc_ws/install/human_hand_msgs/local/lib/python3.10/dist-packages:${PYTHONPATH} ROS_PACKAGE_PATH=/home/duy/Experiment/hrc_ws/install/human_hand_msgs/share /usr/bin/python3 -W ignore:setup.py install is deprecated -W ignore:easy_install command is deprecated setup.py egg_info --egg-base ../../build/experiment_logger build --build-base /home/duy/Experiment/hrc_ws/build/experiment_logger/build install --record /home/duy/Experiment/hrc_ws/build/experiment_logger/install.log --single-version-externally-managed install_data --force
