[0.171s] DEBUG:colcon:Command line arguments: ['/usr/bin/colcon', 'build', '--symlink-install']
[0.171s] DEBUG:colcon:Parsed command line arguments: Namespace(log_base=None, log_level=None, verb_name='build', build_base='build', install_base='install', merge_install=False, symlink_install=True, test_result_base=None, continue_on_error=False, executor='parallel', parallel_workers=16, event_handlers=None, ignore_user_meta=False, metas=['./colcon.meta'], base_paths=['.'], packages_ignore=None, packages_ignore_regex=None, paths=None, packages_up_to=None, packages_up_to_regex=None, packages_above=None, packages_above_and_dependencies=None, packages_above_depth=None, packages_select_by_dep=None, packages_skip_by_dep=None, packages_skip_up_to=None, packages_select_build_failed=False, packages_skip_build_finished=False, packages_select_test_failures=False, packages_skip_test_passed=False, packages_select=None, packages_skip=None, packages_select_regex=None, packages_skip_regex=None, packages_start=None, packages_end=None, allow_overriding=[], cmake_args=None, cmake_target=None, cmake_target_skip_unavailable=False, cmake_clean_cache=False, cmake_clean_first=False, cmake_force_configure=False, ament_cmake_args=None, catkin_cmake_args=None, catkin_skip_building_tests=False, verb_parser=<colcon_defaults.argument_parser.defaults.DefaultArgumentsDecorator object at 0x731a302249a0>, verb_extension=<colcon_core.verb.build.BuildVerb object at 0x731a30321db0>, main=<bound method BuildVerb.main of <colcon_core.verb.build.BuildVerb object at 0x731a30321db0>>)
[0.379s] Level 1:colcon.colcon_core.package_discovery:discover_packages(colcon_meta) check parameters
[0.379s] Level 1:colcon.colcon_core.package_discovery:discover_packages(recursive) check parameters
[0.379s] Level 1:colcon.colcon_core.package_discovery:discover_packages(ignore) check parameters
[0.379s] Level 1:colcon.colcon_core.package_discovery:discover_packages(path) check parameters
[0.379s] Level 1:colcon.colcon_core.package_discovery:discover_packages(colcon_meta) discover
[0.380s] Level 1:colcon.colcon_core.package_discovery:discover_packages(recursive) discover
[0.380s] INFO:colcon.colcon_core.package_discovery:Crawling recursively for packages in '/home/duy/Experiment/hrc_ws'
[0.380s] Level 1:colcon.colcon_core.package_identification:_identify(.) by extensions ['ignore', 'ignore_ament_install']
[0.380s] Level 1:colcon.colcon_core.package_identification:_identify(.) by extension 'ignore'
[0.380s] Level 1:colcon.colcon_core.package_identification:_identify(.) by extension 'ignore_ament_install'
[0.380s] Level 1:colcon.colcon_core.package_identification:_identify(.) by extensions ['colcon_pkg']
[0.380s] Level 1:colcon.colcon_core.package_identification:_identify(.) by extension 'colcon_pkg'
[0.380s] Level 1:colcon.colcon_core.package_identification:_identify(.) by extensions ['colcon_meta']
[0.380s] Level 1:colcon.colcon_core.package_identification:_identify(.) by extension 'colcon_meta'
[0.380s] Level 1:colcon.colcon_core.package_identification:_identify(.) by extensions ['ros']
[0.380s] Level 1:colcon.colcon_core.package_identification:_identify(.) by extension 'ros'
[0.390s] Level 1:colcon.colcon_core.package_identification:_identify(.) by extensions ['cmake', 'python']
[0.390s] Level 1:colcon.colcon_core.package_identification:_identify(.) by extension 'cmake'
[0.390s] Level 1:colcon.colcon_core.package_identification:_identify(.) by extension 'python'
[0.390s] Level 1:colcon.colcon_core.package_identification:_identify(.) by extensions ['python_setup_py']
[0.390s] Level 1:colcon.colcon_core.package_identification:_identify(.) by extension 'python_setup_py'
[0.390s] Level 1:colcon.colcon_core.package_identification:_identify(build) by extensions ['ignore', 'ignore_ament_install']
[0.390s] Level 1:colcon.colcon_core.package_identification:_identify(build) by extension 'ignore'
[0.390s] Level 1:colcon.colcon_core.package_identification:_identify(build) ignored
[0.390s] Level 1:colcon.colcon_core.package_identification:_identify(install) by extensions ['ignore', 'ignore_ament_install']
[0.390s] Level 1:colcon.colcon_core.package_identification:_identify(install) by extension 'ignore'
[0.390s] Level 1:colcon.colcon_core.package_identification:_identify(install) ignored
[0.390s] Level 1:colcon.colcon_core.package_identification:_identify(log) by extensions ['ignore', 'ignore_ament_install']
[0.391s] Level 1:colcon.colcon_core.package_identification:_identify(log) by extension 'ignore'
[0.391s] Level 1:colcon.colcon_core.package_identification:_identify(log) ignored
[0.391s] Level 1:colcon.colcon_core.package_identification:_identify(src) by extensions ['ignore', 'ignore_ament_install']
[0.391s] Level 1:colcon.colcon_core.package_identification:_identify(src) by extension 'ignore'
[0.391s] Level 1:colcon.colcon_core.package_identification:_identify(src) by extension 'ignore_ament_install'
[0.391s] Level 1:colcon.colcon_core.package_identification:_identify(src) by extensions ['colcon_pkg']
[0.391s] Level 1:colcon.colcon_core.package_identification:_identify(src) by extension 'colcon_pkg'
[0.391s] Level 1:colcon.colcon_core.package_identification:_identify(src) by extensions ['colcon_meta']
[0.391s] Level 1:colcon.colcon_core.package_identification:_identify(src) by extension 'colcon_meta'
[0.391s] Level 1:colcon.colcon_core.package_identification:_identify(src) by extensions ['ros']
[0.391s] Level 1:colcon.colcon_core.package_identification:_identify(src) by extension 'ros'
[0.391s] Level 1:colcon.colcon_core.package_identification:_identify(src) by extensions ['cmake', 'python']
[0.391s] Level 1:colcon.colcon_core.package_identification:_identify(src) by extension 'cmake'
[0.391s] Level 1:colcon.colcon_core.package_identification:_identify(src) by extension 'python'
[0.391s] Level 1:colcon.colcon_core.package_identification:_identify(src) by extensions ['python_setup_py']
[0.391s] Level 1:colcon.colcon_core.package_identification:_identify(src) by extension 'python_setup_py'
[0.391s] Level 1:colcon.colcon_core.package_identification:_identify(src/experiment_logger) by extensions ['ignore', 'ignore_ament_install']
[0.391s] Level 1:colcon.colcon_core.package_identification:_identify(src/experiment_logger) by extension 'ignore'
[0.391s] Level 1:colcon.colcon_core.package_identification:_identify(src/experiment_logger) by extension 'ignore_ament_install'
[0.391s] Level 1:colcon.colcon_core.package_identification:_identify(src/experiment_logger) by extensions ['colcon_pkg']
[0.391s] Level 1:colcon.colcon_core.package_identification:_identify(src/experiment_logger) by extension 'colcon_pkg'
[0.391s] Level 1:colcon.colcon_core.package_identification:_identify(src/experiment_logger) by extensions ['colcon_meta']
[0.391s] Level 1:colcon.colcon_core.package_identification:_identify(src/experiment_logger) by extension 'colcon_meta'
[0.391s] Level 1:colcon.colcon_core.package_identification:_identify(src/experiment_logger) by extensions ['ros']
[0.391s] Level 1:colcon.colcon_core.package_identification:_identify(src/experiment_logger) by extension 'ros'
[0.394s] DEBUG:colcon.colcon_core.package_identification:Package 'src/experiment_logger' with type 'ros.ament_python' and name 'experiment_logger'
[0.394s] Level 1:colcon.colcon_core.package_identification:_identify(src/hrc_bringup) by extensions ['ignore', 'ignore_ament_install']
[0.394s] Level 1:colcon.colcon_core.package_identification:_identify(src/hrc_bringup) by extension 'ignore'
[0.394s] Level 1:colcon.colcon_core.package_identification:_identify(src/hrc_bringup) by extension 'ignore_ament_install'
[0.394s] Level 1:colcon.colcon_core.package_identification:_identify(src/hrc_bringup) by extensions ['colcon_pkg']
[0.394s] Level 1:colcon.colcon_core.package_identification:_identify(src/hrc_bringup) by extension 'colcon_pkg'
[0.394s] Level 1:colcon.colcon_core.package_identification:_identify(src/hrc_bringup) by extensions ['colcon_meta']
[0.394s] Level 1:colcon.colcon_core.package_identification:_identify(src/hrc_bringup) by extension 'colcon_meta'
[0.394s] Level 1:colcon.colcon_core.package_identification:_identify(src/hrc_bringup) by extensions ['ros']
[0.394s] Level 1:colcon.colcon_core.package_identification:_identify(src/hrc_bringup) by extension 'ros'
[0.395s] DEBUG:colcon.colcon_core.package_identification:Package 'src/hrc_bringup' with type 'ros.ament_cmake' and name 'hrc_bringup'
[0.395s] Level 1:colcon.colcon_core.package_identification:_identify(src/human_hand_msgs) by extensions ['ignore', 'ignore_ament_install']
[0.395s] Level 1:colcon.colcon_core.package_identification:_identify(src/human_hand_msgs) by extension 'ignore'
[0.395s] Level 1:colcon.colcon_core.package_identification:_identify(src/human_hand_msgs) by extension 'ignore_ament_install'
[0.395s] Level 1:colcon.colcon_core.package_identification:_identify(src/human_hand_msgs) by extensions ['colcon_pkg']
[0.395s] Level 1:colcon.colcon_core.package_identification:_identify(src/human_hand_msgs) by extension 'colcon_pkg'
[0.395s] Level 1:colcon.colcon_core.package_identification:_identify(src/human_hand_msgs) by extensions ['colcon_meta']
[0.395s] Level 1:colcon.colcon_core.package_identification:_identify(src/human_hand_msgs) by extension 'colcon_meta'
[0.395s] Level 1:colcon.colcon_core.package_identification:_identify(src/human_hand_msgs) by extensions ['ros']
[0.395s] Level 1:colcon.colcon_core.package_identification:_identify(src/human_hand_msgs) by extension 'ros'
[0.402s] DEBUG:colcon.colcon_core.package_identification:Package 'src/human_hand_msgs' with type 'ros.catkin' and name 'human_hand_msgs'
[0.403s] Level 1:colcon.colcon_core.package_identification:_identify(src/kinect_bridge) by extensions ['ignore', 'ignore_ament_install']
[0.403s] Level 1:colcon.colcon_core.package_identification:_identify(src/kinect_bridge) by extension 'ignore'
[0.403s] Level 1:colcon.colcon_core.package_identification:_identify(src/kinect_bridge) by extension 'ignore_ament_install'
[0.403s] Level 1:colcon.colcon_core.package_identification:_identify(src/kinect_bridge) by extensions ['colcon_pkg']
[0.403s] Level 1:colcon.colcon_core.package_identification:_identify(src/kinect_bridge) by extension 'colcon_pkg'
[0.403s] Level 1:colcon.colcon_core.package_identification:_identify(src/kinect_bridge) by extensions ['colcon_meta']
[0.403s] Level 1:colcon.colcon_core.package_identification:_identify(src/kinect_bridge) by extension 'colcon_meta'
[0.403s] Level 1:colcon.colcon_core.package_identification:_identify(src/kinect_bridge) by extensions ['ros']
[0.403s] Level 1:colcon.colcon_core.package_identification:_identify(src/kinect_bridge) by extension 'ros'
[0.403s] DEBUG:colcon.colcon_core.package_identification:Package 'src/kinect_bridge' with type 'ros.ament_python' and name 'kinect_bridge'
[0.403s] Level 1:colcon.colcon_core.package_identification:_identify(src/predictor_ui) by extensions ['ignore', 'ignore_ament_install']
[0.404s] Level 1:colcon.colcon_core.package_identification:_identify(src/predictor_ui) by extension 'ignore'
[0.404s] Level 1:colcon.colcon_core.package_identification:_identify(src/predictor_ui) by extension 'ignore_ament_install'
[0.404s] Level 1:colcon.colcon_core.package_identification:_identify(src/predictor_ui) by extensions ['colcon_pkg']
[0.404s] Level 1:colcon.colcon_core.package_identification:_identify(src/predictor_ui) by extension 'colcon_pkg'
[0.404s] Level 1:colcon.colcon_core.package_identification:_identify(src/predictor_ui) by extensions ['colcon_meta']
[0.404s] Level 1:colcon.colcon_core.package_identification:_identify(src/predictor_ui) by extension 'colcon_meta'
[0.404s] Level 1:colcon.colcon_core.package_identification:_identify(src/predictor_ui) by extensions ['ros']
[0.404s] Level 1:colcon.colcon_core.package_identification:_identify(src/predictor_ui) by extension 'ros'
[0.404s] DEBUG:colcon.colcon_core.package_identification:Package 'src/predictor_ui' with type 'ros.ament_python' and name 'predictor_ui'
[0.404s] Level 1:colcon.colcon_core.package_identification:_identify(src/trajectory_predictor) by extensions ['ignore', 'ignore_ament_install']
[0.404s] Level 1:colcon.colcon_core.package_identification:_identify(src/trajectory_predictor) by extension 'ignore'
[0.404s] Level 1:colcon.colcon_core.package_identification:_identify(src/trajectory_predictor) by extension 'ignore_ament_install'
[0.404s] Level 1:colcon.colcon_core.package_identification:_identify(src/trajectory_predictor) by extensions ['colcon_pkg']
[0.404s] Level 1:colcon.colcon_core.package_identification:_identify(src/trajectory_predictor) by extension 'colcon_pkg'
[0.404s] Level 1:colcon.colcon_core.package_identification:_identify(src/trajectory_predictor) by extensions ['colcon_meta']
[0.404s] Level 1:colcon.colcon_core.package_identification:_identify(src/trajectory_predictor) by extension 'colcon_meta'
[0.404s] Level 1:colcon.colcon_core.package_identification:_identify(src/trajectory_predictor) by extensions ['ros']
[0.404s] Level 1:colcon.colcon_core.package_identification:_identify(src/trajectory_predictor) by extension 'ros'
[0.405s] DEBUG:colcon.colcon_core.package_identification:Package 'src/trajectory_predictor' with type 'ros.ament_python' and name 'trajectory_predictor'
[0.405s] Level 1:colcon.colcon_core.package_discovery:discover_packages(recursive) using defaults
[0.405s] Level 1:colcon.colcon_core.package_discovery:discover_packages(ignore) discover
[0.405s] Level 1:colcon.colcon_core.package_discovery:discover_packages(ignore) using defaults
[0.405s] Level 1:colcon.colcon_core.package_discovery:discover_packages(path) discover
[0.405s] Level 1:colcon.colcon_core.package_discovery:discover_packages(path) using defaults
[0.429s] Level 1:colcon.colcon_core.package_discovery:discover_packages(prefix_path) check parameters
[0.429s] Level 1:colcon.colcon_core.package_discovery:discover_packages(prefix_path) discover
[0.432s] DEBUG:colcon.colcon_installed_package_information.package_discovery:Found 3 installed packages in /home/duy/kinectv2/install
[0.433s] DEBUG:colcon.colcon_installed_package_information.package_discovery:Found 358 installed packages in /opt/ros/humble
[0.435s] Level 1:colcon.colcon_core.package_discovery:discover_packages(prefix_path) using defaults
[0.462s] Level 5:colcon.colcon_core.verb:set package 'human_hand_msgs' build argument 'cmake_args' from command line to 'None'
[0.462s] Level 5:colcon.colcon_core.verb:set package 'human_hand_msgs' build argument 'cmake_target' from command line to 'None'
[0.462s] Level 5:colcon.colcon_core.verb:set package 'human_hand_msgs' build argument 'cmake_target_skip_unavailable' from command line to 'False'
[0.462s] Level 5:colcon.colcon_core.verb:set package 'human_hand_msgs' build argument 'cmake_clean_cache' from command line to 'False'
[0.462s] Level 5:colcon.colcon_core.verb:set package 'human_hand_msgs' build argument 'cmake_clean_first' from command line to 'False'
[0.462s] Level 5:colcon.colcon_core.verb:set package 'human_hand_msgs' build argument 'cmake_force_configure' from command line to 'False'
[0.462s] Level 5:colcon.colcon_core.verb:set package 'human_hand_msgs' build argument 'ament_cmake_args' from command line to 'None'
[0.462s] Level 5:colcon.colcon_core.verb:set package 'human_hand_msgs' build argument 'catkin_cmake_args' from command line to 'None'
[0.462s] Level 5:colcon.colcon_core.verb:set package 'human_hand_msgs' build argument 'catkin_skip_building_tests' from command line to 'False'
[0.462s] DEBUG:colcon.colcon_core.verb:Building package 'human_hand_msgs' with the following arguments: {'ament_cmake_args': None, 'build_base': '/home/duy/Experiment/hrc_ws/build/human_hand_msgs', 'catkin_cmake_args': None, 'catkin_skip_building_tests': False, 'cmake_args': None, 'cmake_clean_cache': False, 'cmake_clean_first': False, 'cmake_force_configure': False, 'cmake_target': None, 'cmake_target_skip_unavailable': False, 'install_base': '/home/duy/Experiment/hrc_ws/install/human_hand_msgs', 'merge_install': False, 'path': '/home/duy/Experiment/hrc_ws/src/human_hand_msgs', 'symlink_install': True, 'test_result_base': None}
[0.462s] Level 5:colcon.colcon_core.verb:set package 'experiment_logger' build argument 'cmake_args' from command line to 'None'
[0.462s] Level 5:colcon.colcon_core.verb:set package 'experiment_logger' build argument 'cmake_target' from command line to 'None'
[0.462s] Level 5:colcon.colcon_core.verb:set package 'experiment_logger' build argument 'cmake_target_skip_unavailable' from command line to 'False'
[0.462s] Level 5:colcon.colcon_core.verb:set package 'experiment_logger' build argument 'cmake_clean_cache' from command line to 'False'
[0.462s] Level 5:colcon.colcon_core.verb:set package 'experiment_logger' build argument 'cmake_clean_first' from command line to 'False'
[0.462s] Level 5:colcon.colcon_core.verb:set package 'experiment_logger' build argument 'cmake_force_configure' from command line to 'False'
[0.462s] Level 5:colcon.colcon_core.verb:set package 'experiment_logger' build argument 'ament_cmake_args' from command line to 'None'
[0.462s] Level 5:colcon.colcon_core.verb:set package 'experiment_logger' build argument 'catkin_cmake_args' from command line to 'None'
[0.462s] Level 5:colcon.colcon_core.verb:set package 'experiment_logger' build argument 'catkin_skip_building_tests' from command line to 'False'
[0.462s] DEBUG:colcon.colcon_core.verb:Building package 'experiment_logger' with the following arguments: {'ament_cmake_args': None, 'build_base': '/home/duy/Experiment/hrc_ws/build/experiment_logger', 'catkin_cmake_args': None, 'catkin_skip_building_tests': False, 'cmake_args': None, 'cmake_clean_cache': False, 'cmake_clean_first': False, 'cmake_force_configure': False, 'cmake_target': None, 'cmake_target_skip_unavailable': False, 'install_base': '/home/duy/Experiment/hrc_ws/install/experiment_logger', 'merge_install': False, 'path': '/home/duy/Experiment/hrc_ws/src/experiment_logger', 'symlink_install': True, 'test_result_base': None}
[0.463s] Level 5:colcon.colcon_core.verb:set package 'kinect_bridge' build argument 'cmake_args' from command line to 'None'
[0.463s] Level 5:colcon.colcon_core.verb:set package 'kinect_bridge' build argument 'cmake_target' from command line to 'None'
[0.463s] Level 5:colcon.colcon_core.verb:set package 'kinect_bridge' build argument 'cmake_target_skip_unavailable' from command line to 'False'
[0.463s] Level 5:colcon.colcon_core.verb:set package 'kinect_bridge' build argument 'cmake_clean_cache' from command line to 'False'
[0.463s] Level 5:colcon.colcon_core.verb:set package 'kinect_bridge' build argument 'cmake_clean_first' from command line to 'False'
[0.463s] Level 5:colcon.colcon_core.verb:set package 'kinect_bridge' build argument 'cmake_force_configure' from command line to 'False'
[0.463s] Level 5:colcon.colcon_core.verb:set package 'kinect_bridge' build argument 'ament_cmake_args' from command line to 'None'
[0.463s] Level 5:colcon.colcon_core.verb:set package 'kinect_bridge' build argument 'catkin_cmake_args' from command line to 'None'
[0.463s] Level 5:colcon.colcon_core.verb:set package 'kinect_bridge' build argument 'catkin_skip_building_tests' from command line to 'False'
[0.463s] DEBUG:colcon.colcon_core.verb:Building package 'kinect_bridge' with the following arguments: {'ament_cmake_args': None, 'build_base': '/home/duy/Experiment/hrc_ws/build/kinect_bridge', 'catkin_cmake_args': None, 'catkin_skip_building_tests': False, 'cmake_args': None, 'cmake_clean_cache': False, 'cmake_clean_first': False, 'cmake_force_configure': False, 'cmake_target': None, 'cmake_target_skip_unavailable': False, 'install_base': '/home/duy/Experiment/hrc_ws/install/kinect_bridge', 'merge_install': False, 'path': '/home/duy/Experiment/hrc_ws/src/kinect_bridge', 'symlink_install': True, 'test_result_base': None}
[0.463s] Level 5:colcon.colcon_core.verb:set package 'predictor_ui' build argument 'cmake_args' from command line to 'None'
[0.463s] Level 5:colcon.colcon_core.verb:set package 'predictor_ui' build argument 'cmake_target' from command line to 'None'
[0.463s] Level 5:colcon.colcon_core.verb:set package 'predictor_ui' build argument 'cmake_target_skip_unavailable' from command line to 'False'
[0.463s] Level 5:colcon.colcon_core.verb:set package 'predictor_ui' build argument 'cmake_clean_cache' from command line to 'False'
[0.463s] Level 5:colcon.colcon_core.verb:set package 'predictor_ui' build argument 'cmake_clean_first' from command line to 'False'
[0.463s] Level 5:colcon.colcon_core.verb:set package 'predictor_ui' build argument 'cmake_force_configure' from command line to 'False'
[0.463s] Level 5:colcon.colcon_core.verb:set package 'predictor_ui' build argument 'ament_cmake_args' from command line to 'None'
[0.463s] Level 5:colcon.colcon_core.verb:set package 'predictor_ui' build argument 'catkin_cmake_args' from command line to 'None'
[0.464s] Level 5:colcon.colcon_core.verb:set package 'predictor_ui' build argument 'catkin_skip_building_tests' from command line to 'False'
[0.464s] DEBUG:colcon.colcon_core.verb:Building package 'predictor_ui' with the following arguments: {'ament_cmake_args': None, 'build_base': '/home/duy/Experiment/hrc_ws/build/predictor_ui', 'catkin_cmake_args': None, 'catkin_skip_building_tests': False, 'cmake_args': None, 'cmake_clean_cache': False, 'cmake_clean_first': False, 'cmake_force_configure': False, 'cmake_target': None, 'cmake_target_skip_unavailable': False, 'install_base': '/home/duy/Experiment/hrc_ws/install/predictor_ui', 'merge_install': False, 'path': '/home/duy/Experiment/hrc_ws/src/predictor_ui', 'symlink_install': True, 'test_result_base': None}
[0.464s] Level 5:colcon.colcon_core.verb:set package 'trajectory_predictor' build argument 'cmake_args' from command line to 'None'
[0.464s] Level 5:colcon.colcon_core.verb:set package 'trajectory_predictor' build argument 'cmake_target' from command line to 'None'
[0.464s] Level 5:colcon.colcon_core.verb:set package 'trajectory_predictor' build argument 'cmake_target_skip_unavailable' from command line to 'False'
[0.464s] Level 5:colcon.colcon_core.verb:set package 'trajectory_predictor' build argument 'cmake_clean_cache' from command line to 'False'
[0.464s] Level 5:colcon.colcon_core.verb:set package 'trajectory_predictor' build argument 'cmake_clean_first' from command line to 'False'
[0.464s] Level 5:colcon.colcon_core.verb:set package 'trajectory_predictor' build argument 'cmake_force_configure' from command line to 'False'
[0.464s] Level 5:colcon.colcon_core.verb:set package 'trajectory_predictor' build argument 'ament_cmake_args' from command line to 'None'
[0.464s] Level 5:colcon.colcon_core.verb:set package 'trajectory_predictor' build argument 'catkin_cmake_args' from command line to 'None'
[0.464s] Level 5:colcon.colcon_core.verb:set package 'trajectory_predictor' build argument 'catkin_skip_building_tests' from command line to 'False'
[0.464s] DEBUG:colcon.colcon_core.verb:Building package 'trajectory_predictor' with the following arguments: {'ament_cmake_args': None, 'build_base': '/home/duy/Experiment/hrc_ws/build/trajectory_predictor', 'catkin_cmake_args': None, 'catkin_skip_building_tests': False, 'cmake_args': None, 'cmake_clean_cache': False, 'cmake_clean_first': False, 'cmake_force_configure': False, 'cmake_target': None, 'cmake_target_skip_unavailable': False, 'install_base': '/home/duy/Experiment/hrc_ws/install/trajectory_predictor', 'merge_install': False, 'path': '/home/duy/Experiment/hrc_ws/src/trajectory_predictor', 'symlink_install': True, 'test_result_base': None}
[0.464s] Level 5:colcon.colcon_core.verb:set package 'hrc_bringup' build argument 'cmake_args' from command line to 'None'
[0.464s] Level 5:colcon.colcon_core.verb:set package 'hrc_bringup' build argument 'cmake_target' from command line to 'None'
[0.464s] Level 5:colcon.colcon_core.verb:set package 'hrc_bringup' build argument 'cmake_target_skip_unavailable' from command line to 'False'
[0.465s] Level 5:colcon.colcon_core.verb:set package 'hrc_bringup' build argument 'cmake_clean_cache' from command line to 'False'
[0.465s] Level 5:colcon.colcon_core.verb:set package 'hrc_bringup' build argument 'cmake_clean_first' from command line to 'False'
[0.465s] Level 5:colcon.colcon_core.verb:set package 'hrc_bringup' build argument 'cmake_force_configure' from command line to 'False'
[0.465s] Level 5:colcon.colcon_core.verb:set package 'hrc_bringup' build argument 'ament_cmake_args' from command line to 'None'
[0.465s] Level 5:colcon.colcon_core.verb:set package 'hrc_bringup' build argument 'catkin_cmake_args' from command line to 'None'
[0.465s] Level 5:colcon.colcon_core.verb:set package 'hrc_bringup' build argument 'catkin_skip_building_tests' from command line to 'False'
[0.465s] DEBUG:colcon.colcon_core.verb:Building package 'hrc_bringup' with the following arguments: {'ament_cmake_args': None, 'build_base': '/home/duy/Experiment/hrc_ws/build/hrc_bringup', 'catkin_cmake_args': None, 'catkin_skip_building_tests': False, 'cmake_args': None, 'cmake_clean_cache': False, 'cmake_clean_first': False, 'cmake_force_configure': False, 'cmake_target': None, 'cmake_target_skip_unavailable': False, 'install_base': '/home/duy/Experiment/hrc_ws/install/hrc_bringup', 'merge_install': False, 'path': '/home/duy/Experiment/hrc_ws/src/hrc_bringup', 'symlink_install': True, 'test_result_base': None}
[0.465s] INFO:colcon.colcon_core.executor:Executing jobs using 'parallel' executor
[0.466s] DEBUG:colcon.colcon_parallel_executor.executor.parallel:run_until_complete
[0.467s] INFO:colcon.colcon_ros.task.catkin.build:Building ROS package in '/home/duy/Experiment/hrc_ws/src/human_hand_msgs' with build type 'catkin'
[0.467s] INFO:colcon.colcon_cmake.task.cmake.build:Building CMake package in '/home/duy/Experiment/hrc_ws/src/human_hand_msgs'
[0.470s] INFO:colcon.colcon_core.plugin_system:Skipping extension 'colcon_core.shell.bat': Not used on non-Windows systems
[0.470s] INFO:colcon.colcon_core.shell:Skip shell extension 'powershell' for command environment: Not usable outside of PowerShell
[0.470s] DEBUG:colcon.colcon_core.shell:Skip shell extension 'dsv' for command environment
[0.476s] DEBUG:colcon.colcon_core.event_handler.log_command:Invoking command in '/home/duy/Experiment/hrc_ws/build/human_hand_msgs': /usr/bin/cmake /home/duy/Experiment/hrc_ws/src/human_hand_msgs -DCATKIN_INSTALL_INTO_PREFIX_ROOT=0 -DCATKIN_SYMLINK_INSTALL=ON -DCMAKE_INSTALL_PREFIX=/home/duy/Experiment/hrc_ws/install/human_hand_msgs
[1.485s] DEBUG:colcon.colcon_core.event_handler.log_command:Invoked command in '/home/duy/Experiment/hrc_ws/build/human_hand_msgs' returned '0': /usr/bin/cmake /home/duy/Experiment/hrc_ws/src/human_hand_msgs -DCATKIN_INSTALL_INTO_PREFIX_ROOT=0 -DCATKIN_SYMLINK_INSTALL=ON -DCMAKE_INSTALL_PREFIX=/home/duy/Experiment/hrc_ws/install/human_hand_msgs
[1.485s] DEBUG:colcon.colcon_core.event_handler.log_command:Invoking command in '/home/duy/Experiment/hrc_ws/build/human_hand_msgs': /usr/bin/cmake --build /home/duy/Experiment/hrc_ws/build/human_hand_msgs -- -j16 -l16
[1.807s] DEBUG:colcon.colcon_core.event_handler.log_command:Invoked command in '/home/duy/Experiment/hrc_ws/build/human_hand_msgs' returned '0': /usr/bin/cmake --build /home/duy/Experiment/hrc_ws/build/human_hand_msgs -- -j16 -l16
[1.817s] DEBUG:colcon.colcon_core.event_handler.log_command:Invoking command in '/home/duy/Experiment/hrc_ws/build/human_hand_msgs': /usr/bin/cmake --install /home/duy/Experiment/hrc_ws/build/human_hand_msgs
[1.879s] DEBUG:colcon.colcon_core.event_handler.log_command:Invoked command in '/home/duy/Experiment/hrc_ws/build/human_hand_msgs' returned '0': /usr/bin/cmake --install /home/duy/Experiment/hrc_ws/build/human_hand_msgs
[1.879s] Level 1:colcon.colcon_core.shell:create_environment_hook('human_hand_msgs', 'ros_package_path')
[1.879s] INFO:colcon.colcon_core.shell:Creating environment hook '/home/duy/Experiment/hrc_ws/install/human_hand_msgs/share/human_hand_msgs/hook/ros_package_path.ps1'
[1.881s] INFO:colcon.colcon_core.shell:Creating environment descriptor '/home/duy/Experiment/hrc_ws/install/human_hand_msgs/share/human_hand_msgs/hook/ros_package_path.dsv'
[1.881s] INFO:colcon.colcon_core.shell:Creating environment hook '/home/duy/Experiment/hrc_ws/install/human_hand_msgs/share/human_hand_msgs/hook/ros_package_path.sh'
[1.882s] Level 1:colcon.colcon_ros.task.catkin:checking '/home/duy/Experiment/hrc_ws/install/human_hand_msgs/local/lib/python3.10/dist-packages'
[1.882s] Level 1:colcon.colcon_core.shell:create_environment_hook('human_hand_msgs', 'catkin_pythonpath')
[1.883s] INFO:colcon.colcon_core.shell:Creating environment hook '/home/duy/Experiment/hrc_ws/install/human_hand_msgs/share/human_hand_msgs/hook/catkin_pythonpath.ps1'
[1.883s] INFO:colcon.colcon_core.shell:Creating environment descriptor '/home/duy/Experiment/hrc_ws/install/human_hand_msgs/share/human_hand_msgs/hook/catkin_pythonpath.dsv'
[1.883s] INFO:colcon.colcon_core.shell:Creating environment hook '/home/duy/Experiment/hrc_ws/install/human_hand_msgs/share/human_hand_msgs/hook/catkin_pythonpath.sh'
[1.883s] Level 1:colcon.colcon_core.shell:create_environment_hook('human_hand_msgs', 'pkg_config_path')
[1.884s] INFO:colcon.colcon_core.shell:Creating environment hook '/home/duy/Experiment/hrc_ws/install/human_hand_msgs/share/human_hand_msgs/hook/pkg_config_path.ps1'
[1.884s] INFO:colcon.colcon_core.shell:Creating environment descriptor '/home/duy/Experiment/hrc_ws/install/human_hand_msgs/share/human_hand_msgs/hook/pkg_config_path.dsv'
[1.884s] INFO:colcon.colcon_core.shell:Creating environment hook '/home/duy/Experiment/hrc_ws/install/human_hand_msgs/share/human_hand_msgs/hook/pkg_config_path.sh'
[1.889s] Level 1:colcon.colcon_core.shell:create_environment_hook('human_hand_msgs', 'pkg_config_path_multiarch')
[1.889s] INFO:colcon.colcon_core.shell:Creating environment hook '/home/duy/Experiment/hrc_ws/install/human_hand_msgs/share/human_hand_msgs/hook/pkg_config_path_multiarch.ps1'
[1.889s] INFO:colcon.colcon_core.shell:Creating environment descriptor '/home/duy/Experiment/hrc_ws/install/human_hand_msgs/share/human_hand_msgs/hook/pkg_config_path_multiarch.dsv'
[1.889s] INFO:colcon.colcon_core.shell:Creating environment hook '/home/duy/Experiment/hrc_ws/install/human_hand_msgs/share/human_hand_msgs/hook/pkg_config_path_multiarch.sh'
[1.890s] Level 1:colcon.colcon_core.environment:create_environment_scripts_only(human_hand_msgs)
[1.894s] Level 1:colcon.colcon_core.environment:checking '/home/duy/Experiment/hrc_ws/install/human_hand_msgs' for CMake module files
[1.895s] Level 1:colcon.colcon_core.environment:checking '/home/duy/Experiment/hrc_ws/install/human_hand_msgs' for CMake config files
[1.895s] Level 1:colcon.colcon_core.shell:create_environment_hook('human_hand_msgs', 'cmake_prefix_path')
[1.895s] INFO:colcon.colcon_core.shell:Creating environment hook '/home/duy/Experiment/hrc_ws/install/human_hand_msgs/share/human_hand_msgs/hook/cmake_prefix_path.ps1'
[1.896s] INFO:colcon.colcon_core.shell:Creating environment descriptor '/home/duy/Experiment/hrc_ws/install/human_hand_msgs/share/human_hand_msgs/hook/cmake_prefix_path.dsv'
[1.896s] INFO:colcon.colcon_core.shell:Creating environment hook '/home/duy/Experiment/hrc_ws/install/human_hand_msgs/share/human_hand_msgs/hook/cmake_prefix_path.sh'
[1.897s] Level 1:colcon.colcon_core.environment:checking '/home/duy/Experiment/hrc_ws/install/human_hand_msgs/lib'
[1.898s] Level 1:colcon.colcon_core.shell:create_environment_hook('human_hand_msgs', 'ld_library_path_lib')
[1.898s] INFO:colcon.colcon_core.shell:Creating environment hook '/home/duy/Experiment/hrc_ws/install/human_hand_msgs/share/human_hand_msgs/hook/ld_library_path_lib.ps1'
[1.898s] INFO:colcon.colcon_core.shell:Creating environment descriptor '/home/duy/Experiment/hrc_ws/install/human_hand_msgs/share/human_hand_msgs/hook/ld_library_path_lib.dsv'
[1.899s] INFO:colcon.colcon_core.shell:Creating environment hook '/home/duy/Experiment/hrc_ws/install/human_hand_msgs/share/human_hand_msgs/hook/ld_library_path_lib.sh'
[1.899s] Level 1:colcon.colcon_core.environment:checking '/home/duy/Experiment/hrc_ws/install/human_hand_msgs/bin'
[1.899s] Level 1:colcon.colcon_core.environment:checking '/home/duy/Experiment/hrc_ws/install/human_hand_msgs/lib/pkgconfig/human_hand_msgs.pc'
[1.899s] Level 1:colcon.colcon_core.environment:checking '/home/duy/Experiment/hrc_ws/install/human_hand_msgs/lib/python3.10/site-packages'
[1.899s] Level 1:colcon.colcon_core.environment:checking '/home/duy/Experiment/hrc_ws/install/human_hand_msgs/bin'
[1.900s] INFO:colcon.colcon_core.shell:Creating package script '/home/duy/Experiment/hrc_ws/install/human_hand_msgs/share/human_hand_msgs/package.ps1'
[1.901s] INFO:colcon.colcon_core.shell:Creating package descriptor '/home/duy/Experiment/hrc_ws/install/human_hand_msgs/share/human_hand_msgs/package.dsv'
[1.901s] INFO:colcon.colcon_core.shell:Creating package script '/home/duy/Experiment/hrc_ws/install/human_hand_msgs/share/human_hand_msgs/package.sh'
[1.902s] INFO:colcon.colcon_core.shell:Creating package script '/home/duy/Experiment/hrc_ws/install/human_hand_msgs/share/human_hand_msgs/package.bash'
[1.902s] INFO:colcon.colcon_core.shell:Creating package script '/home/duy/Experiment/hrc_ws/install/human_hand_msgs/share/human_hand_msgs/package.zsh'
[1.903s] Level 1:colcon.colcon_core.environment:create_file_with_runtime_dependencies(/home/duy/Experiment/hrc_ws/install/human_hand_msgs/share/colcon-core/packages/human_hand_msgs)
[1.903s] INFO:colcon.colcon_ros.task.ament_python.build:Building ROS package in '/home/duy/Experiment/hrc_ws/src/experiment_logger' with build type 'ament_python'
[1.903s] Level 1:colcon.colcon_core.shell:create_environment_hook('experiment_logger', 'ament_prefix_path')
[1.904s] INFO:colcon.colcon_core.shell:Creating environment hook '/home/duy/Experiment/hrc_ws/install/experiment_logger/share/experiment_logger/hook/ament_prefix_path.ps1'
[1.904s] INFO:colcon.colcon_core.shell:Creating environment descriptor '/home/duy/Experiment/hrc_ws/install/experiment_logger/share/experiment_logger/hook/ament_prefix_path.dsv'
[1.904s] INFO:colcon.colcon_core.shell:Creating environment hook '/home/duy/Experiment/hrc_ws/install/experiment_logger/share/experiment_logger/hook/ament_prefix_path.sh'
[1.905s] INFO:colcon.colcon_core.shell:Skip shell extension 'powershell' for command environment: Not usable outside of PowerShell
[1.905s] DEBUG:colcon.colcon_core.shell:Skip shell extension 'dsv' for command environment
[1.907s] INFO:colcon.colcon_ros.task.ament_python.build:Building ROS package in '/home/duy/Experiment/hrc_ws/src/kinect_bridge' with build type 'ament_python'
[1.907s] Level 1:colcon.colcon_core.shell:create_environment_hook('kinect_bridge', 'ament_prefix_path')
[1.908s] INFO:colcon.colcon_core.shell:Creating environment hook '/home/duy/Experiment/hrc_ws/install/kinect_bridge/share/kinect_bridge/hook/ament_prefix_path.ps1'
[1.908s] INFO:colcon.colcon_core.shell:Creating environment descriptor '/home/duy/Experiment/hrc_ws/install/kinect_bridge/share/kinect_bridge/hook/ament_prefix_path.dsv'
[1.908s] INFO:colcon.colcon_core.shell:Creating environment hook '/home/duy/Experiment/hrc_ws/install/kinect_bridge/share/kinect_bridge/hook/ament_prefix_path.sh'
[1.909s] INFO:colcon.colcon_core.shell:Skip shell extension 'powershell' for command environment: Not usable outside of PowerShell
[1.909s] DEBUG:colcon.colcon_core.shell:Skip shell extension 'dsv' for command environment
[1.911s] INFO:colcon.colcon_ros.task.ament_python.build:Building ROS package in '/home/duy/Experiment/hrc_ws/src/predictor_ui' with build type 'ament_python'
[1.911s] Level 1:colcon.colcon_core.shell:create_environment_hook('predictor_ui', 'ament_prefix_path')
[1.912s] INFO:colcon.colcon_core.shell:Creating environment hook '/home/duy/Experiment/hrc_ws/install/predictor_ui/share/predictor_ui/hook/ament_prefix_path.ps1'
[1.912s] INFO:colcon.colcon_core.shell:Creating environment descriptor '/home/duy/Experiment/hrc_ws/install/predictor_ui/share/predictor_ui/hook/ament_prefix_path.dsv'
[1.913s] INFO:colcon.colcon_core.shell:Creating environment hook '/home/duy/Experiment/hrc_ws/install/predictor_ui/share/predictor_ui/hook/ament_prefix_path.sh'
[1.913s] INFO:colcon.colcon_core.shell:Skip shell extension 'powershell' for command environment: Not usable outside of PowerShell
[1.913s] DEBUG:colcon.colcon_core.shell:Skip shell extension 'dsv' for command environment
[1.917s] INFO:colcon.colcon_ros.task.ament_python.build:Building ROS package in '/home/duy/Experiment/hrc_ws/src/trajectory_predictor' with build type 'ament_python'
[1.917s] Level 1:colcon.colcon_core.shell:create_environment_hook('trajectory_predictor', 'ament_prefix_path')
[1.917s] INFO:colcon.colcon_core.shell:Creating environment hook '/home/duy/Experiment/hrc_ws/install/trajectory_predictor/share/trajectory_predictor/hook/ament_prefix_path.ps1'
[1.918s] INFO:colcon.colcon_core.shell:Creating environment descriptor '/home/duy/Experiment/hrc_ws/install/trajectory_predictor/share/trajectory_predictor/hook/ament_prefix_path.dsv'
[1.918s] INFO:colcon.colcon_core.shell:Creating environment hook '/home/duy/Experiment/hrc_ws/install/trajectory_predictor/share/trajectory_predictor/hook/ament_prefix_path.sh'
[1.918s] INFO:colcon.colcon_core.shell:Skip shell extension 'powershell' for command environment: Not usable outside of PowerShell
[1.918s] DEBUG:colcon.colcon_core.shell:Skip shell extension 'dsv' for command environment
[2.125s] INFO:colcon.colcon_core.task.python.build:Building Python package in '/home/duy/Experiment/hrc_ws/src/experiment_logger'
[2.125s] INFO:colcon.colcon_core.shell:Skip shell extension 'powershell' for command environment: Not usable outside of PowerShell
[2.125s] DEBUG:colcon.colcon_core.shell:Skip shell extension 'dsv' for command environment
[2.312s] INFO:colcon.colcon_core.task.python.build:Building Python package in '/home/duy/Experiment/hrc_ws/src/kinect_bridge'
[2.313s] INFO:colcon.colcon_core.shell:Skip shell extension 'powershell' for command environment: Not usable outside of PowerShell
[2.313s] DEBUG:colcon.colcon_core.shell:Skip shell extension 'dsv' for command environment
[2.508s] INFO:colcon.colcon_core.task.python.build:Building Python package in '/home/duy/Experiment/hrc_ws/src/predictor_ui'
[2.508s] INFO:colcon.colcon_core.shell:Skip shell extension 'powershell' for command environment: Not usable outside of PowerShell
[2.509s] DEBUG:colcon.colcon_core.shell:Skip shell extension 'dsv' for command environment
[2.691s] INFO:colcon.colcon_core.task.python.build:Building Python package in '/home/duy/Experiment/hrc_ws/src/trajectory_predictor'
[2.692s] INFO:colcon.colcon_core.shell:Skip shell extension 'powershell' for command environment: Not usable outside of PowerShell
[2.692s] DEBUG:colcon.colcon_core.shell:Skip shell extension 'dsv' for command environment
[3.151s] DEBUG:colcon.colcon_core.task.python.build:While undoing a previous installation files outside the Python library path are being ignored: /home/duy/Experiment/hrc_ws/install/kinect_bridge/share/ament_index/resource_index/packages/kinect_bridge
[3.151s] DEBUG:colcon.colcon_core.task.python.build:While undoing a previous installation files outside the Python library path are being ignored: /home/duy/Experiment/hrc_ws/install/kinect_bridge/share/kinect_bridge/package.xml
[3.151s] DEBUG:colcon.colcon_core.task.python.build:While undoing a previous installation files outside the Python library path are being ignored: /home/duy/Experiment/hrc_ws/install/kinect_bridge/share/kinect_bridge/config/bridge_params.yaml
[3.151s] DEBUG:colcon.colcon_core.task.python.build:While undoing a previous installation files outside the Python library path are being ignored: /home/duy/Experiment/hrc_ws/install/kinect_bridge/lib/kinect_bridge/bridge_node
[3.154s] DEBUG:colcon.colcon_core.event_handler.log_command:Invoking command in '/home/duy/Experiment/hrc_ws/build/kinect_bridge': CMAKE_PREFIX_PATH=/home/duy/Experiment/hrc_ws/install/human_hand_msgs:${CMAKE_PREFIX_PATH} LD_LIBRARY_PATH=/home/duy/Experiment/hrc_ws/install/human_hand_msgs/lib:${LD_LIBRARY_PATH} PKG_CONFIG_PATH=/home/duy/Experiment/hrc_ws/install/human_hand_msgs/lib/x86_64-linux-gnu/pkgconfig:/home/duy/Experiment/hrc_ws/install/human_hand_msgs/lib/pkgconfig PYTHONPATH=/home/duy/Experiment/hrc_ws/build/kinect_bridge/prefix_override:/usr/lib/python3/dist-packages/colcon_core/task/python/colcon_distutils_commands:/home/duy/Experiment/hrc_ws/install/kinect_bridge/lib/python3.10/site-packages:/home/duy/Experiment/hrc_ws/install/human_hand_msgs/local/lib/python3.10/dist-packages:${PYTHONPATH} ROS_PACKAGE_PATH=/home/duy/Experiment/hrc_ws/install/human_hand_msgs/share /usr/bin/python3 -W ignore:setup.py install is deprecated -W ignore:easy_install command is deprecated setup.py develop --editable --build-directory /home/duy/Experiment/hrc_ws/build/kinect_bridge/build --no-deps symlink_data --force
[3.154s] DEBUG:colcon.colcon_core.task.python.build:While undoing a previous installation files outside the Python library path are being ignored: /home/duy/Experiment/hrc_ws/install/trajectory_predictor/share/ament_index/resource_index/packages/trajectory_predictor
[3.154s] DEBUG:colcon.colcon_core.task.python.build:While undoing a previous installation files outside the Python library path are being ignored: /home/duy/Experiment/hrc_ws/install/trajectory_predictor/share/trajectory_predictor/package.xml
[3.154s] DEBUG:colcon.colcon_core.task.python.build:While undoing a previous installation files outside the Python library path are being ignored: /home/duy/Experiment/hrc_ws/install/trajectory_predictor/share/trajectory_predictor/config/predictor_params.yaml
[3.154s] DEBUG:colcon.colcon_core.task.python.build:While undoing a previous installation files outside the Python library path are being ignored: /home/duy/Experiment/hrc_ws/install/trajectory_predictor/lib/trajectory_predictor/predictor_node
[3.156s] DEBUG:colcon.colcon_core.event_handler.log_command:Invoking command in '/home/duy/Experiment/hrc_ws/build/trajectory_predictor': CMAKE_PREFIX_PATH=/home/duy/Experiment/hrc_ws/install/human_hand_msgs:${CMAKE_PREFIX_PATH} LD_LIBRARY_PATH=/home/duy/Experiment/hrc_ws/install/human_hand_msgs/lib:${LD_LIBRARY_PATH} PKG_CONFIG_PATH=/home/duy/Experiment/hrc_ws/install/human_hand_msgs/lib/x86_64-linux-gnu/pkgconfig:/home/duy/Experiment/hrc_ws/install/human_hand_msgs/lib/pkgconfig PYTHONPATH=/home/duy/Experiment/hrc_ws/build/trajectory_predictor/prefix_override:/usr/lib/python3/dist-packages/colcon_core/task/python/colcon_distutils_commands:/home/duy/Experiment/hrc_ws/install/trajectory_predictor/lib/python3.10/site-packages:/home/duy/Experiment/hrc_ws/install/human_hand_msgs/local/lib/python3.10/dist-packages:${PYTHONPATH} ROS_PACKAGE_PATH=/home/duy/Experiment/hrc_ws/install/human_hand_msgs/share /usr/bin/python3 -W ignore:setup.py install is deprecated -W ignore:easy_install command is deprecated setup.py develop --editable --build-directory /home/duy/Experiment/hrc_ws/build/trajectory_predictor/build --no-deps symlink_data --force
[3.156s] DEBUG:colcon.colcon_core.task.python.build:While undoing a previous installation files outside the Python library path are being ignored: /home/duy/Experiment/hrc_ws/install/predictor_ui/share/ament_index/resource_index/packages/predictor_ui
[3.156s] DEBUG:colcon.colcon_core.task.python.build:While undoing a previous installation files outside the Python library path are being ignored: /home/duy/Experiment/hrc_ws/install/predictor_ui/share/predictor_ui/package.xml
[3.157s] DEBUG:colcon.colcon_core.task.python.build:While undoing a previous installation files outside the Python library path are being ignored: /home/duy/Experiment/hrc_ws/install/predictor_ui/lib/predictor_ui/ui_node
[3.162s] DEBUG:colcon.colcon_core.event_handler.log_command:Invoking command in '/home/duy/Experiment/hrc_ws/build/predictor_ui': CMAKE_PREFIX_PATH=/home/duy/Experiment/hrc_ws/install/human_hand_msgs:${CMAKE_PREFIX_PATH} LD_LIBRARY_PATH=/home/duy/Experiment/hrc_ws/install/human_hand_msgs/lib:${LD_LIBRARY_PATH} PKG_CONFIG_PATH=/home/duy/Experiment/hrc_ws/install/human_hand_msgs/lib/x86_64-linux-gnu/pkgconfig:/home/duy/Experiment/hrc_ws/install/human_hand_msgs/lib/pkgconfig PYTHONPATH=/home/duy/Experiment/hrc_ws/build/predictor_ui/prefix_override:/usr/lib/python3/dist-packages/colcon_core/task/python/colcon_distutils_commands:/home/duy/Experiment/hrc_ws/install/predictor_ui/lib/python3.10/site-packages:/home/duy/Experiment/hrc_ws/install/human_hand_msgs/local/lib/python3.10/dist-packages:${PYTHONPATH} ROS_PACKAGE_PATH=/home/duy/Experiment/hrc_ws/install/human_hand_msgs/share /usr/bin/python3 -W ignore:setup.py install is deprecated -W ignore:easy_install command is deprecated setup.py develop --editable --build-directory /home/duy/Experiment/hrc_ws/build/predictor_ui/build --no-deps symlink_data --force
[3.162s] DEBUG:colcon.colcon_core.task.python.build:While undoing a previous installation files outside the Python library path are being ignored: /home/duy/Experiment/hrc_ws/install/experiment_logger/share/ament_index/resource_index/packages/experiment_logger
[3.163s] DEBUG:colcon.colcon_core.task.python.build:While undoing a previous installation files outside the Python library path are being ignored: /home/duy/Experiment/hrc_ws/install/experiment_logger/share/experiment_logger/package.xml
[3.163s] DEBUG:colcon.colcon_core.task.python.build:While undoing a previous installation files outside the Python library path are being ignored: /home/duy/Experiment/hrc_ws/install/experiment_logger/lib/experiment_logger/logger_node
[3.167s] DEBUG:colcon.colcon_core.event_handler.log_command:Invoking command in '/home/duy/Experiment/hrc_ws/build/experiment_logger': CMAKE_PREFIX_PATH=/home/duy/Experiment/hrc_ws/install/human_hand_msgs:${CMAKE_PREFIX_PATH} LD_LIBRARY_PATH=/home/duy/Experiment/hrc_ws/install/human_hand_msgs/lib:${LD_LIBRARY_PATH} PKG_CONFIG_PATH=/home/duy/Experiment/hrc_ws/install/human_hand_msgs/lib/x86_64-linux-gnu/pkgconfig:/home/duy/Experiment/hrc_ws/install/human_hand_msgs/lib/pkgconfig PYTHONPATH=/home/duy/Experiment/hrc_ws/build/experiment_logger/prefix_override:/usr/lib/python3/dist-packages/colcon_core/task/python/colcon_distutils_commands:/home/duy/Experiment/hrc_ws/install/experiment_logger/lib/python3.10/site-packages:/home/duy/Experiment/hrc_ws/install/human_hand_msgs/local/lib/python3.10/dist-packages:${PYTHONPATH} ROS_PACKAGE_PATH=/home/duy/Experiment/hrc_ws/install/human_hand_msgs/share /usr/bin/python3 -W ignore:setup.py install is deprecated -W ignore:easy_install command is deprecated setup.py develop --editable --build-directory /home/duy/Experiment/hrc_ws/build/experiment_logger/build --no-deps symlink_data --force
[3.557s] Level 1:colcon.colcon_core.shell:create_environment_hook('kinect_bridge', 'pythonpath_develop')
[3.557s] DEBUG:colcon.colcon_core.event_handler.log_command:Invoked command in '/home/duy/Experiment/hrc_ws/build/kinect_bridge' returned '0': CMAKE_PREFIX_PATH=/home/duy/Experiment/hrc_ws/install/human_hand_msgs:${CMAKE_PREFIX_PATH} LD_LIBRARY_PATH=/home/duy/Experiment/hrc_ws/install/human_hand_msgs/lib:${LD_LIBRARY_PATH} PKG_CONFIG_PATH=/home/duy/Experiment/hrc_ws/install/human_hand_msgs/lib/x86_64-linux-gnu/pkgconfig:/home/duy/Experiment/hrc_ws/install/human_hand_msgs/lib/pkgconfig PYTHONPATH=/home/duy/Experiment/hrc_ws/build/kinect_bridge/prefix_override:/usr/lib/python3/dist-packages/colcon_core/task/python/colcon_distutils_commands:/home/duy/Experiment/hrc_ws/install/kinect_bridge/lib/python3.10/site-packages:/home/duy/Experiment/hrc_ws/install/human_hand_msgs/local/lib/python3.10/dist-packages:${PYTHONPATH} ROS_PACKAGE_PATH=/home/duy/Experiment/hrc_ws/install/human_hand_msgs/share /usr/bin/python3 -W ignore:setup.py install is deprecated -W ignore:easy_install command is deprecated setup.py develop --editable --build-directory /home/duy/Experiment/hrc_ws/build/kinect_bridge/build --no-deps symlink_data --force
[3.558s] INFO:colcon.colcon_core.shell:Creating environment hook '/home/duy/Experiment/hrc_ws/build/kinect_bridge/share/kinect_bridge/hook/pythonpath_develop.ps1'
[3.559s] INFO:colcon.colcon_core.shell:Creating environment descriptor '/home/duy/Experiment/hrc_ws/build/kinect_bridge/share/kinect_bridge/hook/pythonpath_develop.dsv'
[3.560s] INFO:colcon.colcon_core.shell:Creating environment hook '/home/duy/Experiment/hrc_ws/build/kinect_bridge/share/kinect_bridge/hook/pythonpath_develop.sh'
[3.562s] Level 1:colcon.colcon_core.environment:checking '/home/duy/Experiment/hrc_ws/install/kinect_bridge' for CMake module files
[3.563s] Level 1:colcon.colcon_core.environment:checking '/home/duy/Experiment/hrc_ws/install/kinect_bridge' for CMake config files
[3.564s] Level 1:colcon.colcon_core.environment:checking '/home/duy/Experiment/hrc_ws/install/kinect_bridge/lib'
[3.564s] Level 1:colcon.colcon_core.environment:checking '/home/duy/Experiment/hrc_ws/install/kinect_bridge/bin'
[3.564s] Level 1:colcon.colcon_core.environment:checking '/home/duy/Experiment/hrc_ws/install/kinect_bridge/lib/pkgconfig/kinect_bridge.pc'
[3.565s] Level 1:colcon.colcon_core.environment:checking '/home/duy/Experiment/hrc_ws/install/kinect_bridge/lib/python3.10/site-packages'
[3.565s] Level 1:colcon.colcon_core.shell:create_environment_hook('kinect_bridge', 'pythonpath')
[3.565s] INFO:colcon.colcon_core.shell:Creating environment hook '/home/duy/Experiment/hrc_ws/install/kinect_bridge/share/kinect_bridge/hook/pythonpath.ps1'
[3.566s] INFO:colcon.colcon_core.shell:Creating environment descriptor '/home/duy/Experiment/hrc_ws/install/kinect_bridge/share/kinect_bridge/hook/pythonpath.dsv'
[3.566s] INFO:colcon.colcon_core.shell:Creating environment hook '/home/duy/Experiment/hrc_ws/install/kinect_bridge/share/kinect_bridge/hook/pythonpath.sh'
[3.567s] Level 1:colcon.colcon_core.environment:checking '/home/duy/Experiment/hrc_ws/install/kinect_bridge/bin'
[3.567s] Level 1:colcon.colcon_core.environment:create_environment_scripts_only(kinect_bridge)
[3.568s] INFO:colcon.colcon_core.shell:Creating package script '/home/duy/Experiment/hrc_ws/install/kinect_bridge/share/kinect_bridge/package.ps1'
[3.569s] INFO:colcon.colcon_core.shell:Creating package descriptor '/home/duy/Experiment/hrc_ws/install/kinect_bridge/share/kinect_bridge/package.dsv'
[3.569s] INFO:colcon.colcon_core.shell:Creating package script '/home/duy/Experiment/hrc_ws/install/kinect_bridge/share/kinect_bridge/package.sh'
[3.570s] INFO:colcon.colcon_core.shell:Creating package script '/home/duy/Experiment/hrc_ws/install/kinect_bridge/share/kinect_bridge/package.bash'
[3.570s] INFO:colcon.colcon_core.shell:Creating package script '/home/duy/Experiment/hrc_ws/install/kinect_bridge/share/kinect_bridge/package.zsh'
[3.571s] Level 1:colcon.colcon_core.environment:create_file_with_runtime_dependencies(/home/duy/Experiment/hrc_ws/install/kinect_bridge/share/colcon-core/packages/kinect_bridge)
[3.573s] Level 1:colcon.colcon_core.shell:create_environment_hook('predictor_ui', 'pythonpath_develop')
[3.574s] INFO:colcon.colcon_core.shell:Creating environment hook '/home/duy/Experiment/hrc_ws/build/predictor_ui/share/predictor_ui/hook/pythonpath_develop.ps1'
[3.574s] DEBUG:colcon.colcon_core.event_handler.log_command:Invoked command in '/home/duy/Experiment/hrc_ws/build/predictor_ui' returned '0': CMAKE_PREFIX_PATH=/home/duy/Experiment/hrc_ws/install/human_hand_msgs:${CMAKE_PREFIX_PATH} LD_LIBRARY_PATH=/home/duy/Experiment/hrc_ws/install/human_hand_msgs/lib:${LD_LIBRARY_PATH} PKG_CONFIG_PATH=/home/duy/Experiment/hrc_ws/install/human_hand_msgs/lib/x86_64-linux-gnu/pkgconfig:/home/duy/Experiment/hrc_ws/install/human_hand_msgs/lib/pkgconfig PYTHONPATH=/home/duy/Experiment/hrc_ws/build/predictor_ui/prefix_override:/usr/lib/python3/dist-packages/colcon_core/task/python/colcon_distutils_commands:/home/duy/Experiment/hrc_ws/install/predictor_ui/lib/python3.10/site-packages:/home/duy/Experiment/hrc_ws/install/human_hand_msgs/local/lib/python3.10/dist-packages:${PYTHONPATH} ROS_PACKAGE_PATH=/home/duy/Experiment/hrc_ws/install/human_hand_msgs/share /usr/bin/python3 -W ignore:setup.py install is deprecated -W ignore:easy_install command is deprecated setup.py develop --editable --build-directory /home/duy/Experiment/hrc_ws/build/predictor_ui/build --no-deps symlink_data --force
[3.575s] INFO:colcon.colcon_core.shell:Creating environment descriptor '/home/duy/Experiment/hrc_ws/build/predictor_ui/share/predictor_ui/hook/pythonpath_develop.dsv'
[3.576s] INFO:colcon.colcon_core.shell:Creating environment hook '/home/duy/Experiment/hrc_ws/build/predictor_ui/share/predictor_ui/hook/pythonpath_develop.sh'
[3.577s] Level 1:colcon.colcon_core.environment:checking '/home/duy/Experiment/hrc_ws/install/predictor_ui' for CMake module files
[3.578s] Level 1:colcon.colcon_core.environment:checking '/home/duy/Experiment/hrc_ws/install/predictor_ui' for CMake config files
[3.579s] Level 1:colcon.colcon_core.environment:checking '/home/duy/Experiment/hrc_ws/install/predictor_ui/lib'
[3.579s] Level 1:colcon.colcon_core.environment:checking '/home/duy/Experiment/hrc_ws/install/predictor_ui/bin'
[3.579s] Level 1:colcon.colcon_core.environment:checking '/home/duy/Experiment/hrc_ws/install/predictor_ui/lib/pkgconfig/predictor_ui.pc'
[3.580s] Level 1:colcon.colcon_core.environment:checking '/home/duy/Experiment/hrc_ws/install/predictor_ui/lib/python3.10/site-packages'
[3.580s] Level 1:colcon.colcon_core.shell:create_environment_hook('predictor_ui', 'pythonpath')
[3.580s] INFO:colcon.colcon_core.shell:Creating environment hook '/home/duy/Experiment/hrc_ws/install/predictor_ui/share/predictor_ui/hook/pythonpath.ps1'
[3.581s] INFO:colcon.colcon_core.shell:Creating environment descriptor '/home/duy/Experiment/hrc_ws/install/predictor_ui/share/predictor_ui/hook/pythonpath.dsv'
[3.582s] INFO:colcon.colcon_core.shell:Creating environment hook '/home/duy/Experiment/hrc_ws/install/predictor_ui/share/predictor_ui/hook/pythonpath.sh'
[3.583s] Level 1:colcon.colcon_core.environment:checking '/home/duy/Experiment/hrc_ws/install/predictor_ui/bin'
[3.583s] Level 1:colcon.colcon_core.environment:create_environment_scripts_only(predictor_ui)
[3.583s] INFO:colcon.colcon_core.shell:Creating package script '/home/duy/Experiment/hrc_ws/install/predictor_ui/share/predictor_ui/package.ps1'
[3.584s] INFO:colcon.colcon_core.shell:Creating package descriptor '/home/duy/Experiment/hrc_ws/install/predictor_ui/share/predictor_ui/package.dsv'
[3.585s] INFO:colcon.colcon_core.shell:Creating package script '/home/duy/Experiment/hrc_ws/install/predictor_ui/share/predictor_ui/package.sh'
[3.585s] INFO:colcon.colcon_core.shell:Creating package script '/home/duy/Experiment/hrc_ws/install/predictor_ui/share/predictor_ui/package.bash'
[3.585s] INFO:colcon.colcon_core.shell:Creating package script '/home/duy/Experiment/hrc_ws/install/predictor_ui/share/predictor_ui/package.zsh'
[3.586s] Level 1:colcon.colcon_core.environment:create_file_with_runtime_dependencies(/home/duy/Experiment/hrc_ws/install/predictor_ui/share/colcon-core/packages/predictor_ui)
[3.586s] Level 1:colcon.colcon_core.shell:create_environment_hook('trajectory_predictor', 'pythonpath_develop')
[3.586s] INFO:colcon.colcon_core.shell:Creating environment hook '/home/duy/Experiment/hrc_ws/build/trajectory_predictor/share/trajectory_predictor/hook/pythonpath_develop.ps1'
[3.587s] INFO:colcon.colcon_core.shell:Creating environment descriptor '/home/duy/Experiment/hrc_ws/build/trajectory_predictor/share/trajectory_predictor/hook/pythonpath_develop.dsv'
[3.588s] DEBUG:colcon.colcon_core.event_handler.log_command:Invoked command in '/home/duy/Experiment/hrc_ws/build/trajectory_predictor' returned '0': CMAKE_PREFIX_PATH=/home/duy/Experiment/hrc_ws/install/human_hand_msgs:${CMAKE_PREFIX_PATH} LD_LIBRARY_PATH=/home/duy/Experiment/hrc_ws/install/human_hand_msgs/lib:${LD_LIBRARY_PATH} PKG_CONFIG_PATH=/home/duy/Experiment/hrc_ws/install/human_hand_msgs/lib/x86_64-linux-gnu/pkgconfig:/home/duy/Experiment/hrc_ws/install/human_hand_msgs/lib/pkgconfig PYTHONPATH=/home/duy/Experiment/hrc_ws/build/trajectory_predictor/prefix_override:/usr/lib/python3/dist-packages/colcon_core/task/python/colcon_distutils_commands:/home/duy/Experiment/hrc_ws/install/trajectory_predictor/lib/python3.10/site-packages:/home/duy/Experiment/hrc_ws/install/human_hand_msgs/local/lib/python3.10/dist-packages:${PYTHONPATH} ROS_PACKAGE_PATH=/home/duy/Experiment/hrc_ws/install/human_hand_msgs/share /usr/bin/python3 -W ignore:setup.py install is deprecated -W ignore:easy_install command is deprecated setup.py develop --editable --build-directory /home/duy/Experiment/hrc_ws/build/trajectory_predictor/build --no-deps symlink_data --force
[3.588s] INFO:colcon.colcon_core.shell:Creating environment hook '/home/duy/Experiment/hrc_ws/build/trajectory_predictor/share/trajectory_predictor/hook/pythonpath_develop.sh'
[3.589s] Level 1:colcon.colcon_core.environment:checking '/home/duy/Experiment/hrc_ws/install/trajectory_predictor' for CMake module files
[3.589s] Level 1:colcon.colcon_core.environment:checking '/home/duy/Experiment/hrc_ws/install/trajectory_predictor' for CMake config files
[3.589s] Level 1:colcon.colcon_core.environment:checking '/home/duy/Experiment/hrc_ws/install/trajectory_predictor/lib'
[3.589s] Level 1:colcon.colcon_core.environment:checking '/home/duy/Experiment/hrc_ws/install/trajectory_predictor/bin'
[3.589s] Level 1:colcon.colcon_core.environment:checking '/home/duy/Experiment/hrc_ws/install/trajectory_predictor/lib/pkgconfig/trajectory_predictor.pc'
[3.589s] Level 1:colcon.colcon_core.environment:checking '/home/duy/Experiment/hrc_ws/install/trajectory_predictor/lib/python3.10/site-packages'
[3.590s] Level 1:colcon.colcon_core.shell:create_environment_hook('trajectory_predictor', 'pythonpath')
[3.590s] INFO:colcon.colcon_core.shell:Creating environment hook '/home/duy/Experiment/hrc_ws/install/trajectory_predictor/share/trajectory_predictor/hook/pythonpath.ps1'
[3.590s] INFO:colcon.colcon_core.shell:Creating environment descriptor '/home/duy/Experiment/hrc_ws/install/trajectory_predictor/share/trajectory_predictor/hook/pythonpath.dsv'
[3.590s] INFO:colcon.colcon_core.shell:Creating environment hook '/home/duy/Experiment/hrc_ws/install/trajectory_predictor/share/trajectory_predictor/hook/pythonpath.sh'
[3.590s] Level 1:colcon.colcon_core.environment:checking '/home/duy/Experiment/hrc_ws/install/trajectory_predictor/bin'
[3.590s] Level 1:colcon.colcon_core.environment:create_environment_scripts_only(trajectory_predictor)
[3.591s] INFO:colcon.colcon_core.shell:Creating package script '/home/duy/Experiment/hrc_ws/install/trajectory_predictor/share/trajectory_predictor/package.ps1'
[3.591s] INFO:colcon.colcon_core.shell:Creating package descriptor '/home/duy/Experiment/hrc_ws/install/trajectory_predictor/share/trajectory_predictor/package.dsv'
[3.591s] INFO:colcon.colcon_core.shell:Creating package script '/home/duy/Experiment/hrc_ws/install/trajectory_predictor/share/trajectory_predictor/package.sh'
[3.591s] INFO:colcon.colcon_core.shell:Creating package script '/home/duy/Experiment/hrc_ws/install/trajectory_predictor/share/trajectory_predictor/package.bash'
[3.592s] INFO:colcon.colcon_core.shell:Creating package script '/home/duy/Experiment/hrc_ws/install/trajectory_predictor/share/trajectory_predictor/package.zsh'
[3.592s] Level 1:colcon.colcon_core.environment:create_file_with_runtime_dependencies(/home/duy/Experiment/hrc_ws/install/trajectory_predictor/share/colcon-core/packages/trajectory_predictor)
[3.593s] Level 1:colcon.colcon_core.shell:create_environment_hook('experiment_logger', 'pythonpath_develop')
[3.594s] INFO:colcon.colcon_core.shell:Creating environment hook '/home/duy/Experiment/hrc_ws/build/experiment_logger/share/experiment_logger/hook/pythonpath_develop.ps1'
[3.595s] INFO:colcon.colcon_core.shell:Creating environment descriptor '/home/duy/Experiment/hrc_ws/build/experiment_logger/share/experiment_logger/hook/pythonpath_develop.dsv'
[3.596s] DEBUG:colcon.colcon_core.event_handler.log_command:Invoked command in '/home/duy/Experiment/hrc_ws/build/experiment_logger' returned '0': CMAKE_PREFIX_PATH=/home/duy/Experiment/hrc_ws/install/human_hand_msgs:${CMAKE_PREFIX_PATH} LD_LIBRARY_PATH=/home/duy/Experiment/hrc_ws/install/human_hand_msgs/lib:${LD_LIBRARY_PATH} PKG_CONFIG_PATH=/home/duy/Experiment/hrc_ws/install/human_hand_msgs/lib/x86_64-linux-gnu/pkgconfig:/home/duy/Experiment/hrc_ws/install/human_hand_msgs/lib/pkgconfig PYTHONPATH=/home/duy/Experiment/hrc_ws/build/experiment_logger/prefix_override:/usr/lib/python3/dist-packages/colcon_core/task/python/colcon_distutils_commands:/home/duy/Experiment/hrc_ws/install/experiment_logger/lib/python3.10/site-packages:/home/duy/Experiment/hrc_ws/install/human_hand_msgs/local/lib/python3.10/dist-packages:${PYTHONPATH} ROS_PACKAGE_PATH=/home/duy/Experiment/hrc_ws/install/human_hand_msgs/share /usr/bin/python3 -W ignore:setup.py install is deprecated -W ignore:easy_install command is deprecated setup.py develop --editable --build-directory /home/duy/Experiment/hrc_ws/build/experiment_logger/build --no-deps symlink_data --force
[3.596s] INFO:colcon.colcon_core.shell:Creating environment hook '/home/duy/Experiment/hrc_ws/build/experiment_logger/share/experiment_logger/hook/pythonpath_develop.sh'
[3.597s] Level 1:colcon.colcon_core.environment:checking '/home/duy/Experiment/hrc_ws/install/experiment_logger' for CMake module files
[3.597s] Level 1:colcon.colcon_core.environment:checking '/home/duy/Experiment/hrc_ws/install/experiment_logger' for CMake config files
[3.598s] Level 1:colcon.colcon_core.environment:checking '/home/duy/Experiment/hrc_ws/install/experiment_logger/lib'
[3.598s] Level 1:colcon.colcon_core.environment:checking '/home/duy/Experiment/hrc_ws/install/experiment_logger/bin'
[3.598s] Level 1:colcon.colcon_core.environment:checking '/home/duy/Experiment/hrc_ws/install/experiment_logger/lib/pkgconfig/experiment_logger.pc'
[3.598s] Level 1:colcon.colcon_core.environment:checking '/home/duy/Experiment/hrc_ws/install/experiment_logger/lib/python3.10/site-packages'
[3.598s] Level 1:colcon.colcon_core.shell:create_environment_hook('experiment_logger', 'pythonpath')
[3.598s] INFO:colcon.colcon_core.shell:Creating environment hook '/home/duy/Experiment/hrc_ws/install/experiment_logger/share/experiment_logger/hook/pythonpath.ps1'
[3.599s] INFO:colcon.colcon_core.shell:Creating environment descriptor '/home/duy/Experiment/hrc_ws/install/experiment_logger/share/experiment_logger/hook/pythonpath.dsv'
[3.599s] INFO:colcon.colcon_core.shell:Creating environment hook '/home/duy/Experiment/hrc_ws/install/experiment_logger/share/experiment_logger/hook/pythonpath.sh'
[3.599s] Level 1:colcon.colcon_core.environment:checking '/home/duy/Experiment/hrc_ws/install/experiment_logger/bin'
[3.599s] Level 1:colcon.colcon_core.environment:create_environment_scripts_only(experiment_logger)
[3.600s] INFO:colcon.colcon_core.shell:Creating package script '/home/duy/Experiment/hrc_ws/install/experiment_logger/share/experiment_logger/package.ps1'
[3.600s] INFO:colcon.colcon_core.shell:Creating package descriptor '/home/duy/Experiment/hrc_ws/install/experiment_logger/share/experiment_logger/package.dsv'
[3.600s] INFO:colcon.colcon_core.shell:Creating package script '/home/duy/Experiment/hrc_ws/install/experiment_logger/share/experiment_logger/package.sh'
[3.601s] INFO:colcon.colcon_core.shell:Creating package script '/home/duy/Experiment/hrc_ws/install/experiment_logger/share/experiment_logger/package.bash'
[3.601s] INFO:colcon.colcon_core.shell:Creating package script '/home/duy/Experiment/hrc_ws/install/experiment_logger/share/experiment_logger/package.zsh'
[3.601s] Level 1:colcon.colcon_core.environment:create_file_with_runtime_dependencies(/home/duy/Experiment/hrc_ws/install/experiment_logger/share/colcon-core/packages/experiment_logger)
[3.601s] INFO:colcon.colcon_ros.task.ament_cmake.build:Building ROS package in '/home/duy/Experiment/hrc_ws/src/hrc_bringup' with build type 'ament_cmake'
[3.602s] INFO:colcon.colcon_cmake.task.cmake.build:Building CMake package in '/home/duy/Experiment/hrc_ws/src/hrc_bringup'
[3.602s] INFO:colcon.colcon_core.shell:Skip shell extension 'powershell' for command environment: Not usable outside of PowerShell
[3.602s] DEBUG:colcon.colcon_core.shell:Skip shell extension 'dsv' for command environment
[3.617s] DEBUG:colcon.colcon_core.event_handler.log_command:Invoking command in '/home/duy/Experiment/hrc_ws/build/hrc_bringup': AMENT_PREFIX_PATH=/home/duy/Experiment/hrc_ws/install/trajectory_predictor:/home/duy/Experiment/hrc_ws/install/predictor_ui:/home/duy/Experiment/hrc_ws/install/kinect_bridge:/home/duy/Experiment/hrc_ws/install/experiment_logger:${AMENT_PREFIX_PATH} CMAKE_PREFIX_PATH=/opt/ros/humble:/home/duy/Experiment/hrc_ws/install/human_hand_msgs:${CMAKE_PREFIX_PATH} LD_LIBRARY_PATH=/home/duy/Experiment/hrc_ws/install/human_hand_msgs/lib:${LD_LIBRARY_PATH} PKG_CONFIG_PATH=/home/duy/Experiment/hrc_ws/install/human_hand_msgs/lib/x86_64-linux-gnu/pkgconfig:/home/duy/Experiment/hrc_ws/install/human_hand_msgs/lib/pkgconfig PYTHONPATH=/home/duy/Experiment/hrc_ws/build/trajectory_predictor:/home/duy/Experiment/hrc_ws/install/trajectory_predictor/lib/python3.10/site-packages:/home/duy/Experiment/hrc_ws/build/predictor_ui:/home/duy/Experiment/hrc_ws/install/predictor_ui/lib/python3.10/site-packages:/home/duy/Experiment/hrc_ws/build/kinect_bridge:/home/duy/Experiment/hrc_ws/install/kinect_bridge/lib/python3.10/site-packages:/home/duy/Experiment/hrc_ws/build/experiment_logger:/home/duy/Experiment/hrc_ws/install/experiment_logger/lib/python3.10/site-packages:/home/duy/Experiment/hrc_ws/install/human_hand_msgs/local/lib/python3.10/dist-packages:${PYTHONPATH} ROS_PACKAGE_PATH=/home/duy/Experiment/hrc_ws/install/human_hand_msgs/share /usr/bin/cmake /home/duy/Experiment/hrc_ws/src/hrc_bringup -DAMENT_CMAKE_SYMLINK_INSTALL=1 -DCMAKE_INSTALL_PREFIX=/home/duy/Experiment/hrc_ws/install/hrc_bringup
[3.806s] DEBUG:colcon.colcon_core.event_handler.log_command:Invoked command in '/home/duy/Experiment/hrc_ws/build/hrc_bringup' returned '0': AMENT_PREFIX_PATH=/home/duy/Experiment/hrc_ws/install/trajectory_predictor:/home/duy/Experiment/hrc_ws/install/predictor_ui:/home/duy/Experiment/hrc_ws/install/kinect_bridge:/home/duy/Experiment/hrc_ws/install/experiment_logger:${AMENT_PREFIX_PATH} CMAKE_PREFIX_PATH=/opt/ros/humble:/home/duy/Experiment/hrc_ws/install/human_hand_msgs:${CMAKE_PREFIX_PATH} LD_LIBRARY_PATH=/home/duy/Experiment/hrc_ws/install/human_hand_msgs/lib:${LD_LIBRARY_PATH} PKG_CONFIG_PATH=/home/duy/Experiment/hrc_ws/install/human_hand_msgs/lib/x86_64-linux-gnu/pkgconfig:/home/duy/Experiment/hrc_ws/install/human_hand_msgs/lib/pkgconfig PYTHONPATH=/home/duy/Experiment/hrc_ws/build/trajectory_predictor:/home/duy/Experiment/hrc_ws/install/trajectory_predictor/lib/python3.10/site-packages:/home/duy/Experiment/hrc_ws/build/predictor_ui:/home/duy/Experiment/hrc_ws/install/predictor_ui/lib/python3.10/site-packages:/home/duy/Experiment/hrc_ws/build/kinect_bridge:/home/duy/Experiment/hrc_ws/install/kinect_bridge/lib/python3.10/site-packages:/home/duy/Experiment/hrc_ws/build/experiment_logger:/home/duy/Experiment/hrc_ws/install/experiment_logger/lib/python3.10/site-packages:/home/duy/Experiment/hrc_ws/install/human_hand_msgs/local/lib/python3.10/dist-packages:${PYTHONPATH} ROS_PACKAGE_PATH=/home/duy/Experiment/hrc_ws/install/human_hand_msgs/share /usr/bin/cmake /home/duy/Experiment/hrc_ws/src/hrc_bringup -DAMENT_CMAKE_SYMLINK_INSTALL=1 -DCMAKE_INSTALL_PREFIX=/home/duy/Experiment/hrc_ws/install/hrc_bringup
[3.808s] DEBUG:colcon.colcon_core.event_handler.log_command:Invoking command in '/home/duy/Experiment/hrc_ws/build/hrc_bringup': AMENT_PREFIX_PATH=/home/duy/Experiment/hrc_ws/install/trajectory_predictor:/home/duy/Experiment/hrc_ws/install/predictor_ui:/home/duy/Experiment/hrc_ws/install/kinect_bridge:/home/duy/Experiment/hrc_ws/install/experiment_logger:${AMENT_PREFIX_PATH} CMAKE_PREFIX_PATH=/opt/ros/humble:/home/duy/Experiment/hrc_ws/install/human_hand_msgs:${CMAKE_PREFIX_PATH} LD_LIBRARY_PATH=/home/duy/Experiment/hrc_ws/install/human_hand_msgs/lib:${LD_LIBRARY_PATH} PKG_CONFIG_PATH=/home/duy/Experiment/hrc_ws/install/human_hand_msgs/lib/x86_64-linux-gnu/pkgconfig:/home/duy/Experiment/hrc_ws/install/human_hand_msgs/lib/pkgconfig PYTHONPATH=/home/duy/Experiment/hrc_ws/build/trajectory_predictor:/home/duy/Experiment/hrc_ws/install/trajectory_predictor/lib/python3.10/site-packages:/home/duy/Experiment/hrc_ws/build/predictor_ui:/home/duy/Experiment/hrc_ws/install/predictor_ui/lib/python3.10/site-packages:/home/duy/Experiment/hrc_ws/build/kinect_bridge:/home/duy/Experiment/hrc_ws/install/kinect_bridge/lib/python3.10/site-packages:/home/duy/Experiment/hrc_ws/build/experiment_logger:/home/duy/Experiment/hrc_ws/install/experiment_logger/lib/python3.10/site-packages:/home/duy/Experiment/hrc_ws/install/human_hand_msgs/local/lib/python3.10/dist-packages:${PYTHONPATH} ROS_PACKAGE_PATH=/home/duy/Experiment/hrc_ws/install/human_hand_msgs/share /usr/bin/cmake --build /home/duy/Experiment/hrc_ws/build/hrc_bringup -- -j16 -l16
[3.841s] DEBUG:colcon.colcon_core.event_handler.log_command:Invoked command in '/home/duy/Experiment/hrc_ws/build/hrc_bringup' returned '0': AMENT_PREFIX_PATH=/home/duy/Experiment/hrc_ws/install/trajectory_predictor:/home/duy/Experiment/hrc_ws/install/predictor_ui:/home/duy/Experiment/hrc_ws/install/kinect_bridge:/home/duy/Experiment/hrc_ws/install/experiment_logger:${AMENT_PREFIX_PATH} CMAKE_PREFIX_PATH=/opt/ros/humble:/home/duy/Experiment/hrc_ws/install/human_hand_msgs:${CMAKE_PREFIX_PATH} LD_LIBRARY_PATH=/home/duy/Experiment/hrc_ws/install/human_hand_msgs/lib:${LD_LIBRARY_PATH} PKG_CONFIG_PATH=/home/duy/Experiment/hrc_ws/install/human_hand_msgs/lib/x86_64-linux-gnu/pkgconfig:/home/duy/Experiment/hrc_ws/install/human_hand_msgs/lib/pkgconfig PYTHONPATH=/home/duy/Experiment/hrc_ws/build/trajectory_predictor:/home/duy/Experiment/hrc_ws/install/trajectory_predictor/lib/python3.10/site-packages:/home/duy/Experiment/hrc_ws/build/predictor_ui:/home/duy/Experiment/hrc_ws/install/predictor_ui/lib/python3.10/site-packages:/home/duy/Experiment/hrc_ws/build/kinect_bridge:/home/duy/Experiment/hrc_ws/install/kinect_bridge/lib/python3.10/site-packages:/home/duy/Experiment/hrc_ws/build/experiment_logger:/home/duy/Experiment/hrc_ws/install/experiment_logger/lib/python3.10/site-packages:/home/duy/Experiment/hrc_ws/install/human_hand_msgs/local/lib/python3.10/dist-packages:${PYTHONPATH} ROS_PACKAGE_PATH=/home/duy/Experiment/hrc_ws/install/human_hand_msgs/share /usr/bin/cmake --build /home/duy/Experiment/hrc_ws/build/hrc_bringup -- -j16 -l16
[3.843s] DEBUG:colcon.colcon_core.event_handler.log_command:Invoking command in '/home/duy/Experiment/hrc_ws/build/hrc_bringup': AMENT_PREFIX_PATH=/home/duy/Experiment/hrc_ws/install/trajectory_predictor:/home/duy/Experiment/hrc_ws/install/predictor_ui:/home/duy/Experiment/hrc_ws/install/kinect_bridge:/home/duy/Experiment/hrc_ws/install/experiment_logger:${AMENT_PREFIX_PATH} CMAKE_PREFIX_PATH=/opt/ros/humble:/home/duy/Experiment/hrc_ws/install/human_hand_msgs:${CMAKE_PREFIX_PATH} LD_LIBRARY_PATH=/home/duy/Experiment/hrc_ws/install/human_hand_msgs/lib:${LD_LIBRARY_PATH} PKG_CONFIG_PATH=/home/duy/Experiment/hrc_ws/install/human_hand_msgs/lib/x86_64-linux-gnu/pkgconfig:/home/duy/Experiment/hrc_ws/install/human_hand_msgs/lib/pkgconfig PYTHONPATH=/home/duy/Experiment/hrc_ws/build/trajectory_predictor:/home/duy/Experiment/hrc_ws/install/trajectory_predictor/lib/python3.10/site-packages:/home/duy/Experiment/hrc_ws/build/predictor_ui:/home/duy/Experiment/hrc_ws/install/predictor_ui/lib/python3.10/site-packages:/home/duy/Experiment/hrc_ws/build/kinect_bridge:/home/duy/Experiment/hrc_ws/install/kinect_bridge/lib/python3.10/site-packages:/home/duy/Experiment/hrc_ws/build/experiment_logger:/home/duy/Experiment/hrc_ws/install/experiment_logger/lib/python3.10/site-packages:/home/duy/Experiment/hrc_ws/install/human_hand_msgs/local/lib/python3.10/dist-packages:${PYTHONPATH} ROS_PACKAGE_PATH=/home/duy/Experiment/hrc_ws/install/human_hand_msgs/share /usr/bin/cmake --install /home/duy/Experiment/hrc_ws/build/hrc_bringup
[3.862s] Level 1:colcon.colcon_core.environment:create_environment_scripts_only(hrc_bringup)
[3.862s] Level 1:colcon.colcon_core.environment:checking '/home/duy/Experiment/hrc_ws/install/hrc_bringup' for CMake module files
[3.863s] DEBUG:colcon.colcon_core.event_handler.log_command:Invoked command in '/home/duy/Experiment/hrc_ws/build/hrc_bringup' returned '0': AMENT_PREFIX_PATH=/home/duy/Experiment/hrc_ws/install/trajectory_predictor:/home/duy/Experiment/hrc_ws/install/predictor_ui:/home/duy/Experiment/hrc_ws/install/kinect_bridge:/home/duy/Experiment/hrc_ws/install/experiment_logger:${AMENT_PREFIX_PATH} CMAKE_PREFIX_PATH=/opt/ros/humble:/home/duy/Experiment/hrc_ws/install/human_hand_msgs:${CMAKE_PREFIX_PATH} LD_LIBRARY_PATH=/home/duy/Experiment/hrc_ws/install/human_hand_msgs/lib:${LD_LIBRARY_PATH} PKG_CONFIG_PATH=/home/duy/Experiment/hrc_ws/install/human_hand_msgs/lib/x86_64-linux-gnu/pkgconfig:/home/duy/Experiment/hrc_ws/install/human_hand_msgs/lib/pkgconfig PYTHONPATH=/home/duy/Experiment/hrc_ws/build/trajectory_predictor:/home/duy/Experiment/hrc_ws/install/trajectory_predictor/lib/python3.10/site-packages:/home/duy/Experiment/hrc_ws/build/predictor_ui:/home/duy/Experiment/hrc_ws/install/predictor_ui/lib/python3.10/site-packages:/home/duy/Experiment/hrc_ws/build/kinect_bridge:/home/duy/Experiment/hrc_ws/install/kinect_bridge/lib/python3.10/site-packages:/home/duy/Experiment/hrc_ws/build/experiment_logger:/home/duy/Experiment/hrc_ws/install/experiment_logger/lib/python3.10/site-packages:/home/duy/Experiment/hrc_ws/install/human_hand_msgs/local/lib/python3.10/dist-packages:${PYTHONPATH} ROS_PACKAGE_PATH=/home/duy/Experiment/hrc_ws/install/human_hand_msgs/share /usr/bin/cmake --install /home/duy/Experiment/hrc_ws/build/hrc_bringup
[3.864s] Level 1:colcon.colcon_core.environment:checking '/home/duy/Experiment/hrc_ws/install/hrc_bringup' for CMake config files
[3.864s] Level 1:colcon.colcon_core.shell:create_environment_hook('hrc_bringup', 'cmake_prefix_path')
[3.864s] INFO:colcon.colcon_core.shell:Creating environment hook '/home/duy/Experiment/hrc_ws/install/hrc_bringup/share/hrc_bringup/hook/cmake_prefix_path.ps1'
[3.864s] INFO:colcon.colcon_core.shell:Creating environment descriptor '/home/duy/Experiment/hrc_ws/install/hrc_bringup/share/hrc_bringup/hook/cmake_prefix_path.dsv'
[3.864s] INFO:colcon.colcon_core.shell:Creating environment hook '/home/duy/Experiment/hrc_ws/install/hrc_bringup/share/hrc_bringup/hook/cmake_prefix_path.sh'
[3.865s] Level 1:colcon.colcon_core.environment:checking '/home/duy/Experiment/hrc_ws/install/hrc_bringup/bin'
[3.865s] Level 1:colcon.colcon_core.environment:checking '/home/duy/Experiment/hrc_ws/install/hrc_bringup/lib/pkgconfig/hrc_bringup.pc'
[3.865s] Level 1:colcon.colcon_core.environment:checking '/home/duy/Experiment/hrc_ws/install/hrc_bringup/lib/python3.10/site-packages'
[3.865s] Level 1:colcon.colcon_core.environment:checking '/home/duy/Experiment/hrc_ws/install/hrc_bringup/bin'
[3.865s] INFO:colcon.colcon_core.shell:Creating package script '/home/duy/Experiment/hrc_ws/install/hrc_bringup/share/hrc_bringup/package.ps1'
[3.866s] INFO:colcon.colcon_core.shell:Creating package descriptor '/home/duy/Experiment/hrc_ws/install/hrc_bringup/share/hrc_bringup/package.dsv'
[3.866s] INFO:colcon.colcon_core.shell:Creating package script '/home/duy/Experiment/hrc_ws/install/hrc_bringup/share/hrc_bringup/package.sh'
[3.866s] INFO:colcon.colcon_core.shell:Creating package script '/home/duy/Experiment/hrc_ws/install/hrc_bringup/share/hrc_bringup/package.bash'
[3.866s] INFO:colcon.colcon_core.shell:Creating package script '/home/duy/Experiment/hrc_ws/install/hrc_bringup/share/hrc_bringup/package.zsh'
[3.867s] Level 1:colcon.colcon_core.environment:create_file_with_runtime_dependencies(/home/duy/Experiment/hrc_ws/install/hrc_bringup/share/colcon-core/packages/hrc_bringup)
[3.867s] Level 1:colcon.colcon_core.environment:create_environment_scripts_only(hrc_bringup)
[3.867s] Level 1:colcon.colcon_core.environment:checking '/home/duy/Experiment/hrc_ws/install/hrc_bringup' for CMake module files
[3.867s] Level 1:colcon.colcon_core.environment:checking '/home/duy/Experiment/hrc_ws/install/hrc_bringup' for CMake config files
[3.867s] Level 1:colcon.colcon_core.shell:create_environment_hook('hrc_bringup', 'cmake_prefix_path')
[3.868s] INFO:colcon.colcon_core.shell:Creating environment hook '/home/duy/Experiment/hrc_ws/install/hrc_bringup/share/hrc_bringup/hook/cmake_prefix_path.ps1'
[3.868s] INFO:colcon.colcon_core.shell:Creating environment descriptor '/home/duy/Experiment/hrc_ws/install/hrc_bringup/share/hrc_bringup/hook/cmake_prefix_path.dsv'
[3.868s] INFO:colcon.colcon_core.shell:Creating environment hook '/home/duy/Experiment/hrc_ws/install/hrc_bringup/share/hrc_bringup/hook/cmake_prefix_path.sh'
[3.868s] Level 1:colcon.colcon_core.environment:checking '/home/duy/Experiment/hrc_ws/install/hrc_bringup/bin'
[3.868s] Level 1:colcon.colcon_core.environment:checking '/home/duy/Experiment/hrc_ws/install/hrc_bringup/lib/pkgconfig/hrc_bringup.pc'
[3.869s] Level 1:colcon.colcon_core.environment:checking '/home/duy/Experiment/hrc_ws/install/hrc_bringup/lib/python3.10/site-packages'
[3.869s] Level 1:colcon.colcon_core.environment:checking '/home/duy/Experiment/hrc_ws/install/hrc_bringup/bin'
[3.869s] INFO:colcon.colcon_core.shell:Creating package script '/home/duy/Experiment/hrc_ws/install/hrc_bringup/share/hrc_bringup/package.ps1'
[3.869s] INFO:colcon.colcon_core.shell:Creating package descriptor '/home/duy/Experiment/hrc_ws/install/hrc_bringup/share/hrc_bringup/package.dsv'
[3.869s] INFO:colcon.colcon_core.shell:Creating package script '/home/duy/Experiment/hrc_ws/install/hrc_bringup/share/hrc_bringup/package.sh'
[3.870s] INFO:colcon.colcon_core.shell:Creating package script '/home/duy/Experiment/hrc_ws/install/hrc_bringup/share/hrc_bringup/package.bash'
[3.870s] INFO:colcon.colcon_core.shell:Creating package script '/home/duy/Experiment/hrc_ws/install/hrc_bringup/share/hrc_bringup/package.zsh'
[3.870s] Level 1:colcon.colcon_core.environment:create_file_with_runtime_dependencies(/home/duy/Experiment/hrc_ws/install/hrc_bringup/share/colcon-core/packages/hrc_bringup)
[3.870s] DEBUG:colcon.colcon_parallel_executor.executor.parallel:closing loop
[3.870s] DEBUG:colcon.colcon_parallel_executor.executor.parallel:loop closed
[3.870s] DEBUG:colcon.colcon_parallel_executor.executor.parallel:run_until_complete finished with '0'
[3.870s] DEBUG:colcon.colcon_core.event_reactor:joining thread
[3.877s] INFO:colcon.colcon_core.plugin_system:Skipping extension 'colcon_notification.desktop_notification.terminal_notifier': Not used on non-Darwin systems
[3.877s] INFO:colcon.colcon_core.plugin_system:Skipping extension 'colcon_notification.desktop_notification.win32': Not used on non-Windows systems
[3.877s] INFO:colcon.colcon_notification.desktop_notification:Sending desktop notification using 'notify2'
[3.888s] DEBUG:colcon.colcon_core.event_reactor:joined thread
[3.889s] INFO:colcon.colcon_core.shell:Creating prefix script '/home/duy/Experiment/hrc_ws/install/local_setup.ps1'
[3.890s] INFO:colcon.colcon_core.shell:Creating prefix util module '/home/duy/Experiment/hrc_ws/install/_local_setup_util_ps1.py'
[3.891s] INFO:colcon.colcon_core.shell:Creating prefix chain script '/home/duy/Experiment/hrc_ws/install/setup.ps1'
[3.892s] INFO:colcon.colcon_core.shell:Creating prefix script '/home/duy/Experiment/hrc_ws/install/local_setup.sh'
[3.893s] INFO:colcon.colcon_core.shell:Creating prefix util module '/home/duy/Experiment/hrc_ws/install/_local_setup_util_sh.py'
[3.893s] INFO:colcon.colcon_core.shell:Creating prefix chain script '/home/duy/Experiment/hrc_ws/install/setup.sh'
[3.894s] INFO:colcon.colcon_core.shell:Creating prefix script '/home/duy/Experiment/hrc_ws/install/local_setup.bash'
[3.895s] INFO:colcon.colcon_core.shell:Creating prefix chain script '/home/duy/Experiment/hrc_ws/install/setup.bash'
[3.897s] INFO:colcon.colcon_core.shell:Creating prefix script '/home/duy/Experiment/hrc_ws/install/local_setup.zsh'
[3.898s] INFO:colcon.colcon_core.shell:Creating prefix chain script '/home/duy/Experiment/hrc_ws/install/setup.zsh'
